-----------------------------------------------------------
Server listening on 5201
-----------------------------------------------------------
Accepted connection from 10.0.2.5, port 39474
[  6] local 10.0.4.30 port 5201 connected to 10.0.2.5 port 1488
[  9] local 10.0.4.30 port 5201 connected to 10.0.2.5 port 1489
[ ID] Interval           Transfer     Bitrate
[  6]   0.00-1.00   sec  68.5 MBytes   575 Mbits/sec                  
[  9]   0.00-1.00   sec  62.6 MBytes   525 Mbits/sec                  
[SUM]   0.00-1.00   sec   131 MBytes  1.10 Gbits/sec                  
- - - - - - - - - - - - - - - - - - - - - - - - -
[  6]   1.00-2.00   sec  62.3 MBytes   523 Mbits/sec                  
[  9]   1.00-2.00   sec  56.5 MBytes   474 Mbits/sec                  
[SUM]   1.00-2.00   sec   119 MBytes   997 Mbits/sec                  
- - - - - - - - - - - - - - - - - - - - - - - - -
[  6]   2.00-3.00   sec  74.8 MBytes   627 Mbits/sec                  
[  9]   2.00-3.00   sec  55.3 MBytes   464 Mbits/sec                  
[SUM]   2.00-3.00   sec   130 MBytes  1.09 Gbits/sec                  
- - - - - - - - - - - - - - - - - - - - - - - - -
[  6]   3.00-4.00   sec  80.5 MBytes   675 Mbits/sec                  
[  9]   3.00-4.00   sec  52.1 MBytes   437 Mbits/sec                  
[SUM]   3.00-4.00   sec   133 MBytes  1.11 Gbits/sec                  
- - - - - - - - - - - - - - - - - - - - - - - - -
[  6]   4.00-5.00   sec  81.5 MBytes   684 Mbits/sec                  
[  9]   4.00-5.00   sec  56.8 MBytes   476 Mbits/sec                  
[SUM]   4.00-5.00   sec   138 MBytes  1.16 Gbits/sec                  
- - - - - - - - - - - - - - - - - - - - - - - - -
[  6]   5.00-6.00   sec  93.4 MBytes   783 Mbits/sec                  
[  9]   5.00-6.00   sec  51.6 MBytes   433 Mbits/sec                  
[SUM]   5.00-6.00   sec   145 MBytes  1.22 Gbits/sec                  
- - - - - - - - - - - - - - - - - - - - - - - - -
[  6]   6.00-7.00   sec  96.2 MBytes   807 Mbits/sec                  
[  9]   6.00-7.00   sec  51.3 MBytes   430 Mbits/sec                  
[SUM]   6.00-7.00   sec   147 MBytes  1.24 Gbits/sec                  
- - - - - - - - - - - - - - - - - - - - - - - - -
[  6]   7.00-8.00   sec   104 MBytes   871 Mbits/sec                  
[  9]   7.00-8.00   sec  41.1 MBytes   345 Mbits/sec                  
[SUM]   7.00-8.00   sec   145 MBytes  1.22 Gbits/sec                  
- - - - - - - - - - - - - - - - - - - - - - - - -
[  6]   8.00-9.00   sec   112 MBytes   943 Mbits/sec                  
[  9]   8.00-9.00   sec  34.4 MBytes   289 Mbits/sec                  
[SUM]   8.00-9.00   sec   147 MBytes  1.23 Gbits/sec                  
- - - - - - - - - - - - - - - - - - - - - - - - -
[  6]   9.00-10.00  sec   112 MBytes   936 Mbits/sec                  
[  9]   9.00-10.00  sec  34.2 MBytes   287 Mbits/sec                  
[SUM]   9.00-10.00  sec   146 MBytes  1.22 Gbits/sec                  
- - - - - - - - - - - - - - - - - - - - - - - - -
[  6]  10.00-11.00  sec   112 MBytes   938 Mbits/sec                  
[  9]  10.00-11.00  sec  29.0 MBytes   243 Mbits/sec                  
[SUM]  10.00-11.00  sec   141 MBytes  1.18 Gbits/sec                  
- - - - - - - - - - - - - - - - - - - - - - - - -
[  6]  11.00-12.00  sec   105 MBytes   884 Mbits/sec                  
[  9]  11.00-12.00  sec  40.4 MBytes   339 Mbits/sec                  
[SUM]  11.00-12.00  sec   146 MBytes  1.22 Gbits/sec                  
- - - - - - - - - - - - - - - - - - - - - - - - -
[  6]  12.00-13.00  sec  94.5 MBytes   793 Mbits/sec                  
[  9]  12.00-13.00  sec  38.9 MBytes   327 Mbits/sec                  
[SUM]  12.00-13.00  sec   133 MBytes  1.12 Gbits/sec                  
- - - - - - - - - - - - - - - - - - - - - - - - -
[  6]  13.00-14.00  sec  92.5 MBytes   776 Mbits/sec                  
[  9]  13.00-14.00  sec  33.2 MBytes   279 Mbits/sec                  
[SUM]  13.00-14.00  sec   126 MBytes  1.06 Gbits/sec                  
- - - - - - - - - - - - - - - - - - - - - - - - -
[  6]  14.00-15.00  sec   100 MBytes   842 Mbits/sec                  
[  9]  14.00-15.00  sec  33.2 MBytes   278 Mbits/sec                  
[SUM]  14.00-15.00  sec   134 MBytes  1.12 Gbits/sec                  
- - - - - - - - - - - - - - - - - - - - - - - - -
[  6]  15.00-16.00  sec   105 MBytes   884 Mbits/sec                  
[  9]  15.00-16.00  sec  39.4 MBytes   330 Mbits/sec                  
[SUM]  15.00-16.00  sec   145 MBytes  1.21 Gbits/sec                  
- - - - - - - - - - - - - - - - - - - - - - - - -
[  6]  16.00-17.00  sec   103 MBytes   868 Mbits/sec                  
[  9]  16.00-17.00  sec  42.6 MBytes   357 Mbits/sec                  
[SUM]  16.00-17.00  sec   146 MBytes  1.22 Gbits/sec                  
- - - - - - - - - - - - - - - - - - - - - - - - -
[  6]  17.00-18.00  sec   100 MBytes   843 Mbits/sec                  
[  9]  17.00-18.00  sec  43.7 MBytes   367 Mbits/sec                  
[SUM]  17.00-18.00  sec   144 MBytes  1.21 Gbits/sec                  
- - - - - - - - - - - - - - - - - - - - - - - - -
[  6]  18.00-19.00  sec   107 MBytes   901 Mbits/sec                  
[  9]  18.00-19.00  sec  36.2 MBytes   304 Mbits/sec                  
[SUM]  18.00-19.00  sec   144 MBytes  1.20 Gbits/sec                  
- - - - - - - - - - - - - - - - - - - - - - - - -
[  6]  19.00-20.00  sec   111 MBytes   928 Mbits/sec                  
[  9]  19.00-20.00  sec  36.9 MBytes   309 Mbits/sec                  
[SUM]  19.00-20.00  sec   148 MBytes  1.24 Gbits/sec                  
- - - - - - - - - - - - - - - - - - - - - - - - -
[  6]  20.00-21.00  sec   115 MBytes   965 Mbits/sec                  
[  9]  20.00-21.00  sec  31.7 MBytes   266 Mbits/sec                  
[SUM]  20.00-21.00  sec   147 MBytes  1.23 Gbits/sec                  
- - - - - - - - - - - - - - - - - - - - - - - - -
[  6]  21.00-22.00  sec   110 MBytes   922 Mbits/sec                  
[  9]  21.00-22.00  sec  27.9 MBytes   234 Mbits/sec                  
[SUM]  21.00-22.00  sec   138 MBytes  1.16 Gbits/sec                  
- - - - - - - - - - - - - - - - - - - - - - - - -
[  6]  22.00-23.00  sec  95.0 MBytes   799 Mbits/sec                  
[  9]  22.00-23.00  sec  31.8 MBytes   267 Mbits/sec                  
[SUM]  22.00-23.00  sec   127 MBytes  1.07 Gbits/sec                  
- - - - - - - - - - - - - - - - - - - - - - - - -
[  6]  23.00-24.00  sec  95.9 MBytes   804 Mbits/sec                  
[  9]  23.00-24.00  sec  33.9 MBytes   284 Mbits/sec                  
[SUM]  23.00-24.00  sec   130 MBytes  1.09 Gbits/sec                  
- - - - - - - - - - - - - - - - - - - - - - - - -
[  6]  24.00-25.00  sec   103 MBytes   860 Mbits/sec                  
[  9]  24.00-25.00  sec  29.9 MBytes   250 Mbits/sec                  
[SUM]  24.00-25.00  sec   132 MBytes  1.11 Gbits/sec                  
- - - - - - - - - - - - - - - - - - - - - - - - -
[  6]  25.00-26.00  sec   119 MBytes   997 Mbits/sec                  
[  9]  25.00-26.00  sec  25.3 MBytes   212 Mbits/sec                  
[SUM]  25.00-26.00  sec   144 MBytes  1.21 Gbits/sec                  
- - - - - - - - - - - - - - - - - - - - - - - - -
[  6]  26.00-27.00  sec   116 MBytes   975 Mbits/sec                  
[  9]  26.00-27.00  sec  27.2 MBytes   228 Mbits/sec                  
[SUM]  26.00-27.00  sec   143 MBytes  1.20 Gbits/sec                  
- - - - - - - - - - - - - - - - - - - - - - - - -
[  6]  27.00-28.00  sec   116 MBytes   974 Mbits/sec                  
[  9]  27.00-28.00  sec  18.8 MBytes   157 Mbits/sec                  
[SUM]  27.00-28.00  sec   135 MBytes  1.13 Gbits/sec                  
- - - - - - - - - - - - - - - - - - - - - - - - -
[  6]  28.00-29.00  sec   123 MBytes  1.03 Gbits/sec                  
[  9]  28.00-29.00  sec  23.8 MBytes   200 Mbits/sec                  
[SUM]  28.00-29.00  sec   146 MBytes  1.23 Gbits/sec                  
- - - - - - - - - - - - - - - - - - - - - - - - -
[  6]  29.00-30.00  sec   116 MBytes   975 Mbits/sec                  
[  9]  29.00-30.00  sec  28.4 MBytes   238 Mbits/sec                  
[SUM]  29.00-30.00  sec   145 MBytes  1.21 Gbits/sec                  
- - - - - - - - - - - - - - - - - - - - - - - - -
[  6]  30.00-31.00  sec   100 MBytes   840 Mbits/sec                  
[  9]  30.00-31.00  sec  24.4 MBytes   204 Mbits/sec                  
[SUM]  30.00-31.00  sec   124 MBytes  1.04 Gbits/sec                  
- - - - - - - - - - - - - - - - - - - - - - - - -
[  6]  31.00-32.00  sec   114 MBytes   955 Mbits/sec                  
[  9]  31.00-32.00  sec  26.3 MBytes   221 Mbits/sec                  
[SUM]  31.00-32.00  sec   140 MBytes  1.18 Gbits/sec                  
- - - - - - - - - - - - - - - - - - - - - - - - -
[  6]  32.00-33.00  sec   101 MBytes   845 Mbits/sec                  
[  9]  32.00-33.00  sec  26.4 MBytes   221 Mbits/sec                  
[SUM]  32.00-33.00  sec   127 MBytes  1.07 Gbits/sec                  
- - - - - - - - - - - - - - - - - - - - - - - - -
[  6]  33.00-34.00  sec  94.6 MBytes   793 Mbits/sec                  
[  9]  33.00-34.00  sec  24.4 MBytes   205 Mbits/sec                  
[SUM]  33.00-34.00  sec   119 MBytes   998 Mbits/sec                  
- - - - - - - - - - - - - - - - - - - - - - - - -
[  6]  34.00-35.00  sec  91.2 MBytes   765 Mbits/sec                  
[  9]  34.00-35.00  sec  20.8 MBytes   175 Mbits/sec                  
[SUM]  34.00-35.00  sec   112 MBytes   940 Mbits/sec                  
- - - - - - - - - - - - - - - - - - - - - - - - -
[  6]  35.00-36.00  sec   114 MBytes   953 Mbits/sec                  
[  9]  35.00-36.00  sec  29.2 MBytes   245 Mbits/sec                  
[SUM]  35.00-36.00  sec   143 MBytes  1.20 Gbits/sec                  
- - - - - - - - - - - - - - - - - - - - - - - - -
[  6]  36.00-37.00  sec   106 MBytes   893 Mbits/sec                  
[  9]  36.00-37.00  sec  30.8 MBytes   259 Mbits/sec                  
[SUM]  36.00-37.00  sec   137 MBytes  1.15 Gbits/sec                  
- - - - - - - - - - - - - - - - - - - - - - - - -
[  6]  37.00-38.00  sec  90.3 MBytes   758 Mbits/sec                  
[  9]  37.00-38.00  sec  26.7 MBytes   224 Mbits/sec                  
[SUM]  37.00-38.00  sec   117 MBytes   981 Mbits/sec                  
- - - - - - - - - - - - - - - - - - - - - - - - -
[  6]  38.00-39.00  sec   103 MBytes   867 Mbits/sec                  
[  9]  38.00-39.00  sec  21.0 MBytes   176 Mbits/sec                  
[SUM]  38.00-39.00  sec   124 MBytes  1.04 Gbits/sec                  
- - - - - - - - - - - - - - - - - - - - - - - - -
[  6]  39.00-40.00  sec   107 MBytes   900 Mbits/sec                  
[  9]  39.00-40.00  sec  22.6 MBytes   189 Mbits/sec                  
[SUM]  39.00-40.00  sec   130 MBytes  1.09 Gbits/sec                  
- - - - - - - - - - - - - - - - - - - - - - - - -
[  6]  40.00-41.00  sec   106 MBytes   890 Mbits/sec                  
[  9]  40.00-41.00  sec  27.6 MBytes   232 Mbits/sec                  
[SUM]  40.00-41.00  sec   134 MBytes  1.12 Gbits/sec                  
- - - - - - - - - - - - - - - - - - - - - - - - -
[  6]  41.00-42.00  sec   100 MBytes   841 Mbits/sec                  
[  9]  41.00-42.00  sec  30.0 MBytes   252 Mbits/sec                  
[SUM]  41.00-42.00  sec   130 MBytes  1.09 Gbits/sec                  
- - - - - - - - - - - - - - - - - - - - - - - - -
[  6]  42.00-43.00  sec  96.2 MBytes   807 Mbits/sec                  
[  9]  42.00-43.00  sec  32.6 MBytes   274 Mbits/sec                  
[SUM]  42.00-43.00  sec   129 MBytes  1.08 Gbits/sec                  
- - - - - - - - - - - - - - - - - - - - - - - - -
[  6]  43.00-44.00  sec  88.7 MBytes   744 Mbits/sec                  
[  9]  43.00-44.00  sec  31.9 MBytes   268 Mbits/sec                  
[SUM]  43.00-44.00  sec   121 MBytes  1.01 Gbits/sec                  
- - - - - - - - - - - - - - - - - - - - - - - - -
[  6]  44.00-45.00  sec  93.8 MBytes   787 Mbits/sec                  
[  9]  44.00-45.00  sec  25.8 MBytes   216 Mbits/sec                  
[SUM]  44.00-45.00  sec   120 MBytes  1.00 Gbits/sec                  
- - - - - - - - - - - - - - - - - - - - - - - - -
[  6]  45.00-46.00  sec  66.1 MBytes   555 Mbits/sec                  
[  9]  45.00-46.00  sec  19.4 MBytes   163 Mbits/sec                  
[SUM]  45.00-46.00  sec  85.5 MBytes   717 Mbits/sec                  
- - - - - - - - - - - - - - - - - - - - - - - - -
[  6]  46.00-47.00  sec  80.6 MBytes   676 Mbits/sec                  
[  9]  46.00-47.00  sec  24.5 MBytes   206 Mbits/sec                  
[SUM]  46.00-47.00  sec   105 MBytes   882 Mbits/sec                  
- - - - - - - - - - - - - - - - - - - - - - - - -
[  6]  47.00-48.00  sec   105 MBytes   879 Mbits/sec                  
[  9]  47.00-48.00  sec  34.7 MBytes   291 Mbits/sec                  
[SUM]  47.00-48.00  sec   140 MBytes  1.17 Gbits/sec                  
- - - - - - - - - - - - - - - - - - - - - - - - -
[  6]  48.00-49.00  sec   104 MBytes   875 Mbits/sec                  
[  9]  48.00-49.00  sec  38.7 MBytes   325 Mbits/sec                  
[SUM]  48.00-49.00  sec   143 MBytes  1.20 Gbits/sec                  
- - - - - - - - - - - - - - - - - - - - - - - - -
[  6]  49.00-50.00  sec   107 MBytes   893 Mbits/sec                  
[  9]  49.00-50.00  sec  32.0 MBytes   268 Mbits/sec                  
[SUM]  49.00-50.00  sec   139 MBytes  1.16 Gbits/sec                  
- - - - - - - - - - - - - - - - - - - - - - - - -
[  6]  50.00-51.00  sec   106 MBytes   890 Mbits/sec                  
[  9]  50.00-51.00  sec  34.4 MBytes   289 Mbits/sec                  
[SUM]  50.00-51.00  sec   140 MBytes  1.18 Gbits/sec                  
- - - - - - - - - - - - - - - - - - - - - - - - -
[  6]  51.00-52.00  sec   101 MBytes   847 Mbits/sec                  
[  9]  51.00-52.00  sec  32.8 MBytes   275 Mbits/sec                  
[SUM]  51.00-52.00  sec   134 MBytes  1.12 Gbits/sec                  
- - - - - - - - - - - - - - - - - - - - - - - - -
[  6]  52.00-53.00  sec  96.1 MBytes   806 Mbits/sec                  
[  9]  52.00-53.00  sec  26.8 MBytes   225 Mbits/sec                  
[SUM]  52.00-53.00  sec   123 MBytes  1.03 Gbits/sec                  
- - - - - - - - - - - - - - - - - - - - - - - - -
[  6]  53.00-54.00  sec  94.6 MBytes   794 Mbits/sec                  
[  9]  53.00-54.00  sec  31.6 MBytes   265 Mbits/sec                  
[SUM]  53.00-54.00  sec   126 MBytes  1.06 Gbits/sec                  
- - - - - - - - - - - - - - - - - - - - - - - - -
[  6]  54.00-55.00  sec  89.2 MBytes   748 Mbits/sec                  
[  9]  54.00-55.00  sec  34.5 MBytes   289 Mbits/sec                  
[SUM]  54.00-55.00  sec   124 MBytes  1.04 Gbits/sec                  
- - - - - - - - - - - - - - - - - - - - - - - - -
[  6]  55.00-56.00  sec   101 MBytes   842 Mbits/sec                  
[  9]  55.00-56.00  sec  43.0 MBytes   360 Mbits/sec                  
[SUM]  55.00-56.00  sec   144 MBytes  1.20 Gbits/sec                  
- - - - - - - - - - - - - - - - - - - - - - - - -
[  6]  56.00-57.00  sec  93.5 MBytes   787 Mbits/sec                  
[  9]  56.00-57.00  sec  43.3 MBytes   364 Mbits/sec                  
[SUM]  56.00-57.00  sec   137 MBytes  1.15 Gbits/sec                  
- - - - - - - - - - - - - - - - - - - - - - - - -
[  6]  57.00-58.00  sec  89.0 MBytes   747 Mbits/sec                  
[  9]  57.00-58.00  sec  41.6 MBytes   349 Mbits/sec                  
[SUM]  57.00-58.00  sec   131 MBytes  1.10 Gbits/sec                  
- - - - - - - - - - - - - - - - - - - - - - - - -
[  6]  58.00-59.00  sec   106 MBytes   885 Mbits/sec                  
[  9]  58.00-59.00  sec  38.5 MBytes   323 Mbits/sec                  
[SUM]  58.00-59.00  sec   144 MBytes  1.21 Gbits/sec                  
- - - - - - - - - - - - - - - - - - - - - - - - -
[  6]  59.00-60.00  sec  94.4 MBytes   792 Mbits/sec                  
[  9]  59.00-60.00  sec  36.8 MBytes   309 Mbits/sec                  
[SUM]  59.00-60.00  sec   131 MBytes  1.10 Gbits/sec                  
- - - - - - - - - - - - - - - - - - - - - - - - -
[  6]  60.00-61.00  sec   105 MBytes   878 Mbits/sec                  
[  9]  60.00-61.00  sec  31.1 MBytes   261 Mbits/sec                  
[SUM]  60.00-61.00  sec   136 MBytes  1.14 Gbits/sec                  
- - - - - - - - - - - - - - - - - - - - - - - - -
[  6]  61.00-62.00  sec   102 MBytes   857 Mbits/sec                  
[  9]  61.00-62.00  sec  32.9 MBytes   276 Mbits/sec                  
[SUM]  61.00-62.00  sec   135 MBytes  1.13 Gbits/sec                  
- - - - - - - - - - - - - - - - - - - - - - - - -
[  6]  62.00-63.00  sec  96.2 MBytes   807 Mbits/sec                  
[  9]  62.00-63.00  sec  33.5 MBytes   281 Mbits/sec                  
[SUM]  62.00-63.00  sec   130 MBytes  1.09 Gbits/sec                  
- - - - - - - - - - - - - - - - - - - - - - - - -
[  6]  63.00-64.00  sec  87.5 MBytes   734 Mbits/sec                  
[  9]  63.00-64.00  sec  33.4 MBytes   280 Mbits/sec                  
[SUM]  63.00-64.00  sec   121 MBytes  1.01 Gbits/sec                  
- - - - - - - - - - - - - - - - - - - - - - - - -
[  6]  64.00-65.00  sec  89.0 MBytes   746 Mbits/sec                  
[  9]  64.00-65.00  sec  36.8 MBytes   309 Mbits/sec                  
[SUM]  64.00-65.00  sec   126 MBytes  1.06 Gbits/sec                  
- - - - - - - - - - - - - - - - - - - - - - - - -
[  6]  65.00-66.00  sec  98.6 MBytes   827 Mbits/sec                  
[  9]  65.00-66.00  sec  44.1 MBytes   370 Mbits/sec                  
[SUM]  65.00-66.00  sec   143 MBytes  1.20 Gbits/sec                  
- - - - - - - - - - - - - - - - - - - - - - - - -
[  6]  66.00-67.00  sec  97.4 MBytes   817 Mbits/sec                  
[  9]  66.00-67.00  sec  47.0 MBytes   395 Mbits/sec                  
[SUM]  66.00-67.00  sec   144 MBytes  1.21 Gbits/sec                  
- - - - - - - - - - - - - - - - - - - - - - - - -
[  6]  67.00-68.00  sec  92.4 MBytes   775 Mbits/sec                  
[  9]  67.00-68.00  sec  47.2 MBytes   396 Mbits/sec                  
[SUM]  67.00-68.00  sec   140 MBytes  1.17 Gbits/sec                  
- - - - - - - - - - - - - - - - - - - - - - - - -
[  6]  68.00-69.00  sec   102 MBytes   852 Mbits/sec                  
[  9]  68.00-69.00  sec  39.8 MBytes   334 Mbits/sec                  
[SUM]  68.00-69.00  sec   142 MBytes  1.19 Gbits/sec                  
- - - - - - - - - - - - - - - - - - - - - - - - -
[  6]  69.00-70.00  sec   105 MBytes   882 Mbits/sec                  
[  9]  69.00-70.00  sec  41.4 MBytes   348 Mbits/sec                  
[SUM]  69.00-70.00  sec   147 MBytes  1.23 Gbits/sec                  
- - - - - - - - - - - - - - - - - - - - - - - - -
[  6]  70.00-71.00  sec   109 MBytes   910 Mbits/sec                  
[  9]  70.00-71.00  sec  32.8 MBytes   275 Mbits/sec                  
[SUM]  70.00-71.00  sec   141 MBytes  1.19 Gbits/sec                  
- - - - - - - - - - - - - - - - - - - - - - - - -
[  6]  71.00-72.00  sec   108 MBytes   902 Mbits/sec                  
[  9]  71.00-72.00  sec  36.3 MBytes   305 Mbits/sec                  
[SUM]  71.00-72.00  sec   144 MBytes  1.21 Gbits/sec                  
- - - - - - - - - - - - - - - - - - - - - - - - -
[  6]  72.00-73.00  sec  98.4 MBytes   825 Mbits/sec                  
[  9]  72.00-73.00  sec  36.3 MBytes   304 Mbits/sec                  
[SUM]  72.00-73.00  sec   135 MBytes  1.13 Gbits/sec                  
- - - - - - - - - - - - - - - - - - - - - - - - -
[  6]  73.00-74.00  sec  98.7 MBytes   828 Mbits/sec                  
[  9]  73.00-74.00  sec  40.0 MBytes   336 Mbits/sec                  
[SUM]  73.00-74.00  sec   139 MBytes  1.16 Gbits/sec                  
- - - - - - - - - - - - - - - - - - - - - - - - -
[  6]  74.00-75.00  sec   101 MBytes   850 Mbits/sec                  
[  9]  74.00-75.00  sec  35.2 MBytes   295 Mbits/sec                  
[SUM]  74.00-75.00  sec   136 MBytes  1.15 Gbits/sec                  
- - - - - - - - - - - - - - - - - - - - - - - - -
[  6]  75.00-76.00  sec   101 MBytes   851 Mbits/sec                  
[  9]  75.00-76.00  sec  34.3 MBytes   288 Mbits/sec                  
[SUM]  75.00-76.00  sec   136 MBytes  1.14 Gbits/sec                  
- - - - - - - - - - - - - - - - - - - - - - - - -
[  6]  76.00-77.00  sec   111 MBytes   929 Mbits/sec                  
[  9]  76.00-77.00  sec  32.4 MBytes   272 Mbits/sec                  
[SUM]  76.00-77.00  sec   143 MBytes  1.20 Gbits/sec                  
- - - - - - - - - - - - - - - - - - - - - - - - -
[  6]  77.00-78.00  sec   118 MBytes   985 Mbits/sec                  
[  9]  77.00-78.00  sec  29.2 MBytes   244 Mbits/sec                  
[SUM]  77.00-78.00  sec   147 MBytes  1.23 Gbits/sec                  
- - - - - - - - - - - - - - - - - - - - - - - - -
[  6]  78.00-79.00  sec   125 MBytes  1.05 Gbits/sec                  
[  9]  78.00-79.00  sec  24.9 MBytes   209 Mbits/sec                  
[SUM]  78.00-79.00  sec   150 MBytes  1.26 Gbits/sec                  
- - - - - - - - - - - - - - - - - - - - - - - - -
[  6]  79.00-80.00  sec   125 MBytes  1.05 Gbits/sec                  
[  9]  79.00-80.00  sec  20.9 MBytes   176 Mbits/sec                  
[SUM]  79.00-80.00  sec   146 MBytes  1.22 Gbits/sec                  
- - - - - - - - - - - - - - - - - - - - - - - - -
[  6]  80.00-80.01  sec  1.30 MBytes  1.05 Gbits/sec                  
[  9]  80.00-80.01  sec   106 KBytes  83.4 Mbits/sec                  
[SUM]  80.00-80.01  sec  1.41 MBytes  1.13 Gbits/sec                  
- - - - - - - - - - - - - - - - - - - - - - - - -
[ ID] Interval           Transfer     Bitrate
[  6]   0.00-80.01  sec  7.85 GBytes   842 Mbits/sec                  receiver
[  9]   0.00-80.01  sec  2.71 GBytes   291 Mbits/sec                  receiver
[SUM]   0.00-80.01  sec  10.6 GBytes  1.13 Gbits/sec                  receiver
