-----------------------------------------------------------
Server listening on 5201
-----------------------------------------------------------
Accepted connection from 10.0.2.5, port 39008
[  6] local 10.0.4.30 port 5201 connected to 10.0.2.5 port 1488
[  9] local 10.0.4.30 port 5201 connected to 10.0.2.5 port 1489
[ ID] Interval           Transfer     Bitrate
[  6]   0.00-1.00   sec  58.6 MBytes   491 Mbits/sec                  
[  9]   0.00-1.00   sec  35.5 MBytes   297 Mbits/sec                  
[SUM]   0.00-1.00   sec  94.0 MBytes   788 Mbits/sec                  
- - - - - - - - - - - - - - - - - - - - - - - - -
[  6]   1.00-2.00   sec  75.9 MBytes   636 Mbits/sec                  
[  9]   1.00-2.00   sec  26.9 MBytes   226 Mbits/sec                  
[SUM]   1.00-2.00   sec   103 MBytes   862 Mbits/sec                  
- - - - - - - - - - - - - - - - - - - - - - - - -
[  6]   2.00-3.00   sec  78.9 MBytes   663 Mbits/sec                  
[  9]   2.00-3.00   sec  28.8 MBytes   242 Mbits/sec                  
[SUM]   2.00-3.00   sec   108 MBytes   904 Mbits/sec                  
- - - - - - - - - - - - - - - - - - - - - - - - -
[  6]   3.00-4.01   sec  72.4 MBytes   602 Mbits/sec                  
[  9]   3.00-4.01   sec  29.4 MBytes   245 Mbits/sec                  
[SUM]   3.00-4.01   sec   102 MBytes   847 Mbits/sec                  
- - - - - - - - - - - - - - - - - - - - - - - - -
[  6]   4.01-5.00   sec  62.1 MBytes   525 Mbits/sec                  
[  9]   4.01-5.00   sec  35.3 MBytes   298 Mbits/sec                  
[SUM]   4.01-5.00   sec  97.4 MBytes   823 Mbits/sec                  
- - - - - - - - - - - - - - - - - - - - - - - - -
[  6]   5.00-6.00   sec  65.1 MBytes   546 Mbits/sec                  
[  9]   5.00-6.00   sec  37.8 MBytes   317 Mbits/sec                  
[SUM]   5.00-6.00   sec   103 MBytes   863 Mbits/sec                  
- - - - - - - - - - - - - - - - - - - - - - - - -
[  6]   6.00-7.00   sec  63.5 MBytes   532 Mbits/sec                  
[  9]   6.00-7.00   sec  37.9 MBytes   318 Mbits/sec                  
[SUM]   6.00-7.00   sec   101 MBytes   850 Mbits/sec                  
- - - - - - - - - - - - - - - - - - - - - - - - -
[  6]   7.00-8.00   sec  59.5 MBytes   500 Mbits/sec                  
[  9]   7.00-8.00   sec  39.0 MBytes   327 Mbits/sec                  
[SUM]   7.00-8.00   sec  98.5 MBytes   827 Mbits/sec                  
- - - - - - - - - - - - - - - - - - - - - - - - -
[  6]   8.00-9.00   sec  57.4 MBytes   481 Mbits/sec                  
[  9]   8.00-9.00   sec  38.5 MBytes   323 Mbits/sec                  
[SUM]   8.00-9.00   sec  95.9 MBytes   804 Mbits/sec                  
- - - - - - - - - - - - - - - - - - - - - - - - -
[  6]   9.00-10.00  sec  58.9 MBytes   494 Mbits/sec                  
[  9]   9.00-10.00  sec  39.8 MBytes   334 Mbits/sec                  
[SUM]   9.00-10.00  sec  98.7 MBytes   828 Mbits/sec                  
- - - - - - - - - - - - - - - - - - - - - - - - -
[  6]  10.00-11.00  sec  62.2 MBytes   522 Mbits/sec                  
[  9]  10.00-11.00  sec  43.4 MBytes   364 Mbits/sec                  
[SUM]  10.00-11.00  sec   106 MBytes   886 Mbits/sec                  
- - - - - - - - - - - - - - - - - - - - - - - - -
[  6]  11.00-12.00  sec  59.6 MBytes   500 Mbits/sec                  
[  9]  11.00-12.00  sec  42.3 MBytes   355 Mbits/sec                  
[SUM]  11.00-12.00  sec   102 MBytes   855 Mbits/sec                  
- - - - - - - - - - - - - - - - - - - - - - - - -
[  6]  12.00-13.00  sec  71.3 MBytes   598 Mbits/sec                  
[  9]  12.00-13.00  sec  38.4 MBytes   322 Mbits/sec                  
[SUM]  12.00-13.00  sec   110 MBytes   920 Mbits/sec                  
- - - - - - - - - - - - - - - - - - - - - - - - -
[  6]  13.00-14.00  sec  72.9 MBytes   611 Mbits/sec                  
[  9]  13.00-14.00  sec  31.0 MBytes   260 Mbits/sec                  
[SUM]  13.00-14.00  sec   104 MBytes   872 Mbits/sec                  
- - - - - - - - - - - - - - - - - - - - - - - - -
[  6]  14.00-15.00  sec  72.0 MBytes   604 Mbits/sec                  
[  9]  14.00-15.00  sec  29.7 MBytes   249 Mbits/sec                  
[SUM]  14.00-15.00  sec   102 MBytes   853 Mbits/sec                  
- - - - - - - - - - - - - - - - - - - - - - - - -
[  6]  15.00-16.00  sec  68.1 MBytes   571 Mbits/sec                  
[  9]  15.00-16.00  sec  36.9 MBytes   310 Mbits/sec                  
[SUM]  15.00-16.00  sec   105 MBytes   881 Mbits/sec                  
- - - - - - - - - - - - - - - - - - - - - - - - -
[  6]  16.00-17.00  sec  64.7 MBytes   543 Mbits/sec                  
[  9]  16.00-17.00  sec  39.3 MBytes   330 Mbits/sec                  
[SUM]  16.00-17.00  sec   104 MBytes   873 Mbits/sec                  
- - - - - - - - - - - - - - - - - - - - - - - - -
[  6]  17.00-18.00  sec  51.6 MBytes   433 Mbits/sec                  
[  9]  17.00-18.00  sec  37.0 MBytes   311 Mbits/sec                  
[SUM]  17.00-18.00  sec  88.6 MBytes   743 Mbits/sec                  
- - - - - - - - - - - - - - - - - - - - - - - - -
[  6]  18.00-19.00  sec  51.5 MBytes   432 Mbits/sec                  
[  9]  18.00-19.00  sec  45.3 MBytes   380 Mbits/sec                  
[SUM]  18.00-19.00  sec  96.8 MBytes   812 Mbits/sec                  
- - - - - - - - - - - - - - - - - - - - - - - - -
[  6]  19.00-20.00  sec  54.1 MBytes   454 Mbits/sec                  
[  9]  19.00-20.00  sec  46.9 MBytes   394 Mbits/sec                  
[SUM]  19.00-20.00  sec   101 MBytes   848 Mbits/sec                  
- - - - - - - - - - - - - - - - - - - - - - - - -
[  6]  20.00-21.00  sec  53.6 MBytes   449 Mbits/sec                  
[  9]  20.00-21.00  sec  47.6 MBytes   399 Mbits/sec                  
[SUM]  20.00-21.00  sec   101 MBytes   848 Mbits/sec                  
- - - - - - - - - - - - - - - - - - - - - - - - -
[  6]  21.00-22.00  sec  58.7 MBytes   493 Mbits/sec                  
[  9]  21.00-22.00  sec  39.8 MBytes   334 Mbits/sec                  
[SUM]  21.00-22.00  sec  98.5 MBytes   827 Mbits/sec                  
- - - - - - - - - - - - - - - - - - - - - - - - -
[  6]  22.00-23.00  sec  60.1 MBytes   503 Mbits/sec                  
[  9]  22.00-23.00  sec  41.2 MBytes   345 Mbits/sec                  
[SUM]  22.00-23.00  sec   101 MBytes   849 Mbits/sec                  
- - - - - - - - - - - - - - - - - - - - - - - - -
[  6]  23.00-24.00  sec  62.9 MBytes   526 Mbits/sec                  
[  9]  23.00-24.00  sec  39.1 MBytes   327 Mbits/sec                  
[SUM]  23.00-24.00  sec   102 MBytes   853 Mbits/sec                  
- - - - - - - - - - - - - - - - - - - - - - - - -
[  6]  24.00-25.00  sec  67.6 MBytes   570 Mbits/sec                  
[  9]  24.00-25.00  sec  35.3 MBytes   297 Mbits/sec                  
[SUM]  24.00-25.00  sec   103 MBytes   867 Mbits/sec                  
- - - - - - - - - - - - - - - - - - - - - - - - -
[  6]  25.00-26.00  sec  68.1 MBytes   571 Mbits/sec                  
[  9]  25.00-26.00  sec  36.1 MBytes   303 Mbits/sec                  
[SUM]  25.00-26.00  sec   104 MBytes   874 Mbits/sec                  
- - - - - - - - - - - - - - - - - - - - - - - - -
[  6]  26.00-27.00  sec  55.8 MBytes   468 Mbits/sec                  
[  9]  26.00-27.00  sec  46.1 MBytes   387 Mbits/sec                  
[SUM]  26.00-27.00  sec   102 MBytes   855 Mbits/sec                  
- - - - - - - - - - - - - - - - - - - - - - - - -
[  6]  27.00-28.00  sec  42.3 MBytes   355 Mbits/sec                  
[  9]  27.00-28.00  sec  47.6 MBytes   399 Mbits/sec                  
[SUM]  27.00-28.00  sec  89.9 MBytes   754 Mbits/sec                  
- - - - - - - - - - - - - - - - - - - - - - - - -
[  6]  28.00-29.00  sec  42.4 MBytes   356 Mbits/sec                  
[  9]  28.00-29.00  sec  47.0 MBytes   394 Mbits/sec                  
[SUM]  28.00-29.00  sec  89.5 MBytes   750 Mbits/sec                  
- - - - - - - - - - - - - - - - - - - - - - - - -
[  6]  29.00-30.00  sec  44.0 MBytes   369 Mbits/sec                  
[  9]  29.00-30.00  sec  48.8 MBytes   410 Mbits/sec                  
[SUM]  29.00-30.00  sec  92.8 MBytes   779 Mbits/sec                  
- - - - - - - - - - - - - - - - - - - - - - - - -
[  6]  30.00-31.00  sec  49.7 MBytes   416 Mbits/sec                  
[  9]  30.00-31.00  sec  49.6 MBytes   416 Mbits/sec                  
[SUM]  30.00-31.00  sec  99.2 MBytes   832 Mbits/sec                  
- - - - - - - - - - - - - - - - - - - - - - - - -
[  6]  31.00-32.00  sec  55.0 MBytes   461 Mbits/sec                  
[  9]  31.00-32.00  sec  43.8 MBytes   368 Mbits/sec                  
[SUM]  31.00-32.00  sec  98.8 MBytes   829 Mbits/sec                  
- - - - - - - - - - - - - - - - - - - - - - - - -
[  6]  32.00-33.00  sec  50.5 MBytes   423 Mbits/sec                  
[  9]  32.00-33.00  sec  55.5 MBytes   465 Mbits/sec                  
[SUM]  32.00-33.00  sec   106 MBytes   888 Mbits/sec                  
- - - - - - - - - - - - - - - - - - - - - - - - -
[  6]  33.00-34.00  sec  46.1 MBytes   387 Mbits/sec                  
[  9]  33.00-34.00  sec  50.3 MBytes   423 Mbits/sec                  
[SUM]  33.00-34.00  sec  96.4 MBytes   810 Mbits/sec                  
- - - - - - - - - - - - - - - - - - - - - - - - -
[  6]  34.00-35.00  sec  48.2 MBytes   404 Mbits/sec                  
[  9]  34.00-35.00  sec  50.8 MBytes   426 Mbits/sec                  
[SUM]  34.00-35.00  sec  99.0 MBytes   830 Mbits/sec                  
- - - - - - - - - - - - - - - - - - - - - - - - -
[  6]  35.00-36.00  sec  49.6 MBytes   416 Mbits/sec                  
[  9]  35.00-36.00  sec  47.6 MBytes   399 Mbits/sec                  
[SUM]  35.00-36.00  sec  97.1 MBytes   815 Mbits/sec                  
- - - - - - - - - - - - - - - - - - - - - - - - -
[  6]  36.00-37.00  sec  52.5 MBytes   441 Mbits/sec                  
[  9]  36.00-37.00  sec  49.9 MBytes   419 Mbits/sec                  
[SUM]  36.00-37.00  sec   102 MBytes   859 Mbits/sec                  
- - - - - - - - - - - - - - - - - - - - - - - - -
[  6]  37.00-38.00  sec  46.2 MBytes   387 Mbits/sec                  
[  9]  37.00-38.00  sec  45.4 MBytes   381 Mbits/sec                  
[SUM]  37.00-38.00  sec  91.6 MBytes   768 Mbits/sec                  
- - - - - - - - - - - - - - - - - - - - - - - - -
[  6]  38.00-39.00  sec  47.4 MBytes   398 Mbits/sec                  
[  9]  38.00-39.00  sec  47.0 MBytes   394 Mbits/sec                  
[SUM]  38.00-39.00  sec  94.4 MBytes   792 Mbits/sec                  
- - - - - - - - - - - - - - - - - - - - - - - - -
[  6]  39.00-40.01  sec  50.0 MBytes   415 Mbits/sec                  
[  9]  39.00-40.01  sec  48.1 MBytes   400 Mbits/sec                  
[SUM]  39.00-40.01  sec  98.1 MBytes   815 Mbits/sec                  
- - - - - - - - - - - - - - - - - - - - - - - - -
[  6]  40.01-41.00  sec  55.6 MBytes   471 Mbits/sec                  
[  9]  40.01-41.00  sec  47.4 MBytes   402 Mbits/sec                  
[SUM]  40.01-41.00  sec   103 MBytes   873 Mbits/sec                  
- - - - - - - - - - - - - - - - - - - - - - - - -
[  6]  41.00-42.00  sec  61.1 MBytes   513 Mbits/sec                  
[  9]  41.00-42.00  sec  43.1 MBytes   361 Mbits/sec                  
[SUM]  41.00-42.00  sec   104 MBytes   874 Mbits/sec                  
- - - - - - - - - - - - - - - - - - - - - - - - -
[  6]  42.00-43.00  sec  60.3 MBytes   505 Mbits/sec                  
[  9]  42.00-43.00  sec  45.1 MBytes   378 Mbits/sec                  
[SUM]  42.00-43.00  sec   105 MBytes   883 Mbits/sec                  
- - - - - - - - - - - - - - - - - - - - - - - - -
[  6]  43.00-44.00  sec  65.3 MBytes   548 Mbits/sec                  
[  9]  43.00-44.00  sec  37.3 MBytes   313 Mbits/sec                  
[SUM]  43.00-44.00  sec   103 MBytes   861 Mbits/sec                  
- - - - - - - - - - - - - - - - - - - - - - - - -
[  6]  44.00-45.00  sec  79.1 MBytes   663 Mbits/sec                  
[  9]  44.00-45.00  sec  28.5 MBytes   239 Mbits/sec                  
[SUM]  44.00-45.00  sec   108 MBytes   903 Mbits/sec                  
- - - - - - - - - - - - - - - - - - - - - - - - -
[  6]  45.00-46.00  sec  87.8 MBytes   736 Mbits/sec                  
[  9]  45.00-46.00  sec  25.5 MBytes   214 Mbits/sec                  
[SUM]  45.00-46.00  sec   113 MBytes   950 Mbits/sec                  
- - - - - - - - - - - - - - - - - - - - - - - - -
[  6]  46.00-47.00  sec  94.6 MBytes   792 Mbits/sec                  
[  9]  46.00-47.00  sec  17.5 MBytes   146 Mbits/sec                  
[SUM]  46.00-47.00  sec   112 MBytes   938 Mbits/sec                  
- - - - - - - - - - - - - - - - - - - - - - - - -
[  6]  47.00-48.00  sec  92.8 MBytes   780 Mbits/sec                  
[  9]  47.00-48.00  sec  13.9 MBytes   117 Mbits/sec                  
[SUM]  47.00-48.00  sec   107 MBytes   897 Mbits/sec                  
- - - - - - - - - - - - - - - - - - - - - - - - -
[  6]  48.00-49.00  sec  90.7 MBytes   761 Mbits/sec                  
[  9]  48.00-49.00  sec  11.9 MBytes  99.6 Mbits/sec                  
[SUM]  48.00-49.00  sec   103 MBytes   861 Mbits/sec                  
- - - - - - - - - - - - - - - - - - - - - - - - -
[  6]  49.00-50.00  sec  91.1 MBytes   763 Mbits/sec                  
[  9]  49.00-50.00  sec  14.3 MBytes   120 Mbits/sec                  
[SUM]  49.00-50.00  sec   105 MBytes   883 Mbits/sec                  
- - - - - - - - - - - - - - - - - - - - - - - - -
[  6]  50.00-51.00  sec  94.6 MBytes   795 Mbits/sec                  
[  9]  50.00-51.00  sec  17.3 MBytes   145 Mbits/sec                  
[SUM]  50.00-51.00  sec   112 MBytes   940 Mbits/sec                  
- - - - - - - - - - - - - - - - - - - - - - - - -
[  6]  51.00-52.00  sec  87.6 MBytes   734 Mbits/sec                  
[  9]  51.00-52.00  sec  11.8 MBytes  99.1 Mbits/sec                  
[SUM]  51.00-52.00  sec  99.4 MBytes   833 Mbits/sec                  
- - - - - - - - - - - - - - - - - - - - - - - - -
[  6]  52.00-53.00  sec  84.0 MBytes   705 Mbits/sec                  
[  9]  52.00-53.00  sec  10.3 MBytes  86.4 Mbits/sec                  
[SUM]  52.00-53.00  sec  94.3 MBytes   791 Mbits/sec                  
- - - - - - - - - - - - - - - - - - - - - - - - -
[  6]  53.00-54.00  sec  67.2 MBytes   563 Mbits/sec                  
[  9]  53.00-54.00  sec  9.87 MBytes  82.6 Mbits/sec                  
[SUM]  53.00-54.00  sec  77.1 MBytes   645 Mbits/sec                  
- - - - - - - - - - - - - - - - - - - - - - - - -
[  6]  54.00-55.00  sec  69.8 MBytes   587 Mbits/sec                  
[  9]  54.00-55.00  sec  14.1 MBytes   118 Mbits/sec                  
[SUM]  54.00-55.00  sec  83.9 MBytes   705 Mbits/sec                  
- - - - - - - - - - - - - - - - - - - - - - - - -
[  6]  55.00-56.00  sec  57.5 MBytes   483 Mbits/sec                  
[  9]  55.00-56.00  sec  14.6 MBytes   122 Mbits/sec                  
[SUM]  55.00-56.00  sec  72.1 MBytes   605 Mbits/sec                  
- - - - - - - - - - - - - - - - - - - - - - - - -
[  6]  56.00-57.00  sec  55.5 MBytes   466 Mbits/sec                  
[  9]  56.00-57.00  sec  15.3 MBytes   128 Mbits/sec                  
[SUM]  56.00-57.00  sec  70.8 MBytes   594 Mbits/sec                  
- - - - - - - - - - - - - - - - - - - - - - - - -
[  6]  57.00-58.00  sec  61.6 MBytes   517 Mbits/sec                  
[  9]  57.00-58.00  sec  18.8 MBytes   158 Mbits/sec                  
[SUM]  57.00-58.00  sec  80.4 MBytes   674 Mbits/sec                  
- - - - - - - - - - - - - - - - - - - - - - - - -
[  6]  58.00-59.00  sec  55.0 MBytes   461 Mbits/sec                  
[  9]  58.00-59.00  sec  18.4 MBytes   154 Mbits/sec                  
[SUM]  58.00-59.00  sec  73.4 MBytes   615 Mbits/sec                  
- - - - - - - - - - - - - - - - - - - - - - - - -
[  6]  59.00-60.00  sec  55.2 MBytes   463 Mbits/sec                  
[  9]  59.00-60.00  sec  19.9 MBytes   167 Mbits/sec                  
[SUM]  59.00-60.00  sec  75.2 MBytes   631 Mbits/sec                  
- - - - - - - - - - - - - - - - - - - - - - - - -
[  6]  60.00-61.00  sec  63.3 MBytes   530 Mbits/sec                  
[  9]  60.00-61.00  sec  22.4 MBytes   188 Mbits/sec                  
[SUM]  60.00-61.00  sec  85.7 MBytes   718 Mbits/sec                  
- - - - - - - - - - - - - - - - - - - - - - - - -
[  6]  61.00-62.00  sec  62.7 MBytes   526 Mbits/sec                  
[  9]  61.00-62.00  sec  18.2 MBytes   153 Mbits/sec                  
[SUM]  61.00-62.00  sec  80.9 MBytes   679 Mbits/sec                  
- - - - - - - - - - - - - - - - - - - - - - - - -
[  6]  62.00-63.00  sec  69.8 MBytes   586 Mbits/sec                  
[  9]  62.00-63.00  sec  21.7 MBytes   182 Mbits/sec                  
[SUM]  62.00-63.00  sec  91.6 MBytes   768 Mbits/sec                  
- - - - - - - - - - - - - - - - - - - - - - - - -
[  6]  63.00-64.00  sec  71.8 MBytes   602 Mbits/sec                  
[  9]  63.00-64.00  sec  26.4 MBytes   222 Mbits/sec                  
[SUM]  63.00-64.00  sec  98.2 MBytes   824 Mbits/sec                  
- - - - - - - - - - - - - - - - - - - - - - - - -
[  6]  64.00-65.00  sec  66.4 MBytes   557 Mbits/sec                  
[  9]  64.00-65.00  sec  29.9 MBytes   251 Mbits/sec                  
[SUM]  64.00-65.00  sec  96.3 MBytes   808 Mbits/sec                  
- - - - - - - - - - - - - - - - - - - - - - - - -
[  6]  65.00-66.00  sec  68.5 MBytes   574 Mbits/sec                  
[  9]  65.00-66.00  sec  28.5 MBytes   238 Mbits/sec                  
[SUM]  65.00-66.00  sec  97.0 MBytes   812 Mbits/sec                  
- - - - - - - - - - - - - - - - - - - - - - - - -
[  6]  66.00-67.00  sec  70.0 MBytes   588 Mbits/sec                  
[  9]  66.00-67.00  sec  23.7 MBytes   199 Mbits/sec                  
[SUM]  66.00-67.00  sec  93.7 MBytes   787 Mbits/sec                  
- - - - - - - - - - - - - - - - - - - - - - - - -
[  6]  67.00-68.00  sec  66.7 MBytes   559 Mbits/sec                  
[  9]  67.00-68.00  sec  21.0 MBytes   176 Mbits/sec                  
[SUM]  67.00-68.00  sec  87.7 MBytes   736 Mbits/sec                  
- - - - - - - - - - - - - - - - - - - - - - - - -
[  6]  68.00-69.00  sec  70.0 MBytes   587 Mbits/sec                  
[  9]  68.00-69.00  sec  19.6 MBytes   165 Mbits/sec                  
[SUM]  68.00-69.00  sec  89.6 MBytes   752 Mbits/sec                  
- - - - - - - - - - - - - - - - - - - - - - - - -
[  6]  69.00-70.00  sec  64.5 MBytes   539 Mbits/sec                  
[  9]  69.00-70.00  sec  24.9 MBytes   208 Mbits/sec                  
[SUM]  69.00-70.00  sec  89.4 MBytes   747 Mbits/sec                  
- - - - - - - - - - - - - - - - - - - - - - - - -
[  6]  70.00-71.00  sec  67.2 MBytes   566 Mbits/sec                  
[  9]  70.00-71.00  sec  29.4 MBytes   248 Mbits/sec                  
[SUM]  70.00-71.00  sec  96.6 MBytes   814 Mbits/sec                  
- - - - - - - - - - - - - - - - - - - - - - - - -
[  6]  71.00-72.00  sec  74.9 MBytes   629 Mbits/sec                  
[  9]  71.00-72.00  sec  27.3 MBytes   229 Mbits/sec                  
[SUM]  71.00-72.00  sec   102 MBytes   857 Mbits/sec                  
- - - - - - - - - - - - - - - - - - - - - - - - -
[  6]  72.00-73.00  sec  73.1 MBytes   613 Mbits/sec                  
[  9]  72.00-73.00  sec  26.9 MBytes   226 Mbits/sec                  
[SUM]  72.00-73.00  sec   100 MBytes   839 Mbits/sec                  
- - - - - - - - - - - - - - - - - - - - - - - - -
[  6]  73.00-74.00  sec  67.1 MBytes   562 Mbits/sec                  
[  9]  73.00-74.00  sec  29.3 MBytes   246 Mbits/sec                  
[SUM]  73.00-74.00  sec  96.3 MBytes   808 Mbits/sec                  
- - - - - - - - - - - - - - - - - - - - - - - - -
[  6]  74.00-75.00  sec  60.9 MBytes   511 Mbits/sec                  
[  9]  74.00-75.00  sec  33.9 MBytes   285 Mbits/sec                  
[SUM]  74.00-75.00  sec  94.8 MBytes   795 Mbits/sec                  
- - - - - - - - - - - - - - - - - - - - - - - - -
[  6]  75.00-76.00  sec  51.0 MBytes   428 Mbits/sec                  
[  9]  75.00-76.00  sec  28.2 MBytes   236 Mbits/sec                  
[SUM]  75.00-76.00  sec  79.2 MBytes   664 Mbits/sec                  
- - - - - - - - - - - - - - - - - - - - - - - - -
[  6]  76.00-77.00  sec  59.0 MBytes   495 Mbits/sec                  
[  9]  76.00-77.00  sec  32.8 MBytes   275 Mbits/sec                  
[SUM]  76.00-77.00  sec  91.7 MBytes   770 Mbits/sec                  
- - - - - - - - - - - - - - - - - - - - - - - - -
[  6]  77.00-78.00  sec  53.5 MBytes   449 Mbits/sec                  
[  9]  77.00-78.00  sec  25.5 MBytes   214 Mbits/sec                  
[SUM]  77.00-78.00  sec  79.0 MBytes   663 Mbits/sec                  
- - - - - - - - - - - - - - - - - - - - - - - - -
[  6]  78.00-79.00  sec  37.2 MBytes   312 Mbits/sec                  
[  9]  78.00-79.00  sec  17.3 MBytes   145 Mbits/sec                  
[SUM]  78.00-79.00  sec  54.4 MBytes   457 Mbits/sec                  
- - - - - - - - - - - - - - - - - - - - - - - - -
[  6]  79.00-80.00  sec  46.5 MBytes   390 Mbits/sec                  
[  9]  79.00-80.00  sec  23.2 MBytes   195 Mbits/sec                  
[SUM]  79.00-80.00  sec  69.8 MBytes   585 Mbits/sec                  
- - - - - - - - - - - - - - - - - - - - - - - - -
[  6]  80.00-80.01  sec   954 KBytes   616 Mbits/sec                  
[  9]  80.00-80.01  sec   462 KBytes   298 Mbits/sec                  
[SUM]  80.00-80.01  sec  1.38 MBytes   915 Mbits/sec                  
- - - - - - - - - - - - - - - - - - - - - - - - -
[ ID] Interval           Transfer     Bitrate
[  6]   0.00-80.01  sec  4.94 GBytes   531 Mbits/sec                  receiver
[  9]   0.00-80.01  sec  2.54 GBytes   273 Mbits/sec                  receiver
[SUM]   0.00-80.01  sec  7.48 GBytes   803 Mbits/sec                  receiver
