-----------------------------------------------------------
Server listening on 5201
-----------------------------------------------------------
Accepted connection from 10.0.2.5, port 39746
[  6] local 10.0.4.30 port 5201 connected to 10.0.2.5 port 1488
[  9] local 10.0.4.30 port 5201 connected to 10.0.2.5 port 1489
[ ID] Interval           Transfer     Bitrate
[  6]   0.00-1.00   sec  76.1 MBytes   638 Mbits/sec                  
[  9]   0.00-1.00   sec  24.6 MBytes   206 Mbits/sec                  
[SUM]   0.00-1.00   sec   101 MBytes   844 Mbits/sec                  
- - - - - - - - - - - - - - - - - - - - - - - - -
[  6]   1.00-2.00   sec  97.6 MBytes   818 Mbits/sec                  
[  9]   1.00-2.00   sec  7.50 MBytes  62.9 Mbits/sec                  
[SUM]   1.00-2.00   sec   105 MBytes   881 Mbits/sec                  
- - - - - - - - - - - - - - - - - - - - - - - - -
[  6]   2.00-3.00   sec  86.8 MBytes   729 Mbits/sec                  
[  9]   2.00-3.00   sec  10.1 MBytes  84.7 Mbits/sec                  
[SUM]   2.00-3.00   sec  96.9 MBytes   814 Mbits/sec                  
- - - - - - - - - - - - - - - - - - - - - - - - -
[  6]   3.00-4.00   sec  85.4 MBytes   716 Mbits/sec                  
[  9]   3.00-4.00   sec  13.6 MBytes   114 Mbits/sec                  
[SUM]   3.00-4.00   sec  99.0 MBytes   830 Mbits/sec                  
- - - - - - - - - - - - - - - - - - - - - - - - -
[  6]   4.00-5.00   sec  78.5 MBytes   658 Mbits/sec                  
[  9]   4.00-5.00   sec  15.4 MBytes   129 Mbits/sec                  
[SUM]   4.00-5.00   sec  93.9 MBytes   788 Mbits/sec                  
- - - - - - - - - - - - - - - - - - - - - - - - -
[  6]   5.00-6.00   sec  90.6 MBytes   761 Mbits/sec                  
[  9]   5.00-6.00   sec  16.3 MBytes   137 Mbits/sec                  
[SUM]   5.00-6.00   sec   107 MBytes   898 Mbits/sec                  
- - - - - - - - - - - - - - - - - - - - - - - - -
[  6]   6.00-7.00   sec  89.2 MBytes   748 Mbits/sec                  
[  9]   6.00-7.00   sec  17.1 MBytes   143 Mbits/sec                  
[SUM]   6.00-7.00   sec   106 MBytes   891 Mbits/sec                  
- - - - - - - - - - - - - - - - - - - - - - - - -
[  6]   7.00-8.00   sec  84.8 MBytes   711 Mbits/sec                  
[  9]   7.00-8.00   sec  19.3 MBytes   162 Mbits/sec                  
[SUM]   7.00-8.00   sec   104 MBytes   873 Mbits/sec                  
- - - - - - - - - - - - - - - - - - - - - - - - -
[  6]   8.00-9.00   sec  78.3 MBytes   658 Mbits/sec                  
[  9]   8.00-9.00   sec  20.4 MBytes   171 Mbits/sec                  
[SUM]   8.00-9.00   sec  98.8 MBytes   829 Mbits/sec                  
- - - - - - - - - - - - - - - - - - - - - - - - -
[  6]   9.00-10.00  sec  87.1 MBytes   731 Mbits/sec                  
[  9]   9.00-10.00  sec  18.2 MBytes   152 Mbits/sec                  
[SUM]   9.00-10.00  sec   105 MBytes   883 Mbits/sec                  
- - - - - - - - - - - - - - - - - - - - - - - - -
[  6]  10.00-11.00  sec  82.4 MBytes   691 Mbits/sec                  
[  9]  10.00-11.00  sec  19.6 MBytes   164 Mbits/sec                  
[SUM]  10.00-11.00  sec   102 MBytes   855 Mbits/sec                  
- - - - - - - - - - - - - - - - - - - - - - - - -
[  6]  11.00-12.00  sec  82.3 MBytes   691 Mbits/sec                  
[  9]  11.00-12.00  sec  21.6 MBytes   181 Mbits/sec                  
[SUM]  11.00-12.00  sec   104 MBytes   872 Mbits/sec                  
- - - - - - - - - - - - - - - - - - - - - - - - -
[  6]  12.00-13.00  sec  89.2 MBytes   748 Mbits/sec                  
[  9]  12.00-13.00  sec  17.7 MBytes   149 Mbits/sec                  
[SUM]  12.00-13.00  sec   107 MBytes   897 Mbits/sec                  
- - - - - - - - - - - - - - - - - - - - - - - - -
[  6]  13.00-14.00  sec  77.0 MBytes   645 Mbits/sec                  
[  9]  13.00-14.00  sec  20.2 MBytes   170 Mbits/sec                  
[SUM]  13.00-14.00  sec  97.2 MBytes   815 Mbits/sec                  
- - - - - - - - - - - - - - - - - - - - - - - - -
[  6]  14.00-15.00  sec  73.0 MBytes   613 Mbits/sec                  
[  9]  14.00-15.00  sec  21.9 MBytes   184 Mbits/sec                  
[SUM]  14.00-15.00  sec  94.9 MBytes   797 Mbits/sec                  
- - - - - - - - - - - - - - - - - - - - - - - - -
[  6]  15.00-16.00  sec  78.0 MBytes   654 Mbits/sec                  
[  9]  15.00-16.00  sec  26.3 MBytes   221 Mbits/sec                  
[SUM]  15.00-16.00  sec   104 MBytes   875 Mbits/sec                  
- - - - - - - - - - - - - - - - - - - - - - - - -
[  6]  16.00-17.00  sec  72.2 MBytes   606 Mbits/sec                  
[  9]  16.00-17.00  sec  26.3 MBytes   221 Mbits/sec                  
[SUM]  16.00-17.00  sec  98.5 MBytes   827 Mbits/sec                  
- - - - - - - - - - - - - - - - - - - - - - - - -
[  6]  17.00-18.00  sec  73.7 MBytes   618 Mbits/sec                  
[  9]  17.00-18.00  sec  28.6 MBytes   240 Mbits/sec                  
[SUM]  17.00-18.00  sec   102 MBytes   859 Mbits/sec                  
- - - - - - - - - - - - - - - - - - - - - - - - -
[  6]  18.00-19.00  sec  76.1 MBytes   638 Mbits/sec                  
[  9]  18.00-19.00  sec  23.1 MBytes   193 Mbits/sec                  
[SUM]  18.00-19.00  sec  99.2 MBytes   831 Mbits/sec                  
- - - - - - - - - - - - - - - - - - - - - - - - -
[  6]  19.00-20.00  sec  90.9 MBytes   763 Mbits/sec                  
[  9]  19.00-20.00  sec  16.3 MBytes   137 Mbits/sec                  
[SUM]  19.00-20.00  sec   107 MBytes   900 Mbits/sec                  
- - - - - - - - - - - - - - - - - - - - - - - - -
[  6]  20.00-21.00  sec  88.1 MBytes   739 Mbits/sec                  
[  9]  20.00-21.00  sec  16.3 MBytes   137 Mbits/sec                  
[SUM]  20.00-21.00  sec   104 MBytes   876 Mbits/sec                  
- - - - - - - - - - - - - - - - - - - - - - - - -
[  6]  21.00-22.00  sec  83.7 MBytes   702 Mbits/sec                  
[  9]  21.00-22.00  sec  18.3 MBytes   154 Mbits/sec                  
[SUM]  21.00-22.00  sec   102 MBytes   856 Mbits/sec                  
- - - - - - - - - - - - - - - - - - - - - - - - -
[  6]  22.00-23.00  sec  78.0 MBytes   654 Mbits/sec                  
[  9]  22.00-23.00  sec  19.2 MBytes   161 Mbits/sec                  
[SUM]  22.00-23.00  sec  97.2 MBytes   816 Mbits/sec                  
- - - - - - - - - - - - - - - - - - - - - - - - -
[  6]  23.00-24.00  sec  82.3 MBytes   691 Mbits/sec                  
[  9]  23.00-24.00  sec  19.0 MBytes   160 Mbits/sec                  
[SUM]  23.00-24.00  sec   101 MBytes   850 Mbits/sec                  
- - - - - - - - - - - - - - - - - - - - - - - - -
[  6]  24.00-25.00  sec  87.0 MBytes   729 Mbits/sec                  
[  9]  24.00-25.00  sec  18.6 MBytes   156 Mbits/sec                  
[SUM]  24.00-25.00  sec   106 MBytes   886 Mbits/sec                  
- - - - - - - - - - - - - - - - - - - - - - - - -
[  6]  25.00-26.00  sec  82.9 MBytes   694 Mbits/sec                  
[  9]  25.00-26.00  sec  20.3 MBytes   170 Mbits/sec                  
[SUM]  25.00-26.00  sec   103 MBytes   864 Mbits/sec                  
- - - - - - - - - - - - - - - - - - - - - - - - -
[  6]  26.00-27.00  sec  83.8 MBytes   702 Mbits/sec                  
[  9]  26.00-27.00  sec  17.6 MBytes   147 Mbits/sec                  
[SUM]  26.00-27.00  sec   101 MBytes   849 Mbits/sec                  
- - - - - - - - - - - - - - - - - - - - - - - - -
[  6]  27.00-28.00  sec  87.4 MBytes   736 Mbits/sec                  
[  9]  27.00-28.00  sec  22.3 MBytes   188 Mbits/sec                  
[SUM]  27.00-28.00  sec   110 MBytes   924 Mbits/sec                  
- - - - - - - - - - - - - - - - - - - - - - - - -
[  6]  28.00-29.00  sec  78.9 MBytes   661 Mbits/sec                  
[  9]  28.00-29.00  sec  28.6 MBytes   240 Mbits/sec                  
[SUM]  28.00-29.00  sec   107 MBytes   901 Mbits/sec                  
- - - - - - - - - - - - - - - - - - - - - - - - -
[  6]  29.00-30.00  sec  74.7 MBytes   627 Mbits/sec                  
[  9]  29.00-30.00  sec  28.8 MBytes   241 Mbits/sec                  
[SUM]  29.00-30.00  sec   104 MBytes   869 Mbits/sec                  
- - - - - - - - - - - - - - - - - - - - - - - - -
[  6]  30.00-31.00  sec  70.0 MBytes   587 Mbits/sec                  
[  9]  30.00-31.00  sec  29.2 MBytes   245 Mbits/sec                  
[SUM]  30.00-31.00  sec  99.2 MBytes   832 Mbits/sec                  
- - - - - - - - - - - - - - - - - - - - - - - - -
[  6]  31.00-32.00  sec  70.2 MBytes   588 Mbits/sec                  
[  9]  31.00-32.00  sec  31.8 MBytes   266 Mbits/sec                  
[SUM]  31.00-32.00  sec   102 MBytes   855 Mbits/sec                  
- - - - - - - - - - - - - - - - - - - - - - - - -
[  6]  32.00-33.00  sec  64.7 MBytes   543 Mbits/sec                  
[  9]  32.00-33.00  sec  31.1 MBytes   261 Mbits/sec                  
[SUM]  32.00-33.00  sec  95.8 MBytes   804 Mbits/sec                  
- - - - - - - - - - - - - - - - - - - - - - - - -
[  6]  33.00-34.00  sec  69.9 MBytes   587 Mbits/sec                  
[  9]  33.00-34.00  sec  27.7 MBytes   232 Mbits/sec                  
[SUM]  33.00-34.00  sec  97.5 MBytes   819 Mbits/sec                  
- - - - - - - - - - - - - - - - - - - - - - - - -
[  6]  34.00-35.00  sec  69.0 MBytes   578 Mbits/sec                  
[  9]  34.00-35.00  sec  27.0 MBytes   227 Mbits/sec                  
[SUM]  34.00-35.00  sec  96.0 MBytes   805 Mbits/sec                  
- - - - - - - - - - - - - - - - - - - - - - - - -
[  6]  35.00-36.00  sec  74.6 MBytes   625 Mbits/sec                  
[  9]  35.00-36.00  sec  30.3 MBytes   254 Mbits/sec                  
[SUM]  35.00-36.00  sec   105 MBytes   878 Mbits/sec                  
- - - - - - - - - - - - - - - - - - - - - - - - -
[  6]  36.00-37.00  sec  71.9 MBytes   605 Mbits/sec                  
[  9]  36.00-37.00  sec  31.0 MBytes   261 Mbits/sec                  
[SUM]  36.00-37.00  sec   103 MBytes   865 Mbits/sec                  
- - - - - - - - - - - - - - - - - - - - - - - - -
[  6]  37.00-38.00  sec  71.8 MBytes   602 Mbits/sec                  
[  9]  37.00-38.00  sec  33.6 MBytes   282 Mbits/sec                  
[SUM]  37.00-38.00  sec   105 MBytes   884 Mbits/sec                  
- - - - - - - - - - - - - - - - - - - - - - - - -
[  6]  38.00-39.00  sec  68.6 MBytes   575 Mbits/sec                  
[  9]  38.00-39.00  sec  34.1 MBytes   286 Mbits/sec                  
[SUM]  38.00-39.00  sec   103 MBytes   862 Mbits/sec                  
- - - - - - - - - - - - - - - - - - - - - - - - -
[  6]  39.00-40.00  sec  71.2 MBytes   597 Mbits/sec                  
[  9]  39.00-40.00  sec  31.5 MBytes   265 Mbits/sec                  
[SUM]  39.00-40.00  sec   103 MBytes   862 Mbits/sec                  
- - - - - - - - - - - - - - - - - - - - - - - - -
[  6]  40.00-41.00  sec  75.8 MBytes   635 Mbits/sec                  
[  9]  40.00-41.00  sec  30.7 MBytes   257 Mbits/sec                  
[SUM]  40.00-41.00  sec   106 MBytes   893 Mbits/sec                  
- - - - - - - - - - - - - - - - - - - - - - - - -
[  6]  41.00-42.00  sec  82.0 MBytes   688 Mbits/sec                  
[  9]  41.00-42.00  sec  25.5 MBytes   214 Mbits/sec                  
[SUM]  41.00-42.00  sec   108 MBytes   902 Mbits/sec                  
- - - - - - - - - - - - - - - - - - - - - - - - -
[  6]  42.00-43.00  sec  74.3 MBytes   623 Mbits/sec                  
[  9]  42.00-43.00  sec  24.9 MBytes   209 Mbits/sec                  
[SUM]  42.00-43.00  sec  99.1 MBytes   832 Mbits/sec                  
- - - - - - - - - - - - - - - - - - - - - - - - -
[  6]  43.00-44.00  sec  69.0 MBytes   578 Mbits/sec                  
[  9]  43.00-44.00  sec  30.9 MBytes   259 Mbits/sec                  
[SUM]  43.00-44.00  sec  99.9 MBytes   838 Mbits/sec                  
- - - - - - - - - - - - - - - - - - - - - - - - -
[  6]  44.00-45.00  sec  67.2 MBytes   564 Mbits/sec                  
[  9]  44.00-45.00  sec  33.9 MBytes   284 Mbits/sec                  
[SUM]  44.00-45.00  sec   101 MBytes   848 Mbits/sec                  
- - - - - - - - - - - - - - - - - - - - - - - - -
[  6]  45.00-46.00  sec  65.2 MBytes   546 Mbits/sec                  
[  9]  45.00-46.00  sec  30.7 MBytes   257 Mbits/sec                  
[SUM]  45.00-46.00  sec  96.0 MBytes   803 Mbits/sec                  
- - - - - - - - - - - - - - - - - - - - - - - - -
[  6]  46.00-47.00  sec  73.5 MBytes   618 Mbits/sec                  
[  9]  46.00-47.00  sec  27.7 MBytes   233 Mbits/sec                  
[SUM]  46.00-47.00  sec   101 MBytes   852 Mbits/sec                  
- - - - - - - - - - - - - - - - - - - - - - - - -
[  6]  47.00-48.00  sec  73.1 MBytes   614 Mbits/sec                  
[  9]  47.00-48.00  sec  29.5 MBytes   247 Mbits/sec                  
[SUM]  47.00-48.00  sec   103 MBytes   861 Mbits/sec                  
- - - - - - - - - - - - - - - - - - - - - - - - -
[  6]  48.00-49.00  sec  75.5 MBytes   633 Mbits/sec                  
[  9]  48.00-49.00  sec  33.3 MBytes   279 Mbits/sec                  
[SUM]  48.00-49.00  sec   109 MBytes   912 Mbits/sec                  
- - - - - - - - - - - - - - - - - - - - - - - - -
[  6]  49.00-50.00  sec  67.4 MBytes   564 Mbits/sec                  
[  9]  49.00-50.00  sec  32.1 MBytes   269 Mbits/sec                  
[SUM]  49.00-50.00  sec  99.5 MBytes   833 Mbits/sec                  
- - - - - - - - - - - - - - - - - - - - - - - - -
[  6]  50.00-51.00  sec  71.6 MBytes   601 Mbits/sec                  
[  9]  50.00-51.00  sec  35.8 MBytes   300 Mbits/sec                  
[SUM]  50.00-51.00  sec   107 MBytes   902 Mbits/sec                  
- - - - - - - - - - - - - - - - - - - - - - - - -
[  6]  51.00-52.00  sec  70.7 MBytes   592 Mbits/sec                  
[  9]  51.00-52.00  sec  36.8 MBytes   308 Mbits/sec                  
[SUM]  51.00-52.00  sec   107 MBytes   901 Mbits/sec                  
- - - - - - - - - - - - - - - - - - - - - - - - -
[  6]  52.00-53.01  sec  60.5 MBytes   504 Mbits/sec                  
[  9]  52.00-53.01  sec  37.3 MBytes   311 Mbits/sec                  
[SUM]  52.00-53.01  sec  97.7 MBytes   815 Mbits/sec                  
- - - - - - - - - - - - - - - - - - - - - - - - -
[  6]  53.01-54.00  sec  55.4 MBytes   466 Mbits/sec                  
[  9]  53.01-54.00  sec  40.3 MBytes   339 Mbits/sec                  
[SUM]  53.01-54.00  sec  95.8 MBytes   806 Mbits/sec                  
- - - - - - - - - - - - - - - - - - - - - - - - -
[  6]  54.00-55.00  sec  59.8 MBytes   503 Mbits/sec                  
[  9]  54.00-55.00  sec  38.4 MBytes   323 Mbits/sec                  
[SUM]  54.00-55.00  sec  98.1 MBytes   826 Mbits/sec                  
- - - - - - - - - - - - - - - - - - - - - - - - -
[  6]  55.00-56.00  sec  60.9 MBytes   511 Mbits/sec                  
[  9]  55.00-56.00  sec  33.3 MBytes   279 Mbits/sec                  
[SUM]  55.00-56.00  sec  94.2 MBytes   790 Mbits/sec                  
- - - - - - - - - - - - - - - - - - - - - - - - -
[  6]  56.00-57.00  sec  64.0 MBytes   536 Mbits/sec                  
[  9]  56.00-57.00  sec  32.7 MBytes   274 Mbits/sec                  
[SUM]  56.00-57.00  sec  96.7 MBytes   810 Mbits/sec                  
- - - - - - - - - - - - - - - - - - - - - - - - -
[  6]  57.00-58.00  sec  73.1 MBytes   613 Mbits/sec                  
[  9]  57.00-58.00  sec  31.4 MBytes   263 Mbits/sec                  
[SUM]  57.00-58.00  sec   104 MBytes   876 Mbits/sec                  
- - - - - - - - - - - - - - - - - - - - - - - - -
[  6]  58.00-59.00  sec  82.0 MBytes   689 Mbits/sec                  
[  9]  58.00-59.00  sec  24.3 MBytes   204 Mbits/sec                  
[SUM]  58.00-59.00  sec   106 MBytes   893 Mbits/sec                  
- - - - - - - - - - - - - - - - - - - - - - - - -
[  6]  59.00-60.00  sec  85.6 MBytes   718 Mbits/sec                  
[  9]  59.00-60.00  sec  22.5 MBytes   189 Mbits/sec                  
[SUM]  59.00-60.00  sec   108 MBytes   907 Mbits/sec                  
- - - - - - - - - - - - - - - - - - - - - - - - -
[  6]  60.00-61.00  sec  79.9 MBytes   668 Mbits/sec                  
[  9]  60.00-61.00  sec  23.7 MBytes   198 Mbits/sec                  
[SUM]  60.00-61.00  sec   104 MBytes   865 Mbits/sec                  
- - - - - - - - - - - - - - - - - - - - - - - - -
[  6]  61.00-62.00  sec  81.0 MBytes   683 Mbits/sec                  
[  9]  61.00-62.00  sec  26.4 MBytes   223 Mbits/sec                  
[SUM]  61.00-62.00  sec   107 MBytes   905 Mbits/sec                  
- - - - - - - - - - - - - - - - - - - - - - - - -
[  6]  62.00-63.00  sec  69.9 MBytes   584 Mbits/sec                  
[  9]  62.00-63.00  sec  25.2 MBytes   210 Mbits/sec                  
[SUM]  62.00-63.00  sec  95.1 MBytes   794 Mbits/sec                  
- - - - - - - - - - - - - - - - - - - - - - - - -
[  6]  63.00-64.00  sec  71.0 MBytes   597 Mbits/sec                  
[  9]  63.00-64.00  sec  28.1 MBytes   236 Mbits/sec                  
[SUM]  63.00-64.00  sec  99.1 MBytes   833 Mbits/sec                  
- - - - - - - - - - - - - - - - - - - - - - - - -
[  6]  64.00-65.00  sec  74.8 MBytes   626 Mbits/sec                  
[  9]  64.00-65.00  sec  25.1 MBytes   210 Mbits/sec                  
[SUM]  64.00-65.00  sec   100 MBytes   837 Mbits/sec                  
- - - - - - - - - - - - - - - - - - - - - - - - -
[  6]  65.00-66.00  sec  79.2 MBytes   667 Mbits/sec                  
[  9]  65.00-66.00  sec  26.0 MBytes   219 Mbits/sec                  
[SUM]  65.00-66.00  sec   105 MBytes   886 Mbits/sec                  
- - - - - - - - - - - - - - - - - - - - - - - - -
[  6]  66.00-67.00  sec  76.7 MBytes   644 Mbits/sec                  
[  9]  66.00-67.00  sec  23.9 MBytes   201 Mbits/sec                  
[SUM]  66.00-67.00  sec   101 MBytes   844 Mbits/sec                  
- - - - - - - - - - - - - - - - - - - - - - - - -
[  6]  67.00-68.00  sec  82.6 MBytes   693 Mbits/sec                  
[  9]  67.00-68.00  sec  22.2 MBytes   186 Mbits/sec                  
[SUM]  67.00-68.00  sec   105 MBytes   879 Mbits/sec                  
- - - - - - - - - - - - - - - - - - - - - - - - -
[  6]  68.00-69.00  sec  79.5 MBytes   667 Mbits/sec                  
[  9]  68.00-69.00  sec  23.7 MBytes   199 Mbits/sec                  
[SUM]  68.00-69.00  sec   103 MBytes   865 Mbits/sec                  
- - - - - - - - - - - - - - - - - - - - - - - - -
[  6]  69.00-70.00  sec  81.5 MBytes   684 Mbits/sec                  
[  9]  69.00-70.00  sec  25.9 MBytes   218 Mbits/sec                  
[SUM]  69.00-70.00  sec   107 MBytes   901 Mbits/sec                  
- - - - - - - - - - - - - - - - - - - - - - - - -
[  6]  70.00-71.00  sec  78.4 MBytes   657 Mbits/sec                  
[  9]  70.00-71.00  sec  27.1 MBytes   227 Mbits/sec                  
[SUM]  70.00-71.00  sec   105 MBytes   885 Mbits/sec                  
- - - - - - - - - - - - - - - - - - - - - - - - -
[  6]  71.00-72.00  sec  72.5 MBytes   608 Mbits/sec                  
[  9]  71.00-72.00  sec  26.3 MBytes   221 Mbits/sec                  
[SUM]  71.00-72.00  sec  98.8 MBytes   828 Mbits/sec                  
- - - - - - - - - - - - - - - - - - - - - - - - -
[  6]  72.00-73.00  sec  69.4 MBytes   581 Mbits/sec                  
[  9]  72.00-73.00  sec  28.0 MBytes   235 Mbits/sec                  
[SUM]  72.00-73.00  sec  97.4 MBytes   816 Mbits/sec                  
- - - - - - - - - - - - - - - - - - - - - - - - -
[  6]  73.00-74.00  sec  65.1 MBytes   546 Mbits/sec                  
[  9]  73.00-74.00  sec  28.8 MBytes   242 Mbits/sec                  
[SUM]  73.00-74.00  sec  93.9 MBytes   788 Mbits/sec                  
- - - - - - - - - - - - - - - - - - - - - - - - -
[  6]  74.00-75.00  sec  69.8 MBytes   585 Mbits/sec                  
[  9]  74.00-75.00  sec  28.1 MBytes   235 Mbits/sec                  
[SUM]  74.00-75.00  sec  97.8 MBytes   821 Mbits/sec                  
- - - - - - - - - - - - - - - - - - - - - - - - -
[  6]  75.00-76.00  sec  76.9 MBytes   644 Mbits/sec                  
[  9]  75.00-76.00  sec  27.2 MBytes   228 Mbits/sec                  
[SUM]  75.00-76.00  sec   104 MBytes   872 Mbits/sec                  
- - - - - - - - - - - - - - - - - - - - - - - - -
[  6]  76.00-77.00  sec  79.4 MBytes   667 Mbits/sec                  
[  9]  76.00-77.00  sec  29.5 MBytes   248 Mbits/sec                  
[SUM]  76.00-77.00  sec   109 MBytes   915 Mbits/sec                  
- - - - - - - - - - - - - - - - - - - - - - - - -
[  6]  77.00-78.00  sec  78.6 MBytes   660 Mbits/sec                  
[  9]  77.00-78.00  sec  31.2 MBytes   262 Mbits/sec                  
[SUM]  77.00-78.00  sec   110 MBytes   922 Mbits/sec                  
- - - - - - - - - - - - - - - - - - - - - - - - -
[  6]  78.00-79.00  sec  83.3 MBytes   699 Mbits/sec                  
[  9]  78.00-79.00  sec  26.6 MBytes   223 Mbits/sec                  
[SUM]  78.00-79.00  sec   110 MBytes   922 Mbits/sec                  
- - - - - - - - - - - - - - - - - - - - - - - - -
[  6]  79.00-80.00  sec  78.1 MBytes   655 Mbits/sec                  
[  9]  79.00-80.00  sec  24.9 MBytes   209 Mbits/sec                  
[SUM]  79.00-80.00  sec   103 MBytes   864 Mbits/sec                  
- - - - - - - - - - - - - - - - - - - - - - - - -
[  6]  80.00-80.01  sec   905 KBytes  1.11 Gbits/sec                  
[  9]  80.00-80.01  sec   297 KBytes   363 Mbits/sec                  
[SUM]  80.00-80.01  sec  1.17 MBytes  1.47 Gbits/sec                  
- - - - - - - - - - - - - - - - - - - - - - - - -
[ ID] Interval           Transfer     Bitrate
[  6]   0.00-80.01  sec  5.97 GBytes   641 Mbits/sec                  receiver
[  9]   0.00-80.01  sec  2.01 GBytes   216 Mbits/sec                  receiver
[SUM]   0.00-80.01  sec  7.98 GBytes   857 Mbits/sec                  receiver
