-----------------------------------------------------------
Server listening on 5201
-----------------------------------------------------------
Accepted connection from 10.0.2.5, port 39736
[  6] local 10.0.4.30 port 5201 connected to 10.0.2.5 port 1488
[  9] local 10.0.4.30 port 5201 connected to 10.0.2.5 port 1489
[ ID] Interval           Transfer     Bitrate
[  6]   0.00-1.00   sec  26.1 MBytes   219 Mbits/sec                  
[  9]   0.00-1.00   sec  65.1 MBytes   546 Mbits/sec                  
[SUM]   0.00-1.00   sec  91.2 MBytes   765 Mbits/sec                  
- - - - - - - - - - - - - - - - - - - - - - - - -
[  6]   1.00-2.00   sec  37.1 MBytes   311 Mbits/sec                  
[  9]   1.00-2.00   sec  64.8 MBytes   544 Mbits/sec                  
[SUM]   1.00-2.00   sec   102 MBytes   855 Mbits/sec                  
- - - - - - - - - - - - - - - - - - - - - - - - -
[  6]   2.00-3.00   sec  47.6 MBytes   398 Mbits/sec                  
[  9]   2.00-3.00   sec  56.7 MBytes   474 Mbits/sec                  
[SUM]   2.00-3.00   sec   104 MBytes   872 Mbits/sec                  
- - - - - - - - - - - - - - - - - - - - - - - - -
[  6]   3.00-4.00   sec  48.6 MBytes   409 Mbits/sec                  
[  9]   3.00-4.00   sec  50.4 MBytes   424 Mbits/sec                  
[SUM]   3.00-4.00   sec  99.0 MBytes   833 Mbits/sec                  
- - - - - - - - - - - - - - - - - - - - - - - - -
[  6]   4.00-5.00   sec  48.8 MBytes   409 Mbits/sec                  
[  9]   4.00-5.00   sec  50.4 MBytes   422 Mbits/sec                  
[SUM]   4.00-5.00   sec  99.2 MBytes   830 Mbits/sec                  
- - - - - - - - - - - - - - - - - - - - - - - - -
[  6]   5.00-6.00   sec  54.7 MBytes   460 Mbits/sec                  
[  9]   5.00-6.00   sec  54.8 MBytes   461 Mbits/sec                  
[SUM]   5.00-6.00   sec   110 MBytes   921 Mbits/sec                  
- - - - - - - - - - - - - - - - - - - - - - - - -
[  6]   6.00-7.00   sec  50.2 MBytes   421 Mbits/sec                  
[  9]   6.00-7.00   sec  50.3 MBytes   421 Mbits/sec                  
[SUM]   6.00-7.00   sec   100 MBytes   842 Mbits/sec                  
- - - - - - - - - - - - - - - - - - - - - - - - -
[  6]   7.00-8.00   sec  48.1 MBytes   404 Mbits/sec                  
[  9]   7.00-8.00   sec  50.2 MBytes   421 Mbits/sec                  
[SUM]   7.00-8.00   sec  98.3 MBytes   825 Mbits/sec                  
- - - - - - - - - - - - - - - - - - - - - - - - -
[  6]   8.00-9.00   sec  47.8 MBytes   401 Mbits/sec                  
[  9]   8.00-9.00   sec  49.0 MBytes   411 Mbits/sec                  
[SUM]   8.00-9.00   sec  96.7 MBytes   812 Mbits/sec                  
- - - - - - - - - - - - - - - - - - - - - - - - -
[  6]   9.00-10.00  sec  57.5 MBytes   483 Mbits/sec                  
[  9]   9.00-10.00  sec  42.6 MBytes   358 Mbits/sec                  
[SUM]   9.00-10.00  sec   100 MBytes   840 Mbits/sec                  
- - - - - - - - - - - - - - - - - - - - - - - - -
[  6]  10.00-11.00  sec  69.3 MBytes   581 Mbits/sec                  
[  9]  10.00-11.00  sec  36.7 MBytes   308 Mbits/sec                  
[SUM]  10.00-11.00  sec   106 MBytes   889 Mbits/sec                  
- - - - - - - - - - - - - - - - - - - - - - - - -
[  6]  11.00-12.00  sec  71.1 MBytes   596 Mbits/sec                  
[  9]  11.00-12.00  sec  33.4 MBytes   280 Mbits/sec                  
[SUM]  11.00-12.00  sec   104 MBytes   877 Mbits/sec                  
- - - - - - - - - - - - - - - - - - - - - - - - -
[  6]  12.00-13.00  sec  75.2 MBytes   631 Mbits/sec                  
[  9]  12.00-13.00  sec  24.3 MBytes   204 Mbits/sec                  
[SUM]  12.00-13.00  sec  99.5 MBytes   835 Mbits/sec                  
- - - - - - - - - - - - - - - - - - - - - - - - -
[  6]  13.00-14.00  sec  79.3 MBytes   665 Mbits/sec                  
[  9]  13.00-14.00  sec  25.5 MBytes   214 Mbits/sec                  
[SUM]  13.00-14.00  sec   105 MBytes   879 Mbits/sec                  
- - - - - - - - - - - - - - - - - - - - - - - - -
[  6]  14.00-15.00  sec  72.3 MBytes   607 Mbits/sec                  
[  9]  14.00-15.00  sec  33.5 MBytes   281 Mbits/sec                  
[SUM]  14.00-15.00  sec   106 MBytes   888 Mbits/sec                  
- - - - - - - - - - - - - - - - - - - - - - - - -
[  6]  15.00-16.00  sec  71.8 MBytes   602 Mbits/sec                  
[  9]  15.00-16.00  sec  34.2 MBytes   287 Mbits/sec                  
[SUM]  15.00-16.00  sec   106 MBytes   889 Mbits/sec                  
- - - - - - - - - - - - - - - - - - - - - - - - -
[  6]  16.00-17.00  sec  68.6 MBytes   575 Mbits/sec                  
[  9]  16.00-17.00  sec  33.6 MBytes   282 Mbits/sec                  
[SUM]  16.00-17.00  sec   102 MBytes   857 Mbits/sec                  
- - - - - - - - - - - - - - - - - - - - - - - - -
[  6]  17.00-18.00  sec  61.8 MBytes   518 Mbits/sec                  
[  9]  17.00-18.00  sec  32.1 MBytes   269 Mbits/sec                  
[SUM]  17.00-18.00  sec  93.9 MBytes   787 Mbits/sec                  
- - - - - - - - - - - - - - - - - - - - - - - - -
[  6]  18.00-19.00  sec  63.2 MBytes   531 Mbits/sec                  
[  9]  18.00-19.00  sec  34.3 MBytes   288 Mbits/sec                  
[SUM]  18.00-19.00  sec  97.5 MBytes   819 Mbits/sec                  
- - - - - - - - - - - - - - - - - - - - - - - - -
[  6]  19.00-20.00  sec  66.1 MBytes   554 Mbits/sec                  
[  9]  19.00-20.00  sec  37.6 MBytes   315 Mbits/sec                  
[SUM]  19.00-20.00  sec   104 MBytes   870 Mbits/sec                  
- - - - - - - - - - - - - - - - - - - - - - - - -
[  6]  20.00-21.00  sec  65.7 MBytes   551 Mbits/sec                  
[  9]  20.00-21.00  sec  38.7 MBytes   325 Mbits/sec                  
[SUM]  20.00-21.00  sec   104 MBytes   876 Mbits/sec                  
- - - - - - - - - - - - - - - - - - - - - - - - -
[  6]  21.00-22.00  sec  66.9 MBytes   561 Mbits/sec                  
[  9]  21.00-22.00  sec  40.2 MBytes   337 Mbits/sec                  
[SUM]  21.00-22.00  sec   107 MBytes   898 Mbits/sec                  
- - - - - - - - - - - - - - - - - - - - - - - - -
[  6]  22.00-23.00  sec  74.3 MBytes   622 Mbits/sec                  
[  9]  22.00-23.00  sec  33.5 MBytes   280 Mbits/sec                  
[SUM]  22.00-23.00  sec   108 MBytes   902 Mbits/sec                  
- - - - - - - - - - - - - - - - - - - - - - - - -
[  6]  23.00-24.00  sec  76.0 MBytes   639 Mbits/sec                  
[  9]  23.00-24.00  sec  26.6 MBytes   224 Mbits/sec                  
[SUM]  23.00-24.00  sec   103 MBytes   863 Mbits/sec                  
- - - - - - - - - - - - - - - - - - - - - - - - -
[  6]  24.00-25.00  sec  78.6 MBytes   659 Mbits/sec                  
[  9]  24.00-25.00  sec  28.5 MBytes   239 Mbits/sec                  
[SUM]  24.00-25.00  sec   107 MBytes   898 Mbits/sec                  
- - - - - - - - - - - - - - - - - - - - - - - - -
[  6]  25.00-26.00  sec  75.5 MBytes   633 Mbits/sec                  
[  9]  25.00-26.00  sec  30.4 MBytes   255 Mbits/sec                  
[SUM]  25.00-26.00  sec   106 MBytes   888 Mbits/sec                  
- - - - - - - - - - - - - - - - - - - - - - - - -
[  6]  26.00-27.00  sec  68.7 MBytes   576 Mbits/sec                  
[  9]  26.00-27.00  sec  29.9 MBytes   251 Mbits/sec                  
[SUM]  26.00-27.00  sec  98.5 MBytes   827 Mbits/sec                  
- - - - - - - - - - - - - - - - - - - - - - - - -
[  6]  27.00-28.00  sec  65.3 MBytes   547 Mbits/sec                  
[  9]  27.00-28.00  sec  30.5 MBytes   256 Mbits/sec                  
[SUM]  27.00-28.00  sec  95.8 MBytes   803 Mbits/sec                  
- - - - - - - - - - - - - - - - - - - - - - - - -
[  6]  28.00-29.00  sec  62.8 MBytes   527 Mbits/sec                  
[  9]  28.00-29.00  sec  31.0 MBytes   260 Mbits/sec                  
[SUM]  28.00-29.00  sec  93.8 MBytes   787 Mbits/sec                  
- - - - - - - - - - - - - - - - - - - - - - - - -
[  6]  29.00-30.00  sec  72.2 MBytes   605 Mbits/sec                  
[  9]  29.00-30.00  sec  27.3 MBytes   229 Mbits/sec                  
[SUM]  29.00-30.00  sec  99.4 MBytes   834 Mbits/sec                  
- - - - - - - - - - - - - - - - - - - - - - - - -
[  6]  30.00-31.00  sec  78.1 MBytes   654 Mbits/sec                  
[  9]  30.00-31.00  sec  27.0 MBytes   226 Mbits/sec                  
[SUM]  30.00-31.00  sec   105 MBytes   881 Mbits/sec                  
- - - - - - - - - - - - - - - - - - - - - - - - -
[  6]  31.00-32.00  sec  81.3 MBytes   682 Mbits/sec                  
[  9]  31.00-32.00  sec  24.2 MBytes   203 Mbits/sec                  
[SUM]  31.00-32.00  sec   106 MBytes   885 Mbits/sec                  
- - - - - - - - - - - - - - - - - - - - - - - - -
[  6]  32.00-33.00  sec  72.1 MBytes   606 Mbits/sec                  
[  9]  32.00-33.00  sec  24.7 MBytes   207 Mbits/sec                  
[SUM]  32.00-33.00  sec  96.8 MBytes   813 Mbits/sec                  
- - - - - - - - - - - - - - - - - - - - - - - - -
[  6]  33.00-34.00  sec  75.8 MBytes   636 Mbits/sec                  
[  9]  33.00-34.00  sec  27.6 MBytes   232 Mbits/sec                  
[SUM]  33.00-34.00  sec   103 MBytes   867 Mbits/sec                  
- - - - - - - - - - - - - - - - - - - - - - - - -
[  6]  34.00-35.00  sec  69.5 MBytes   583 Mbits/sec                  
[  9]  34.00-35.00  sec  27.1 MBytes   227 Mbits/sec                  
[SUM]  34.00-35.00  sec  96.6 MBytes   810 Mbits/sec                  
- - - - - - - - - - - - - - - - - - - - - - - - -
[  6]  35.00-36.00  sec  72.9 MBytes   611 Mbits/sec                  
[  9]  35.00-36.00  sec  29.8 MBytes   250 Mbits/sec                  
[SUM]  35.00-36.00  sec   103 MBytes   860 Mbits/sec                  
- - - - - - - - - - - - - - - - - - - - - - - - -
[  6]  36.00-37.00  sec  68.9 MBytes   579 Mbits/sec                  
[  9]  36.00-37.00  sec  30.8 MBytes   258 Mbits/sec                  
[SUM]  36.00-37.00  sec  99.6 MBytes   837 Mbits/sec                  
- - - - - - - - - - - - - - - - - - - - - - - - -
[  6]  37.00-38.00  sec  68.1 MBytes   571 Mbits/sec                  
[  9]  37.00-38.00  sec  32.7 MBytes   274 Mbits/sec                  
[SUM]  37.00-38.00  sec   101 MBytes   845 Mbits/sec                  
- - - - - - - - - - - - - - - - - - - - - - - - -
[  6]  38.00-39.00  sec  68.4 MBytes   574 Mbits/sec                  
[  9]  38.00-39.00  sec  33.8 MBytes   283 Mbits/sec                  
[SUM]  38.00-39.00  sec   102 MBytes   857 Mbits/sec                  
- - - - - - - - - - - - - - - - - - - - - - - - -
[  6]  39.00-40.00  sec  65.6 MBytes   549 Mbits/sec                  
[  9]  39.00-40.00  sec  35.0 MBytes   293 Mbits/sec                  
[SUM]  39.00-40.00  sec   101 MBytes   842 Mbits/sec                  
- - - - - - - - - - - - - - - - - - - - - - - - -
[  6]  40.00-41.00  sec  64.5 MBytes   541 Mbits/sec                  
[  9]  40.00-41.00  sec  36.0 MBytes   302 Mbits/sec                  
[SUM]  40.00-41.00  sec   100 MBytes   844 Mbits/sec                  
- - - - - - - - - - - - - - - - - - - - - - - - -
[  6]  41.00-42.00  sec  66.5 MBytes   558 Mbits/sec                  
[  9]  41.00-42.00  sec  39.0 MBytes   327 Mbits/sec                  
[SUM]  41.00-42.00  sec   105 MBytes   885 Mbits/sec                  
- - - - - - - - - - - - - - - - - - - - - - - - -
[  6]  42.00-43.00  sec  64.6 MBytes   542 Mbits/sec                  
[  9]  42.00-43.00  sec  38.6 MBytes   324 Mbits/sec                  
[SUM]  42.00-43.00  sec   103 MBytes   865 Mbits/sec                  
- - - - - - - - - - - - - - - - - - - - - - - - -
[  6]  43.00-44.00  sec  61.5 MBytes   516 Mbits/sec                  
[  9]  43.00-44.00  sec  38.2 MBytes   320 Mbits/sec                  
[SUM]  43.00-44.00  sec  99.7 MBytes   836 Mbits/sec                  
- - - - - - - - - - - - - - - - - - - - - - - - -
[  6]  44.00-45.00  sec  56.9 MBytes   477 Mbits/sec                  
[  9]  44.00-45.00  sec  35.9 MBytes   301 Mbits/sec                  
[SUM]  44.00-45.00  sec  92.8 MBytes   778 Mbits/sec                  
- - - - - - - - - - - - - - - - - - - - - - - - -
[  6]  45.00-46.00  sec  62.1 MBytes   521 Mbits/sec                  
[  9]  45.00-46.00  sec  39.7 MBytes   333 Mbits/sec                  
[SUM]  45.00-46.00  sec   102 MBytes   854 Mbits/sec                  
- - - - - - - - - - - - - - - - - - - - - - - - -
[  6]  46.00-47.00  sec  63.7 MBytes   534 Mbits/sec                  
[  9]  46.00-47.00  sec  40.0 MBytes   336 Mbits/sec                  
[SUM]  46.00-47.00  sec   104 MBytes   870 Mbits/sec                  
- - - - - - - - - - - - - - - - - - - - - - - - -
[  6]  47.00-48.00  sec  48.7 MBytes   409 Mbits/sec                  
[  9]  47.00-48.00  sec  32.6 MBytes   274 Mbits/sec                  
[SUM]  47.00-48.00  sec  81.3 MBytes   682 Mbits/sec                  
- - - - - - - - - - - - - - - - - - - - - - - - -
[  6]  48.00-49.00  sec  57.6 MBytes   483 Mbits/sec                  
[  9]  48.00-49.00  sec  37.6 MBytes   315 Mbits/sec                  
[SUM]  48.00-49.00  sec  95.2 MBytes   798 Mbits/sec                  
- - - - - - - - - - - - - - - - - - - - - - - - -
[  6]  49.00-50.00  sec  56.6 MBytes   475 Mbits/sec                  
[  9]  49.00-50.00  sec  39.4 MBytes   331 Mbits/sec                  
[SUM]  49.00-50.00  sec  96.0 MBytes   805 Mbits/sec                  
- - - - - - - - - - - - - - - - - - - - - - - - -
[  6]  50.00-51.00  sec  57.4 MBytes   481 Mbits/sec                  
[  9]  50.00-51.00  sec  40.4 MBytes   339 Mbits/sec                  
[SUM]  50.00-51.00  sec  97.8 MBytes   820 Mbits/sec                  
- - - - - - - - - - - - - - - - - - - - - - - - -
[  6]  51.00-52.00  sec  58.2 MBytes   487 Mbits/sec                  
[  9]  51.00-52.00  sec  42.3 MBytes   354 Mbits/sec                  
[SUM]  51.00-52.00  sec   100 MBytes   841 Mbits/sec                  
- - - - - - - - - - - - - - - - - - - - - - - - -
[  6]  52.00-53.00  sec  64.0 MBytes   538 Mbits/sec                  
[  9]  52.00-53.00  sec  36.7 MBytes   309 Mbits/sec                  
[SUM]  52.00-53.00  sec   101 MBytes   847 Mbits/sec                  
- - - - - - - - - - - - - - - - - - - - - - - - -
[  6]  53.00-54.00  sec  73.4 MBytes   615 Mbits/sec                  
[  9]  53.00-54.00  sec  28.3 MBytes   238 Mbits/sec                  
[SUM]  53.00-54.00  sec   102 MBytes   853 Mbits/sec                  
- - - - - - - - - - - - - - - - - - - - - - - - -
[  6]  54.00-55.00  sec  68.1 MBytes   572 Mbits/sec                  
[  9]  54.00-55.00  sec  37.3 MBytes   313 Mbits/sec                  
[SUM]  54.00-55.00  sec   105 MBytes   885 Mbits/sec                  
- - - - - - - - - - - - - - - - - - - - - - - - -
[  6]  55.00-56.00  sec  64.3 MBytes   539 Mbits/sec                  
[  9]  55.00-56.00  sec  37.2 MBytes   312 Mbits/sec                  
[SUM]  55.00-56.00  sec   101 MBytes   850 Mbits/sec                  
- - - - - - - - - - - - - - - - - - - - - - - - -
[  6]  56.00-57.00  sec  59.3 MBytes   498 Mbits/sec                  
[  9]  56.00-57.00  sec  36.6 MBytes   307 Mbits/sec                  
[SUM]  56.00-57.00  sec  95.9 MBytes   805 Mbits/sec                  
- - - - - - - - - - - - - - - - - - - - - - - - -
[  6]  57.00-58.00  sec  59.6 MBytes   500 Mbits/sec                  
[  9]  57.00-58.00  sec  29.9 MBytes   251 Mbits/sec                  
[SUM]  57.00-58.00  sec  89.6 MBytes   751 Mbits/sec                  
- - - - - - - - - - - - - - - - - - - - - - - - -
[  6]  58.00-59.00  sec  61.4 MBytes   515 Mbits/sec                  
[  9]  58.00-59.00  sec  30.8 MBytes   259 Mbits/sec                  
[SUM]  58.00-59.00  sec  92.2 MBytes   774 Mbits/sec                  
- - - - - - - - - - - - - - - - - - - - - - - - -
[  6]  59.00-60.00  sec  69.9 MBytes   586 Mbits/sec                  
[  9]  59.00-60.00  sec  34.9 MBytes   293 Mbits/sec                  
[SUM]  59.00-60.00  sec   105 MBytes   879 Mbits/sec                  
- - - - - - - - - - - - - - - - - - - - - - - - -
[  6]  60.00-61.00  sec  66.5 MBytes   557 Mbits/sec                  
[  9]  60.00-61.00  sec  33.5 MBytes   281 Mbits/sec                  
[SUM]  60.00-61.00  sec   100 MBytes   838 Mbits/sec                  
- - - - - - - - - - - - - - - - - - - - - - - - -
[  6]  61.00-62.00  sec  68.2 MBytes   572 Mbits/sec                  
[  9]  61.00-62.00  sec  35.2 MBytes   295 Mbits/sec                  
[SUM]  61.00-62.00  sec   103 MBytes   867 Mbits/sec                  
- - - - - - - - - - - - - - - - - - - - - - - - -
[  6]  62.00-63.00  sec  71.9 MBytes   603 Mbits/sec                  
[  9]  62.00-63.00  sec  39.2 MBytes   329 Mbits/sec                  
[SUM]  62.00-63.00  sec   111 MBytes   932 Mbits/sec                  
- - - - - - - - - - - - - - - - - - - - - - - - -
[  6]  63.00-64.00  sec  66.6 MBytes   559 Mbits/sec                  
[  9]  63.00-64.00  sec  36.6 MBytes   307 Mbits/sec                  
[SUM]  63.00-64.00  sec   103 MBytes   866 Mbits/sec                  
- - - - - - - - - - - - - - - - - - - - - - - - -
[  6]  64.00-65.00  sec  70.9 MBytes   594 Mbits/sec                  
[  9]  64.00-65.00  sec  31.7 MBytes   265 Mbits/sec                  
[SUM]  64.00-65.00  sec   103 MBytes   859 Mbits/sec                  
- - - - - - - - - - - - - - - - - - - - - - - - -
[  6]  65.00-66.00  sec  70.9 MBytes   595 Mbits/sec                  
[  9]  65.00-66.00  sec  34.0 MBytes   286 Mbits/sec                  
[SUM]  65.00-66.00  sec   105 MBytes   881 Mbits/sec                  
- - - - - - - - - - - - - - - - - - - - - - - - -
[  6]  66.00-67.00  sec  77.8 MBytes   652 Mbits/sec                  
[  9]  66.00-67.00  sec  27.8 MBytes   233 Mbits/sec                  
[SUM]  66.00-67.00  sec   106 MBytes   886 Mbits/sec                  
- - - - - - - - - - - - - - - - - - - - - - - - -
[  6]  67.00-68.00  sec  77.4 MBytes   649 Mbits/sec                  
[  9]  67.00-68.00  sec  26.3 MBytes   221 Mbits/sec                  
[SUM]  67.00-68.00  sec   104 MBytes   870 Mbits/sec                  
- - - - - - - - - - - - - - - - - - - - - - - - -
[  6]  68.00-69.00  sec  77.7 MBytes   651 Mbits/sec                  
[  9]  68.00-69.00  sec  21.6 MBytes   181 Mbits/sec                  
[SUM]  68.00-69.00  sec  99.3 MBytes   832 Mbits/sec                  
- - - - - - - - - - - - - - - - - - - - - - - - -
[  6]  69.00-70.00  sec  84.3 MBytes   707 Mbits/sec                  
[  9]  69.00-70.00  sec  18.1 MBytes   152 Mbits/sec                  
[SUM]  69.00-70.00  sec   102 MBytes   859 Mbits/sec                  
- - - - - - - - - - - - - - - - - - - - - - - - -
[  6]  70.00-71.00  sec  85.2 MBytes   715 Mbits/sec                  
[  9]  70.00-71.00  sec  20.8 MBytes   174 Mbits/sec                  
[SUM]  70.00-71.00  sec   106 MBytes   889 Mbits/sec                  
- - - - - - - - - - - - - - - - - - - - - - - - -
[  6]  71.00-72.00  sec  82.4 MBytes   691 Mbits/sec                  
[  9]  71.00-72.00  sec  22.5 MBytes   188 Mbits/sec                  
[SUM]  71.00-72.00  sec   105 MBytes   880 Mbits/sec                  
- - - - - - - - - - - - - - - - - - - - - - - - -
[  6]  72.00-73.00  sec  86.2 MBytes   723 Mbits/sec                  
[  9]  72.00-73.00  sec  18.1 MBytes   152 Mbits/sec                  
[SUM]  72.00-73.00  sec   104 MBytes   874 Mbits/sec                  
- - - - - - - - - - - - - - - - - - - - - - - - -
[  6]  73.00-74.00  sec  85.4 MBytes   716 Mbits/sec                  
[  9]  73.00-74.00  sec  17.5 MBytes   147 Mbits/sec                  
[SUM]  73.00-74.00  sec   103 MBytes   863 Mbits/sec                  
- - - - - - - - - - - - - - - - - - - - - - - - -
[  6]  74.00-75.00  sec  87.2 MBytes   732 Mbits/sec                  
[  9]  74.00-75.00  sec  16.5 MBytes   138 Mbits/sec                  
[SUM]  74.00-75.00  sec   104 MBytes   870 Mbits/sec                  
- - - - - - - - - - - - - - - - - - - - - - - - -
[  6]  75.00-76.00  sec  86.1 MBytes   722 Mbits/sec                  
[  9]  75.00-76.00  sec  17.0 MBytes   143 Mbits/sec                  
[SUM]  75.00-76.00  sec   103 MBytes   865 Mbits/sec                  
- - - - - - - - - - - - - - - - - - - - - - - - -
[  6]  76.00-77.00  sec  87.5 MBytes   734 Mbits/sec                  
[  9]  76.00-77.00  sec  15.8 MBytes   132 Mbits/sec                  
[SUM]  76.00-77.00  sec   103 MBytes   866 Mbits/sec                  
- - - - - - - - - - - - - - - - - - - - - - - - -
[  6]  77.00-78.00  sec  86.5 MBytes   725 Mbits/sec                  
[  9]  77.00-78.00  sec  17.5 MBytes   147 Mbits/sec                  
[SUM]  77.00-78.00  sec   104 MBytes   872 Mbits/sec                  
- - - - - - - - - - - - - - - - - - - - - - - - -
[  6]  78.00-79.00  sec  81.7 MBytes   686 Mbits/sec                  
[  9]  78.00-79.00  sec  19.5 MBytes   164 Mbits/sec                  
[SUM]  78.00-79.00  sec   101 MBytes   849 Mbits/sec                  
- - - - - - - - - - - - - - - - - - - - - - - - -
[  6]  79.00-80.00  sec  76.6 MBytes   642 Mbits/sec                  
[  9]  79.00-80.00  sec  20.7 MBytes   173 Mbits/sec                  
[SUM]  79.00-80.00  sec  97.3 MBytes   816 Mbits/sec                  
- - - - - - - - - - - - - - - - - - - - - - - - -
[  6]  80.00-80.03  sec  1.05 MBytes   324 Mbits/sec                  
[  9]  80.00-80.03  sec   283 KBytes  85.0 Mbits/sec                  
[SUM]  80.00-80.03  sec  1.33 MBytes   409 Mbits/sec                  
- - - - - - - - - - - - - - - - - - - - - - - - -
[ ID] Interval           Transfer     Bitrate
[  6]   0.00-80.03  sec  5.28 GBytes   567 Mbits/sec                  receiver
[  9]   0.00-80.03  sec  2.63 GBytes   282 Mbits/sec                  receiver
[SUM]   0.00-80.03  sec  7.91 GBytes   849 Mbits/sec                  receiver
