-----------------------------------------------------------
Server listening on 5201
-----------------------------------------------------------
Accepted connection from 10.0.2.5, port 39294
[  6] local 10.0.4.30 port 5201 connected to 10.0.2.5 port 1488
[  9] local 10.0.4.30 port 5201 connected to 10.0.2.5 port 1489
[ ID] Interval           Transfer     Bitrate
[  6]   0.00-1.00   sec  48.0 MBytes   403 Mbits/sec                  
[  9]   0.00-1.00   sec  50.1 MBytes   420 Mbits/sec                  
[SUM]   0.00-1.00   sec  98.1 MBytes   823 Mbits/sec                  
- - - - - - - - - - - - - - - - - - - - - - - - -
[  6]   1.00-2.00   sec  51.1 MBytes   429 Mbits/sec                  
[  9]   1.00-2.00   sec  50.7 MBytes   425 Mbits/sec                  
[SUM]   1.00-2.00   sec   102 MBytes   854 Mbits/sec                  
- - - - - - - - - - - - - - - - - - - - - - - - -
[  6]   2.00-3.00   sec  62.8 MBytes   527 Mbits/sec                  
[  9]   2.00-3.00   sec  47.7 MBytes   401 Mbits/sec                  
[SUM]   2.00-3.00   sec   111 MBytes   928 Mbits/sec                  
- - - - - - - - - - - - - - - - - - - - - - - - -
[  6]   3.00-4.00   sec  62.5 MBytes   524 Mbits/sec                  
[  9]   3.00-4.00   sec  44.4 MBytes   373 Mbits/sec                  
[SUM]   3.00-4.00   sec   107 MBytes   897 Mbits/sec                  
- - - - - - - - - - - - - - - - - - - - - - - - -
[  6]   4.00-5.00   sec  63.6 MBytes   534 Mbits/sec                  
[  9]   4.00-5.00   sec  46.6 MBytes   391 Mbits/sec                  
[SUM]   4.00-5.00   sec   110 MBytes   924 Mbits/sec                  
- - - - - - - - - - - - - - - - - - - - - - - - -
[  6]   5.00-6.00   sec  63.5 MBytes   533 Mbits/sec                  
[  9]   5.00-6.00   sec  47.4 MBytes   398 Mbits/sec                  
[SUM]   5.00-6.00   sec   111 MBytes   931 Mbits/sec                  
- - - - - - - - - - - - - - - - - - - - - - - - -
[  6]   6.00-7.00   sec  68.7 MBytes   576 Mbits/sec                  
[  9]   6.00-7.00   sec  39.0 MBytes   327 Mbits/sec                  
[SUM]   6.00-7.00   sec   108 MBytes   903 Mbits/sec                  
- - - - - - - - - - - - - - - - - - - - - - - - -
[  6]   7.00-8.00   sec  68.7 MBytes   576 Mbits/sec                  
[  9]   7.00-8.00   sec  38.7 MBytes   325 Mbits/sec                  
[SUM]   7.00-8.00   sec   107 MBytes   901 Mbits/sec                  
- - - - - - - - - - - - - - - - - - - - - - - - -
[  6]   8.00-9.00   sec  62.5 MBytes   524 Mbits/sec                  
[  9]   8.00-9.00   sec  36.6 MBytes   307 Mbits/sec                  
[SUM]   8.00-9.00   sec  99.2 MBytes   832 Mbits/sec                  
- - - - - - - - - - - - - - - - - - - - - - - - -
[  6]   9.00-10.00  sec  60.8 MBytes   510 Mbits/sec                  
[  9]   9.00-10.00  sec  37.1 MBytes   311 Mbits/sec                  
[SUM]   9.00-10.00  sec  97.9 MBytes   821 Mbits/sec                  
- - - - - - - - - - - - - - - - - - - - - - - - -
[  6]  10.00-11.00  sec  60.2 MBytes   505 Mbits/sec                  
[  9]  10.00-11.00  sec  38.0 MBytes   319 Mbits/sec                  
[SUM]  10.00-11.00  sec  98.2 MBytes   824 Mbits/sec                  
- - - - - - - - - - - - - - - - - - - - - - - - -
[  6]  11.00-12.00  sec  63.3 MBytes   531 Mbits/sec                  
[  9]  11.00-12.00  sec  39.6 MBytes   332 Mbits/sec                  
[SUM]  11.00-12.00  sec   103 MBytes   863 Mbits/sec                  
- - - - - - - - - - - - - - - - - - - - - - - - -
[  6]  12.00-13.00  sec  65.1 MBytes   546 Mbits/sec                  
[  9]  12.00-13.00  sec  41.5 MBytes   348 Mbits/sec                  
[SUM]  12.00-13.00  sec   107 MBytes   894 Mbits/sec                  
- - - - - - - - - - - - - - - - - - - - - - - - -
[  6]  13.00-14.00  sec  66.9 MBytes   561 Mbits/sec                  
[  9]  13.00-14.00  sec  42.0 MBytes   353 Mbits/sec                  
[SUM]  13.00-14.00  sec   109 MBytes   914 Mbits/sec                  
- - - - - - - - - - - - - - - - - - - - - - - - -
[  6]  14.00-15.00  sec  68.5 MBytes   574 Mbits/sec                  
[  9]  14.00-15.00  sec  41.1 MBytes   345 Mbits/sec                  
[SUM]  14.00-15.00  sec   110 MBytes   919 Mbits/sec                  
- - - - - - - - - - - - - - - - - - - - - - - - -
[  6]  15.00-16.00  sec  71.3 MBytes   598 Mbits/sec                  
[  9]  15.00-16.00  sec  36.1 MBytes   303 Mbits/sec                  
[SUM]  15.00-16.00  sec   107 MBytes   902 Mbits/sec                  
- - - - - - - - - - - - - - - - - - - - - - - - -
[  6]  16.00-17.00  sec  71.2 MBytes   597 Mbits/sec                  
[  9]  16.00-17.00  sec  38.5 MBytes   323 Mbits/sec                  
[SUM]  16.00-17.00  sec   110 MBytes   921 Mbits/sec                  
- - - - - - - - - - - - - - - - - - - - - - - - -
[  6]  17.00-18.00  sec  74.3 MBytes   623 Mbits/sec                  
[  9]  17.00-18.00  sec  33.5 MBytes   281 Mbits/sec                  
[SUM]  17.00-18.00  sec   108 MBytes   904 Mbits/sec                  
- - - - - - - - - - - - - - - - - - - - - - - - -
[  6]  18.00-19.00  sec  76.0 MBytes   638 Mbits/sec                  
[  9]  18.00-19.00  sec  30.5 MBytes   256 Mbits/sec                  
[SUM]  18.00-19.00  sec   106 MBytes   893 Mbits/sec                  
- - - - - - - - - - - - - - - - - - - - - - - - -
[  6]  19.00-20.00  sec  65.2 MBytes   547 Mbits/sec                  
[  9]  19.00-20.00  sec  28.2 MBytes   237 Mbits/sec                  
[SUM]  19.00-20.00  sec  93.4 MBytes   784 Mbits/sec                  
- - - - - - - - - - - - - - - - - - - - - - - - -
[  6]  20.00-21.00  sec  68.5 MBytes   574 Mbits/sec                  
[  9]  20.00-21.00  sec  31.1 MBytes   261 Mbits/sec                  
[SUM]  20.00-21.00  sec  99.6 MBytes   835 Mbits/sec                  
- - - - - - - - - - - - - - - - - - - - - - - - -
[  6]  21.00-22.00  sec  79.1 MBytes   664 Mbits/sec                  
[  9]  21.00-22.00  sec  29.3 MBytes   246 Mbits/sec                  
[SUM]  21.00-22.00  sec   108 MBytes   910 Mbits/sec                  
- - - - - - - - - - - - - - - - - - - - - - - - -
[  6]  22.00-23.00  sec  76.9 MBytes   645 Mbits/sec                  
[  9]  22.00-23.00  sec  28.9 MBytes   242 Mbits/sec                  
[SUM]  22.00-23.00  sec   106 MBytes   887 Mbits/sec                  
- - - - - - - - - - - - - - - - - - - - - - - - -
[  6]  23.00-24.00  sec  74.2 MBytes   622 Mbits/sec                  
[  9]  23.00-24.00  sec  29.4 MBytes   247 Mbits/sec                  
[SUM]  23.00-24.00  sec   104 MBytes   869 Mbits/sec                  
- - - - - - - - - - - - - - - - - - - - - - - - -
[  6]  24.00-25.00  sec  71.9 MBytes   604 Mbits/sec                  
[  9]  24.00-25.00  sec  31.4 MBytes   264 Mbits/sec                  
[SUM]  24.00-25.00  sec   103 MBytes   867 Mbits/sec                  
- - - - - - - - - - - - - - - - - - - - - - - - -
[  6]  25.00-26.00  sec  72.1 MBytes   605 Mbits/sec                  
[  9]  25.00-26.00  sec  31.2 MBytes   262 Mbits/sec                  
[SUM]  25.00-26.00  sec   103 MBytes   867 Mbits/sec                  
- - - - - - - - - - - - - - - - - - - - - - - - -
[  6]  26.00-27.00  sec  70.4 MBytes   591 Mbits/sec                  
[  9]  26.00-27.00  sec  31.1 MBytes   261 Mbits/sec                  
[SUM]  26.00-27.00  sec   101 MBytes   851 Mbits/sec                  
- - - - - - - - - - - - - - - - - - - - - - - - -
[  6]  27.00-28.00  sec  67.4 MBytes   565 Mbits/sec                  
[  9]  27.00-28.00  sec  31.4 MBytes   263 Mbits/sec                  
[SUM]  27.00-28.00  sec  98.8 MBytes   829 Mbits/sec                  
- - - - - - - - - - - - - - - - - - - - - - - - -
[  6]  28.00-29.00  sec  62.5 MBytes   524 Mbits/sec                  
[  9]  28.00-29.00  sec  31.7 MBytes   266 Mbits/sec                  
[SUM]  28.00-29.00  sec  94.2 MBytes   790 Mbits/sec                  
- - - - - - - - - - - - - - - - - - - - - - - - -
[  6]  29.00-30.00  sec  61.5 MBytes   516 Mbits/sec                  
[  9]  29.00-30.00  sec  32.7 MBytes   274 Mbits/sec                  
[SUM]  29.00-30.00  sec  94.2 MBytes   791 Mbits/sec                  
- - - - - - - - - - - - - - - - - - - - - - - - -
[  6]  30.00-31.00  sec  72.0 MBytes   604 Mbits/sec                  
[  9]  30.00-31.00  sec  40.2 MBytes   338 Mbits/sec                  
[SUM]  30.00-31.00  sec   112 MBytes   942 Mbits/sec                  
- - - - - - - - - - - - - - - - - - - - - - - - -
[  6]  31.00-32.00  sec  71.6 MBytes   601 Mbits/sec                  
[  9]  31.00-32.00  sec  41.1 MBytes   345 Mbits/sec                  
[SUM]  31.00-32.00  sec   113 MBytes   945 Mbits/sec                  
- - - - - - - - - - - - - - - - - - - - - - - - -
[  6]  32.00-33.00  sec  63.2 MBytes   530 Mbits/sec                  
[  9]  32.00-33.00  sec  38.4 MBytes   322 Mbits/sec                  
[SUM]  32.00-33.00  sec   102 MBytes   852 Mbits/sec                  
- - - - - - - - - - - - - - - - - - - - - - - - -
[  6]  33.00-34.00  sec  76.4 MBytes   641 Mbits/sec                  
[  9]  33.00-34.00  sec  33.4 MBytes   280 Mbits/sec                  
[SUM]  33.00-34.00  sec   110 MBytes   921 Mbits/sec                  
- - - - - - - - - - - - - - - - - - - - - - - - -
[  6]  34.00-35.00  sec  69.1 MBytes   580 Mbits/sec                  
[  9]  34.00-35.00  sec  31.3 MBytes   262 Mbits/sec                  
[SUM]  34.00-35.00  sec   100 MBytes   842 Mbits/sec                  
- - - - - - - - - - - - - - - - - - - - - - - - -
[  6]  35.00-36.00  sec  75.1 MBytes   630 Mbits/sec                  
[  9]  35.00-36.00  sec  35.6 MBytes   298 Mbits/sec                  
[SUM]  35.00-36.00  sec   111 MBytes   928 Mbits/sec                  
- - - - - - - - - - - - - - - - - - - - - - - - -
[  6]  36.00-37.00  sec  48.3 MBytes   406 Mbits/sec                  
[  9]  36.00-37.00  sec  24.6 MBytes   206 Mbits/sec                  
[SUM]  36.00-37.00  sec  72.9 MBytes   612 Mbits/sec                  
- - - - - - - - - - - - - - - - - - - - - - - - -
[  6]  37.00-38.00  sec  43.9 MBytes   368 Mbits/sec                  
[  9]  37.00-38.00  sec  22.8 MBytes   191 Mbits/sec                  
[SUM]  37.00-38.00  sec  66.7 MBytes   560 Mbits/sec                  
- - - - - - - - - - - - - - - - - - - - - - - - -
[  6]  38.00-39.00  sec  41.9 MBytes   351 Mbits/sec                  
[  9]  38.00-39.00  sec  23.2 MBytes   195 Mbits/sec                  
[SUM]  38.00-39.00  sec  65.1 MBytes   546 Mbits/sec                  
- - - - - - - - - - - - - - - - - - - - - - - - -
[  6]  39.00-40.00  sec  68.3 MBytes   573 Mbits/sec                  
[  9]  39.00-40.00  sec  32.5 MBytes   272 Mbits/sec                  
[SUM]  39.00-40.00  sec   101 MBytes   845 Mbits/sec                  
- - - - - - - - - - - - - - - - - - - - - - - - -
[  6]  40.00-41.00  sec  69.4 MBytes   582 Mbits/sec                  
[  9]  40.00-41.00  sec  30.1 MBytes   253 Mbits/sec                  
[SUM]  40.00-41.00  sec  99.6 MBytes   835 Mbits/sec                  
- - - - - - - - - - - - - - - - - - - - - - - - -
[  6]  41.00-42.00  sec  61.4 MBytes   515 Mbits/sec                  
[  9]  41.00-42.00  sec  31.3 MBytes   263 Mbits/sec                  
[SUM]  41.00-42.00  sec  92.7 MBytes   778 Mbits/sec                  
- - - - - - - - - - - - - - - - - - - - - - - - -
[  6]  42.00-43.00  sec  71.4 MBytes   597 Mbits/sec                  
[  9]  42.00-43.00  sec  44.3 MBytes   371 Mbits/sec                  
[SUM]  42.00-43.00  sec   116 MBytes   968 Mbits/sec                  
- - - - - - - - - - - - - - - - - - - - - - - - -
[  6]  43.00-44.00  sec  60.4 MBytes   507 Mbits/sec                  
[  9]  43.00-44.00  sec  39.0 MBytes   327 Mbits/sec                  
[SUM]  43.00-44.00  sec  99.3 MBytes   834 Mbits/sec                  
- - - - - - - - - - - - - - - - - - - - - - - - -
[  6]  44.00-45.00  sec  66.6 MBytes   559 Mbits/sec                  
[  9]  44.00-45.00  sec  44.2 MBytes   371 Mbits/sec                  
[SUM]  44.00-45.00  sec   111 MBytes   931 Mbits/sec                  
- - - - - - - - - - - - - - - - - - - - - - - - -
[  6]  45.00-46.00  sec  58.7 MBytes   492 Mbits/sec                  
[  9]  45.00-46.00  sec  40.7 MBytes   342 Mbits/sec                  
[SUM]  45.00-46.00  sec  99.4 MBytes   834 Mbits/sec                  
- - - - - - - - - - - - - - - - - - - - - - - - -
[  6]  46.00-47.00  sec  66.1 MBytes   555 Mbits/sec                  
[  9]  46.00-47.00  sec  46.9 MBytes   393 Mbits/sec                  
[SUM]  46.00-47.00  sec   113 MBytes   948 Mbits/sec                  
- - - - - - - - - - - - - - - - - - - - - - - - -
[  6]  47.00-48.00  sec  78.6 MBytes   659 Mbits/sec                  
[  9]  47.00-48.00  sec  42.7 MBytes   358 Mbits/sec                  
[SUM]  47.00-48.00  sec   121 MBytes  1.02 Gbits/sec                  
- - - - - - - - - - - - - - - - - - - - - - - - -
[  6]  48.00-49.00  sec  79.5 MBytes   667 Mbits/sec                  
[  9]  48.00-49.00  sec  43.6 MBytes   365 Mbits/sec                  
[SUM]  48.00-49.00  sec   123 MBytes  1.03 Gbits/sec                  
- - - - - - - - - - - - - - - - - - - - - - - - -
[  6]  49.00-50.00  sec  64.9 MBytes   544 Mbits/sec                  
[  9]  49.00-50.00  sec  36.4 MBytes   305 Mbits/sec                  
[SUM]  49.00-50.00  sec   101 MBytes   849 Mbits/sec                  
- - - - - - - - - - - - - - - - - - - - - - - - -
[  6]  50.00-51.00  sec  69.1 MBytes   580 Mbits/sec                  
[  9]  50.00-51.00  sec  39.2 MBytes   329 Mbits/sec                  
[SUM]  50.00-51.00  sec   108 MBytes   908 Mbits/sec                  
- - - - - - - - - - - - - - - - - - - - - - - - -
[  6]  51.00-52.00  sec  93.1 MBytes   781 Mbits/sec                  
[  9]  51.00-52.00  sec  41.6 MBytes   349 Mbits/sec                  
[SUM]  51.00-52.00  sec   135 MBytes  1.13 Gbits/sec                  
- - - - - - - - - - - - - - - - - - - - - - - - -
[  6]  52.00-53.00  sec  90.5 MBytes   758 Mbits/sec                  
[  9]  52.00-53.00  sec  40.7 MBytes   341 Mbits/sec                  
[SUM]  52.00-53.00  sec   131 MBytes  1.10 Gbits/sec                  
- - - - - - - - - - - - - - - - - - - - - - - - -
[  6]  53.00-54.00  sec  91.8 MBytes   771 Mbits/sec                  
[  9]  53.00-54.00  sec  45.1 MBytes   378 Mbits/sec                  
[SUM]  53.00-54.00  sec   137 MBytes  1.15 Gbits/sec                  
- - - - - - - - - - - - - - - - - - - - - - - - -
[  6]  54.00-55.00  sec  70.0 MBytes   587 Mbits/sec                  
[  9]  54.00-55.00  sec  36.6 MBytes   307 Mbits/sec                  
[SUM]  54.00-55.00  sec   107 MBytes   894 Mbits/sec                  
- - - - - - - - - - - - - - - - - - - - - - - - -
[  6]  55.00-56.00  sec  79.2 MBytes   664 Mbits/sec                  
[  9]  55.00-56.00  sec  37.3 MBytes   313 Mbits/sec                  
[SUM]  55.00-56.00  sec   116 MBytes   977 Mbits/sec                  
- - - - - - - - - - - - - - - - - - - - - - - - -
[  6]  56.00-57.00  sec   112 MBytes   942 Mbits/sec                  
[  9]  56.00-57.00  sec  24.4 MBytes   205 Mbits/sec                  
[SUM]  56.00-57.00  sec   137 MBytes  1.15 Gbits/sec                  
- - - - - - - - - - - - - - - - - - - - - - - - -
[  6]  57.00-58.00  sec   113 MBytes   951 Mbits/sec                  
[  9]  57.00-58.00  sec  27.2 MBytes   228 Mbits/sec                  
[SUM]  57.00-58.00  sec   141 MBytes  1.18 Gbits/sec                  
- - - - - - - - - - - - - - - - - - - - - - - - -
[  6]  58.00-59.00  sec   106 MBytes   885 Mbits/sec                  
[  9]  58.00-59.00  sec  29.2 MBytes   245 Mbits/sec                  
[SUM]  58.00-59.00  sec   135 MBytes  1.13 Gbits/sec                  
- - - - - - - - - - - - - - - - - - - - - - - - -
[  6]  59.00-60.00  sec   106 MBytes   891 Mbits/sec                  
[  9]  59.00-60.00  sec  23.6 MBytes   198 Mbits/sec                  
[SUM]  59.00-60.00  sec   130 MBytes  1.09 Gbits/sec                  
- - - - - - - - - - - - - - - - - - - - - - - - -
[  6]  60.00-61.00  sec   107 MBytes   900 Mbits/sec                  
[  9]  60.00-61.00  sec  19.2 MBytes   161 Mbits/sec                  
[SUM]  60.00-61.00  sec   126 MBytes  1.06 Gbits/sec                  
- - - - - - - - - - - - - - - - - - - - - - - - -
[  6]  61.00-62.00  sec   115 MBytes   964 Mbits/sec                  
[  9]  61.00-62.00  sec  25.7 MBytes   216 Mbits/sec                  
[SUM]  61.00-62.00  sec   141 MBytes  1.18 Gbits/sec                  
- - - - - - - - - - - - - - - - - - - - - - - - -
[  6]  62.00-63.00  sec   105 MBytes   882 Mbits/sec                  
[  9]  62.00-63.00  sec  32.6 MBytes   273 Mbits/sec                  
[SUM]  62.00-63.00  sec   138 MBytes  1.15 Gbits/sec                  
- - - - - - - - - - - - - - - - - - - - - - - - -
[  6]  63.00-64.00  sec   111 MBytes   929 Mbits/sec                  
[  9]  63.00-64.00  sec  36.4 MBytes   306 Mbits/sec                  
[SUM]  63.00-64.00  sec   147 MBytes  1.23 Gbits/sec                  
- - - - - - - - - - - - - - - - - - - - - - - - -
[  6]  64.00-65.00  sec  97.5 MBytes   817 Mbits/sec                  
[  9]  64.00-65.00  sec  47.2 MBytes   396 Mbits/sec                  
[SUM]  64.00-65.00  sec   145 MBytes  1.21 Gbits/sec                  
- - - - - - - - - - - - - - - - - - - - - - - - -
[  6]  65.00-66.00  sec  68.4 MBytes   574 Mbits/sec                  
[  9]  65.00-66.00  sec  34.3 MBytes   288 Mbits/sec                  
[SUM]  65.00-66.00  sec   103 MBytes   862 Mbits/sec                  
- - - - - - - - - - - - - - - - - - - - - - - - -
[  6]  66.00-67.00  sec  74.0 MBytes   621 Mbits/sec                  
[  9]  66.00-67.00  sec  29.7 MBytes   249 Mbits/sec                  
[SUM]  66.00-67.00  sec   104 MBytes   870 Mbits/sec                  
- - - - - - - - - - - - - - - - - - - - - - - - -
[  6]  67.00-68.00  sec  95.0 MBytes   797 Mbits/sec                  
[  9]  67.00-68.00  sec  38.6 MBytes   323 Mbits/sec                  
[SUM]  67.00-68.00  sec   134 MBytes  1.12 Gbits/sec                  
- - - - - - - - - - - - - - - - - - - - - - - - -
[  6]  68.00-69.00  sec   102 MBytes   854 Mbits/sec                  
[  9]  68.00-69.00  sec  32.2 MBytes   270 Mbits/sec                  
[SUM]  68.00-69.00  sec   134 MBytes  1.12 Gbits/sec                  
- - - - - - - - - - - - - - - - - - - - - - - - -
[  6]  69.00-70.00  sec  90.0 MBytes   754 Mbits/sec                  
[  9]  69.00-70.00  sec  31.1 MBytes   261 Mbits/sec                  
[SUM]  69.00-70.00  sec   121 MBytes  1.01 Gbits/sec                  
- - - - - - - - - - - - - - - - - - - - - - - - -
[  6]  70.00-71.00  sec  92.0 MBytes   773 Mbits/sec                  
[  9]  70.00-71.00  sec  24.7 MBytes   208 Mbits/sec                  
[SUM]  70.00-71.00  sec   117 MBytes   981 Mbits/sec                  
- - - - - - - - - - - - - - - - - - - - - - - - -
[  6]  71.00-72.00  sec  75.8 MBytes   635 Mbits/sec                  
[  9]  71.00-72.00  sec  18.4 MBytes   154 Mbits/sec                  
[SUM]  71.00-72.00  sec  94.2 MBytes   789 Mbits/sec                  
- - - - - - - - - - - - - - - - - - - - - - - - -
[  6]  72.00-73.00  sec  89.1 MBytes   748 Mbits/sec                  
[  9]  72.00-73.00  sec  22.1 MBytes   185 Mbits/sec                  
[SUM]  72.00-73.00  sec   111 MBytes   933 Mbits/sec                  
- - - - - - - - - - - - - - - - - - - - - - - - -
[  6]  73.00-74.00  sec  86.9 MBytes   729 Mbits/sec                  
[  9]  73.00-74.00  sec  23.1 MBytes   194 Mbits/sec                  
[SUM]  73.00-74.00  sec   110 MBytes   923 Mbits/sec                  
- - - - - - - - - - - - - - - - - - - - - - - - -
[  6]  74.00-75.00  sec  90.2 MBytes   757 Mbits/sec                  
[  9]  74.00-75.00  sec  24.1 MBytes   203 Mbits/sec                  
[SUM]  74.00-75.00  sec   114 MBytes   959 Mbits/sec                  
- - - - - - - - - - - - - - - - - - - - - - - - -
[  6]  75.00-76.00  sec  96.4 MBytes   809 Mbits/sec                  
[  9]  75.00-76.00  sec  28.1 MBytes   236 Mbits/sec                  
[SUM]  75.00-76.00  sec   125 MBytes  1.04 Gbits/sec                  
- - - - - - - - - - - - - - - - - - - - - - - - -
[  6]  76.00-77.00  sec  62.3 MBytes   523 Mbits/sec                  
[  9]  76.00-77.00  sec  19.8 MBytes   166 Mbits/sec                  
[SUM]  76.00-77.00  sec  82.1 MBytes   689 Mbits/sec                  
- - - - - - - - - - - - - - - - - - - - - - - - -
[  6]  77.00-78.00  sec  70.9 MBytes   595 Mbits/sec                  
[  9]  77.00-78.00  sec  28.8 MBytes   242 Mbits/sec                  
[SUM]  77.00-78.00  sec  99.7 MBytes   837 Mbits/sec                  
- - - - - - - - - - - - - - - - - - - - - - - - -
[  6]  78.00-79.00  sec  90.2 MBytes   757 Mbits/sec                  
[  9]  78.00-79.00  sec  31.4 MBytes   263 Mbits/sec                  
[SUM]  78.00-79.00  sec   122 MBytes  1.02 Gbits/sec                  
- - - - - - - - - - - - - - - - - - - - - - - - -
[  6]  79.00-80.00  sec  85.0 MBytes   713 Mbits/sec                  
[  9]  79.00-80.00  sec  33.1 MBytes   278 Mbits/sec                  
[SUM]  79.00-80.00  sec   118 MBytes   991 Mbits/sec                  
- - - - - - - - - - - - - - - - - - - - - - - - -
[  6]  80.00-80.01  sec  1.01 MBytes   710 Mbits/sec                  
[  9]  80.00-80.01  sec   407 KBytes   279 Mbits/sec                  
[SUM]  80.00-80.01  sec  1.41 MBytes   989 Mbits/sec                  
- - - - - - - - - - - - - - - - - - - - - - - - -
[ ID] Interval           Transfer     Bitrate
[  6]   0.00-80.01  sec  5.90 GBytes   633 Mbits/sec                  receiver
[  9]   0.00-80.01  sec  2.70 GBytes   290 Mbits/sec                  receiver
[SUM]   0.00-80.01  sec  8.60 GBytes   923 Mbits/sec                  receiver
