-----------------------------------------------------------
Server listening on 5201
-----------------------------------------------------------
Accepted connection from 10.0.2.5, port 39460
[  6] local 10.0.4.30 port 5201 connected to 10.0.2.5 port 1488
[  9] local 10.0.4.30 port 5201 connected to 10.0.2.5 port 1489
[ ID] Interval           Transfer     Bitrate
[  6]   0.00-1.00   sec  58.7 MBytes   492 Mbits/sec                  
[  9]   0.00-1.00   sec  60.0 MBytes   503 Mbits/sec                  
[SUM]   0.00-1.00   sec   119 MBytes   995 Mbits/sec                  
- - - - - - - - - - - - - - - - - - - - - - - - -
[  6]   1.00-2.00   sec  78.0 MBytes   653 Mbits/sec                  
[  9]   1.00-2.00   sec  60.5 MBytes   506 Mbits/sec                  
[SUM]   1.00-2.00   sec   138 MBytes  1.16 Gbits/sec                  
- - - - - - - - - - - - - - - - - - - - - - - - -
[  6]   2.00-3.00   sec  72.8 MBytes   612 Mbits/sec                  
[  9]   2.00-3.00   sec  57.2 MBytes   481 Mbits/sec                  
[SUM]   2.00-3.00   sec   130 MBytes  1.09 Gbits/sec                  
- - - - - - - - - - - - - - - - - - - - - - - - -
[  6]   3.00-4.00   sec  79.0 MBytes   663 Mbits/sec                  
[  9]   3.00-4.00   sec  59.4 MBytes   498 Mbits/sec                  
[SUM]   3.00-4.00   sec   138 MBytes  1.16 Gbits/sec                  
- - - - - - - - - - - - - - - - - - - - - - - - -
[  6]   4.00-5.00   sec  79.7 MBytes   668 Mbits/sec                  
[  9]   4.00-5.00   sec  48.2 MBytes   404 Mbits/sec                  
[SUM]   4.00-5.00   sec   128 MBytes  1.07 Gbits/sec                  
- - - - - - - - - - - - - - - - - - - - - - - - -
[  6]   5.00-6.00   sec  86.8 MBytes   728 Mbits/sec                  
[  9]   5.00-6.00   sec  53.9 MBytes   453 Mbits/sec                  
[SUM]   5.00-6.00   sec   141 MBytes  1.18 Gbits/sec                  
- - - - - - - - - - - - - - - - - - - - - - - - -
[  6]   6.00-7.00   sec  85.8 MBytes   720 Mbits/sec                  
[  9]   6.00-7.00   sec  39.4 MBytes   331 Mbits/sec                  
[SUM]   6.00-7.00   sec   125 MBytes  1.05 Gbits/sec                  
- - - - - - - - - - - - - - - - - - - - - - - - -
[  6]   7.00-8.00   sec  87.7 MBytes   735 Mbits/sec                  
[  9]   7.00-8.00   sec  42.4 MBytes   356 Mbits/sec                  
[SUM]   7.00-8.00   sec   130 MBytes  1.09 Gbits/sec                  
- - - - - - - - - - - - - - - - - - - - - - - - -
[  6]   8.00-9.00   sec  71.0 MBytes   596 Mbits/sec                  
[  9]   8.00-9.00   sec  49.5 MBytes   416 Mbits/sec                  
[SUM]   8.00-9.00   sec   121 MBytes  1.01 Gbits/sec                  
- - - - - - - - - - - - - - - - - - - - - - - - -
[  6]   9.00-10.00  sec  80.2 MBytes   672 Mbits/sec                  
[  9]   9.00-10.00  sec  54.6 MBytes   458 Mbits/sec                  
[SUM]   9.00-10.00  sec   135 MBytes  1.13 Gbits/sec                  
- - - - - - - - - - - - - - - - - - - - - - - - -
[  6]  10.00-11.00  sec  90.8 MBytes   762 Mbits/sec                  
[  9]  10.00-11.00  sec  49.3 MBytes   413 Mbits/sec                  
[SUM]  10.00-11.00  sec   140 MBytes  1.17 Gbits/sec                  
- - - - - - - - - - - - - - - - - - - - - - - - -
[  6]  11.00-12.00  sec  91.0 MBytes   764 Mbits/sec                  
[  9]  11.00-12.00  sec  45.1 MBytes   378 Mbits/sec                  
[SUM]  11.00-12.00  sec   136 MBytes  1.14 Gbits/sec                  
- - - - - - - - - - - - - - - - - - - - - - - - -
[  6]  12.00-13.00  sec   104 MBytes   874 Mbits/sec                  
[  9]  12.00-13.00  sec  41.0 MBytes   344 Mbits/sec                  
[SUM]  12.00-13.00  sec   145 MBytes  1.22 Gbits/sec                  
- - - - - - - - - - - - - - - - - - - - - - - - -
[  6]  13.00-14.00  sec  95.5 MBytes   802 Mbits/sec                  
[  9]  13.00-14.00  sec  41.3 MBytes   347 Mbits/sec                  
[SUM]  13.00-14.00  sec   137 MBytes  1.15 Gbits/sec                  
- - - - - - - - - - - - - - - - - - - - - - - - -
[  6]  14.00-15.00  sec   109 MBytes   914 Mbits/sec                  
[  9]  14.00-15.00  sec  35.4 MBytes   297 Mbits/sec                  
[SUM]  14.00-15.00  sec   144 MBytes  1.21 Gbits/sec                  
- - - - - - - - - - - - - - - - - - - - - - - - -
[  6]  15.00-16.00  sec   109 MBytes   914 Mbits/sec                  
[  9]  15.00-16.00  sec  27.3 MBytes   229 Mbits/sec                  
[SUM]  15.00-16.00  sec   136 MBytes  1.14 Gbits/sec                  
- - - - - - - - - - - - - - - - - - - - - - - - -
[  6]  16.00-17.00  sec  93.0 MBytes   779 Mbits/sec                  
[  9]  16.00-17.00  sec  26.5 MBytes   222 Mbits/sec                  
[SUM]  16.00-17.00  sec   120 MBytes  1.00 Gbits/sec                  
- - - - - - - - - - - - - - - - - - - - - - - - -
[  6]  17.00-18.00  sec  94.5 MBytes   794 Mbits/sec                  
[  9]  17.00-18.00  sec  28.8 MBytes   242 Mbits/sec                  
[SUM]  17.00-18.00  sec   123 MBytes  1.04 Gbits/sec                  
- - - - - - - - - - - - - - - - - - - - - - - - -
[  6]  18.00-19.00  sec   103 MBytes   868 Mbits/sec                  
[  9]  18.00-19.00  sec  33.7 MBytes   283 Mbits/sec                  
[SUM]  18.00-19.00  sec   137 MBytes  1.15 Gbits/sec                  
- - - - - - - - - - - - - - - - - - - - - - - - -
[  6]  19.00-20.00  sec   103 MBytes   861 Mbits/sec                  
[  9]  19.00-20.00  sec  36.1 MBytes   303 Mbits/sec                  
[SUM]  19.00-20.00  sec   139 MBytes  1.16 Gbits/sec                  
- - - - - - - - - - - - - - - - - - - - - - - - -
[  6]  20.00-21.00  sec   108 MBytes   908 Mbits/sec                  
[  9]  20.00-21.00  sec  30.6 MBytes   257 Mbits/sec                  
[SUM]  20.00-21.00  sec   139 MBytes  1.17 Gbits/sec                  
- - - - - - - - - - - - - - - - - - - - - - - - -
[  6]  21.00-22.00  sec   115 MBytes   966 Mbits/sec                  
[  9]  21.00-22.00  sec  32.0 MBytes   268 Mbits/sec                  
[SUM]  21.00-22.00  sec   147 MBytes  1.23 Gbits/sec                  
- - - - - - - - - - - - - - - - - - - - - - - - -
[  6]  22.00-23.00  sec   111 MBytes   935 Mbits/sec                  
[  9]  22.00-23.00  sec  21.3 MBytes   178 Mbits/sec                  
[SUM]  22.00-23.00  sec   133 MBytes  1.11 Gbits/sec                  
- - - - - - - - - - - - - - - - - - - - - - - - -
[  6]  23.00-24.00  sec   117 MBytes   980 Mbits/sec                  
[  9]  23.00-24.00  sec  26.7 MBytes   224 Mbits/sec                  
[SUM]  23.00-24.00  sec   144 MBytes  1.20 Gbits/sec                  
- - - - - - - - - - - - - - - - - - - - - - - - -
[  6]  24.00-25.00  sec   105 MBytes   877 Mbits/sec                  
[  9]  24.00-25.00  sec  28.6 MBytes   240 Mbits/sec                  
[SUM]  24.00-25.00  sec   133 MBytes  1.12 Gbits/sec                  
- - - - - - - - - - - - - - - - - - - - - - - - -
[  6]  25.00-26.00  sec   105 MBytes   877 Mbits/sec                  
[  9]  25.00-26.00  sec  32.3 MBytes   271 Mbits/sec                  
[SUM]  25.00-26.00  sec   137 MBytes  1.15 Gbits/sec                  
- - - - - - - - - - - - - - - - - - - - - - - - -
[  6]  26.00-27.00  sec   107 MBytes   897 Mbits/sec                  
[  9]  26.00-27.00  sec  29.6 MBytes   248 Mbits/sec                  
[SUM]  26.00-27.00  sec   137 MBytes  1.15 Gbits/sec                  
- - - - - - - - - - - - - - - - - - - - - - - - -
[  6]  27.00-28.00  sec   106 MBytes   888 Mbits/sec                  
[  9]  27.00-28.00  sec  29.0 MBytes   243 Mbits/sec                  
[SUM]  27.00-28.00  sec   135 MBytes  1.13 Gbits/sec                  
- - - - - - - - - - - - - - - - - - - - - - - - -
[  6]  28.00-29.00  sec   101 MBytes   846 Mbits/sec                  
[  9]  28.00-29.00  sec  24.4 MBytes   204 Mbits/sec                  
[SUM]  28.00-29.00  sec   125 MBytes  1.05 Gbits/sec                  
- - - - - - - - - - - - - - - - - - - - - - - - -
[  6]  29.00-30.00  sec  92.5 MBytes   775 Mbits/sec                  
[  9]  29.00-30.00  sec  21.4 MBytes   179 Mbits/sec                  
[SUM]  29.00-30.00  sec   114 MBytes   954 Mbits/sec                  
- - - - - - - - - - - - - - - - - - - - - - - - -
[  6]  30.00-31.00  sec   102 MBytes   861 Mbits/sec                  
[  9]  30.00-31.00  sec  25.9 MBytes   218 Mbits/sec                  
[SUM]  30.00-31.00  sec   128 MBytes  1.08 Gbits/sec                  
- - - - - - - - - - - - - - - - - - - - - - - - -
[  6]  31.00-32.00  sec  88.1 MBytes   738 Mbits/sec                  
[  9]  31.00-32.00  sec  24.4 MBytes   205 Mbits/sec                  
[SUM]  31.00-32.00  sec   113 MBytes   943 Mbits/sec                  
- - - - - - - - - - - - - - - - - - - - - - - - -
[  6]  32.00-33.00  sec  82.1 MBytes   689 Mbits/sec                  
[  9]  32.00-33.00  sec  24.4 MBytes   205 Mbits/sec                  
[SUM]  32.00-33.00  sec   106 MBytes   894 Mbits/sec                  
- - - - - - - - - - - - - - - - - - - - - - - - -
[  6]  33.00-34.00  sec   112 MBytes   940 Mbits/sec                  
[  9]  33.00-34.00  sec  17.2 MBytes   144 Mbits/sec                  
[SUM]  33.00-34.00  sec   129 MBytes  1.08 Gbits/sec                  
- - - - - - - - - - - - - - - - - - - - - - - - -
[  6]  34.00-35.00  sec   116 MBytes   970 Mbits/sec                  
[  9]  34.00-35.00  sec  22.1 MBytes   186 Mbits/sec                  
[SUM]  34.00-35.00  sec   138 MBytes  1.16 Gbits/sec                  
- - - - - - - - - - - - - - - - - - - - - - - - -
[  6]  35.00-36.00  sec   116 MBytes   974 Mbits/sec                  
[  9]  35.00-36.00  sec  26.5 MBytes   222 Mbits/sec                  
[SUM]  35.00-36.00  sec   143 MBytes  1.20 Gbits/sec                  
- - - - - - - - - - - - - - - - - - - - - - - - -
[  6]  36.00-37.00  sec  96.5 MBytes   809 Mbits/sec                  
[  9]  36.00-37.00  sec  32.3 MBytes   270 Mbits/sec                  
[SUM]  36.00-37.00  sec   129 MBytes  1.08 Gbits/sec                  
- - - - - - - - - - - - - - - - - - - - - - - - -
[  6]  37.00-38.00  sec  82.6 MBytes   694 Mbits/sec                  
[  9]  37.00-38.00  sec  33.0 MBytes   277 Mbits/sec                  
[SUM]  37.00-38.00  sec   116 MBytes   970 Mbits/sec                  
- - - - - - - - - - - - - - - - - - - - - - - - -
[  6]  38.00-39.00  sec  84.8 MBytes   711 Mbits/sec                  
[  9]  38.00-39.00  sec  36.6 MBytes   307 Mbits/sec                  
[SUM]  38.00-39.00  sec   121 MBytes  1.02 Gbits/sec                  
- - - - - - - - - - - - - - - - - - - - - - - - -
[  6]  39.00-40.00  sec  86.9 MBytes   729 Mbits/sec                  
[  9]  39.00-40.00  sec  39.4 MBytes   330 Mbits/sec                  
[SUM]  39.00-40.00  sec   126 MBytes  1.06 Gbits/sec                  
- - - - - - - - - - - - - - - - - - - - - - - - -
[  6]  40.00-41.00  sec  84.7 MBytes   710 Mbits/sec                  
[  9]  40.00-41.00  sec  29.8 MBytes   249 Mbits/sec                  
[SUM]  40.00-41.00  sec   114 MBytes   959 Mbits/sec                  
- - - - - - - - - - - - - - - - - - - - - - - - -
[  6]  41.00-42.00  sec  85.0 MBytes   713 Mbits/sec                  
[  9]  41.00-42.00  sec  32.7 MBytes   275 Mbits/sec                  
[SUM]  41.00-42.00  sec   118 MBytes   988 Mbits/sec                  
- - - - - - - - - - - - - - - - - - - - - - - - -
[  6]  42.00-43.00  sec  86.1 MBytes   722 Mbits/sec                  
[  9]  42.00-43.00  sec  36.2 MBytes   304 Mbits/sec                  
[SUM]  42.00-43.00  sec   122 MBytes  1.03 Gbits/sec                  
- - - - - - - - - - - - - - - - - - - - - - - - -
[  6]  43.00-44.00  sec  91.8 MBytes   771 Mbits/sec                  
[  9]  43.00-44.00  sec  29.7 MBytes   249 Mbits/sec                  
[SUM]  43.00-44.00  sec   122 MBytes  1.02 Gbits/sec                  
- - - - - - - - - - - - - - - - - - - - - - - - -
[  6]  44.00-45.00  sec  98.7 MBytes   828 Mbits/sec                  
[  9]  44.00-45.00  sec  29.3 MBytes   246 Mbits/sec                  
[SUM]  44.00-45.00  sec   128 MBytes  1.07 Gbits/sec                  
- - - - - - - - - - - - - - - - - - - - - - - - -
[  6]  45.00-46.00  sec   105 MBytes   879 Mbits/sec                  
[  9]  45.00-46.00  sec  28.2 MBytes   237 Mbits/sec                  
[SUM]  45.00-46.00  sec   133 MBytes  1.12 Gbits/sec                  
- - - - - - - - - - - - - - - - - - - - - - - - -
[  6]  46.00-47.00  sec  99.4 MBytes   834 Mbits/sec                  
[  9]  46.00-47.00  sec  31.4 MBytes   263 Mbits/sec                  
[SUM]  46.00-47.00  sec   131 MBytes  1.10 Gbits/sec                  
- - - - - - - - - - - - - - - - - - - - - - - - -
[  6]  47.00-48.00  sec  95.0 MBytes   796 Mbits/sec                  
[  9]  47.00-48.00  sec  33.3 MBytes   279 Mbits/sec                  
[SUM]  47.00-48.00  sec   128 MBytes  1.07 Gbits/sec                  
- - - - - - - - - - - - - - - - - - - - - - - - -
[  6]  48.00-49.00  sec  92.3 MBytes   776 Mbits/sec                  
[  9]  48.00-49.00  sec  35.3 MBytes   296 Mbits/sec                  
[SUM]  48.00-49.00  sec   128 MBytes  1.07 Gbits/sec                  
- - - - - - - - - - - - - - - - - - - - - - - - -
[  6]  49.00-50.00  sec  92.2 MBytes   773 Mbits/sec                  
[  9]  49.00-50.00  sec  39.1 MBytes   328 Mbits/sec                  
[SUM]  49.00-50.00  sec   131 MBytes  1.10 Gbits/sec                  
- - - - - - - - - - - - - - - - - - - - - - - - -
[  6]  50.00-51.00  sec  97.9 MBytes   822 Mbits/sec                  
[  9]  50.00-51.00  sec  33.8 MBytes   284 Mbits/sec                  
[SUM]  50.00-51.00  sec   132 MBytes  1.11 Gbits/sec                  
- - - - - - - - - - - - - - - - - - - - - - - - -
[  6]  51.00-52.00  sec   104 MBytes   871 Mbits/sec                  
[  9]  51.00-52.00  sec  36.0 MBytes   302 Mbits/sec                  
[SUM]  51.00-52.00  sec   140 MBytes  1.17 Gbits/sec                  
- - - - - - - - - - - - - - - - - - - - - - - - -
[  6]  52.00-53.00  sec  93.6 MBytes   785 Mbits/sec                  
[  9]  52.00-53.00  sec  44.8 MBytes   376 Mbits/sec                  
[SUM]  52.00-53.00  sec   138 MBytes  1.16 Gbits/sec                  
- - - - - - - - - - - - - - - - - - - - - - - - -
[  6]  53.00-54.00  sec  80.1 MBytes   672 Mbits/sec                  
[  9]  53.00-54.00  sec  42.1 MBytes   353 Mbits/sec                  
[SUM]  53.00-54.00  sec   122 MBytes  1.02 Gbits/sec                  
- - - - - - - - - - - - - - - - - - - - - - - - -
[  6]  54.00-55.00  sec  82.8 MBytes   695 Mbits/sec                  
[  9]  54.00-55.00  sec  35.8 MBytes   300 Mbits/sec                  
[SUM]  54.00-55.00  sec   119 MBytes   995 Mbits/sec                  
- - - - - - - - - - - - - - - - - - - - - - - - -
[  6]  55.00-56.00  sec   101 MBytes   847 Mbits/sec                  
[  9]  55.00-56.00  sec  40.0 MBytes   335 Mbits/sec                  
[SUM]  55.00-56.00  sec   141 MBytes  1.18 Gbits/sec                  
- - - - - - - - - - - - - - - - - - - - - - - - -
[  6]  56.00-57.00  sec  94.8 MBytes   795 Mbits/sec                  
[  9]  56.00-57.00  sec  32.4 MBytes   272 Mbits/sec                  
[SUM]  56.00-57.00  sec   127 MBytes  1.07 Gbits/sec                  
- - - - - - - - - - - - - - - - - - - - - - - - -
[  6]  57.00-58.00  sec   101 MBytes   846 Mbits/sec                  
[  9]  57.00-58.00  sec  33.6 MBytes   282 Mbits/sec                  
[SUM]  57.00-58.00  sec   134 MBytes  1.13 Gbits/sec                  
- - - - - - - - - - - - - - - - - - - - - - - - -
[  6]  58.00-59.00  sec  90.0 MBytes   755 Mbits/sec                  
[  9]  58.00-59.00  sec  33.0 MBytes   277 Mbits/sec                  
[SUM]  58.00-59.00  sec   123 MBytes  1.03 Gbits/sec                  
- - - - - - - - - - - - - - - - - - - - - - - - -
[  6]  59.00-60.00  sec  99.6 MBytes   836 Mbits/sec                  
[  9]  59.00-60.00  sec  39.8 MBytes   334 Mbits/sec                  
[SUM]  59.00-60.00  sec   139 MBytes  1.17 Gbits/sec                  
- - - - - - - - - - - - - - - - - - - - - - - - -
[  6]  60.00-61.00  sec  86.4 MBytes   725 Mbits/sec                  
[  9]  60.00-61.00  sec  37.6 MBytes   315 Mbits/sec                  
[SUM]  60.00-61.00  sec   124 MBytes  1.04 Gbits/sec                  
- - - - - - - - - - - - - - - - - - - - - - - - -
[  6]  61.00-62.00  sec  95.5 MBytes   801 Mbits/sec                  
[  9]  61.00-62.00  sec  35.9 MBytes   301 Mbits/sec                  
[SUM]  61.00-62.00  sec   131 MBytes  1.10 Gbits/sec                  
- - - - - - - - - - - - - - - - - - - - - - - - -
[  6]  62.00-63.00  sec  88.6 MBytes   743 Mbits/sec                  
[  9]  62.00-63.00  sec  30.8 MBytes   258 Mbits/sec                  
[SUM]  62.00-63.00  sec   119 MBytes  1.00 Gbits/sec                  
- - - - - - - - - - - - - - - - - - - - - - - - -
[  6]  63.00-64.00  sec   103 MBytes   863 Mbits/sec                  
[  9]  63.00-64.00  sec  31.3 MBytes   262 Mbits/sec                  
[SUM]  63.00-64.00  sec   134 MBytes  1.13 Gbits/sec                  
- - - - - - - - - - - - - - - - - - - - - - - - -
[  6]  64.00-65.00  sec  95.9 MBytes   804 Mbits/sec                  
[  9]  64.00-65.00  sec  24.6 MBytes   206 Mbits/sec                  
[SUM]  64.00-65.00  sec   120 MBytes  1.01 Gbits/sec                  
- - - - - - - - - - - - - - - - - - - - - - - - -
[  6]  65.00-66.00  sec  84.8 MBytes   712 Mbits/sec                  
[  9]  65.00-66.00  sec  19.4 MBytes   163 Mbits/sec                  
[SUM]  65.00-66.00  sec   104 MBytes   875 Mbits/sec                  
- - - - - - - - - - - - - - - - - - - - - - - - -
[  6]  66.00-67.00  sec   104 MBytes   874 Mbits/sec                  
[  9]  66.00-67.00  sec  18.5 MBytes   155 Mbits/sec                  
[SUM]  66.00-67.00  sec   123 MBytes  1.03 Gbits/sec                  
- - - - - - - - - - - - - - - - - - - - - - - - -
[  6]  67.00-68.00  sec   100 MBytes   843 Mbits/sec                  
[  9]  67.00-68.00  sec  18.2 MBytes   152 Mbits/sec                  
[SUM]  67.00-68.00  sec   119 MBytes   996 Mbits/sec                  
- - - - - - - - - - - - - - - - - - - - - - - - -
[  6]  68.00-69.00  sec   105 MBytes   878 Mbits/sec                  
[  9]  68.00-69.00  sec  24.3 MBytes   204 Mbits/sec                  
[SUM]  68.00-69.00  sec   129 MBytes  1.08 Gbits/sec                  
- - - - - - - - - - - - - - - - - - - - - - - - -
[  6]  69.00-70.00  sec  84.8 MBytes   711 Mbits/sec                  
[  9]  69.00-70.00  sec  22.5 MBytes   189 Mbits/sec                  
[SUM]  69.00-70.00  sec   107 MBytes   900 Mbits/sec                  
- - - - - - - - - - - - - - - - - - - - - - - - -
[  6]  70.00-71.00  sec   104 MBytes   875 Mbits/sec                  
[  9]  70.00-71.00  sec  32.8 MBytes   275 Mbits/sec                  
[SUM]  70.00-71.00  sec   137 MBytes  1.15 Gbits/sec                  
- - - - - - - - - - - - - - - - - - - - - - - - -
[  6]  71.00-72.00  sec   104 MBytes   872 Mbits/sec                  
[  9]  71.00-72.00  sec  37.6 MBytes   315 Mbits/sec                  
[SUM]  71.00-72.00  sec   142 MBytes  1.19 Gbits/sec                  
- - - - - - - - - - - - - - - - - - - - - - - - -
[  6]  72.00-73.00  sec  97.8 MBytes   819 Mbits/sec                  
[  9]  72.00-73.00  sec  39.2 MBytes   329 Mbits/sec                  
[SUM]  72.00-73.00  sec   137 MBytes  1.15 Gbits/sec                  
- - - - - - - - - - - - - - - - - - - - - - - - -
[  6]  73.00-74.00  sec  99.7 MBytes   837 Mbits/sec                  
[  9]  73.00-74.00  sec  41.9 MBytes   352 Mbits/sec                  
[SUM]  73.00-74.00  sec   142 MBytes  1.19 Gbits/sec                  
- - - - - - - - - - - - - - - - - - - - - - - - -
[  6]  74.00-75.00  sec   111 MBytes   933 Mbits/sec                  
[  9]  74.00-75.00  sec  36.2 MBytes   304 Mbits/sec                  
[SUM]  74.00-75.00  sec   147 MBytes  1.24 Gbits/sec                  
- - - - - - - - - - - - - - - - - - - - - - - - -
[  6]  75.00-76.00  sec  94.3 MBytes   791 Mbits/sec                  
[  9]  75.00-76.00  sec  31.8 MBytes   267 Mbits/sec                  
[SUM]  75.00-76.00  sec   126 MBytes  1.06 Gbits/sec                  
- - - - - - - - - - - - - - - - - - - - - - - - -
[  6]  76.00-77.00  sec   110 MBytes   921 Mbits/sec                  
[  9]  76.00-77.00  sec  24.6 MBytes   206 Mbits/sec                  
[SUM]  76.00-77.00  sec   134 MBytes  1.13 Gbits/sec                  
- - - - - - - - - - - - - - - - - - - - - - - - -
[  6]  77.00-78.00  sec  94.6 MBytes   793 Mbits/sec                  
[  9]  77.00-78.00  sec  20.7 MBytes   173 Mbits/sec                  
[SUM]  77.00-78.00  sec   115 MBytes   966 Mbits/sec                  
- - - - - - - - - - - - - - - - - - - - - - - - -
[  6]  78.00-79.00  sec  93.1 MBytes   782 Mbits/sec                  
[  9]  78.00-79.00  sec  22.9 MBytes   192 Mbits/sec                  
[SUM]  78.00-79.00  sec   116 MBytes   974 Mbits/sec                  
- - - - - - - - - - - - - - - - - - - - - - - - -
[  6]  79.00-80.00  sec  91.4 MBytes   766 Mbits/sec                  
[  9]  79.00-80.00  sec  25.6 MBytes   214 Mbits/sec                  
[SUM]  79.00-80.00  sec   117 MBytes   980 Mbits/sec                  
- - - - - - - - - - - - - - - - - - - - - - - - -
[  6]  80.00-80.01  sec   471 KBytes   722 Mbits/sec                  
[  9]  80.00-80.01  sec   159 KBytes   244 Mbits/sec                  
[SUM]  80.00-80.01  sec   630 KBytes   966 Mbits/sec                  
- - - - - - - - - - - - - - - - - - - - - - - - -
[ ID] Interval           Transfer     Bitrate
[  6]   0.00-80.01  sec  7.45 GBytes   800 Mbits/sec                  receiver
[  9]   0.00-80.01  sec  2.66 GBytes   285 Mbits/sec                  receiver
[SUM]   0.00-80.01  sec  10.1 GBytes  1.09 Gbits/sec                  receiver
