-----------------------------------------------------------
Server listening on 5201
-----------------------------------------------------------
Accepted connection from 10.0.2.5, port 39742
[  6] local 10.0.4.30 port 5201 connected to 10.0.2.5 port 1488
[  9] local 10.0.4.30 port 5201 connected to 10.0.2.5 port 1489
[ ID] Interval           Transfer     Bitrate
[  6]   0.00-1.00   sec  59.3 MBytes   497 Mbits/sec                  
[  9]   0.00-1.00   sec  36.6 MBytes   307 Mbits/sec                  
[SUM]   0.00-1.00   sec  95.9 MBytes   804 Mbits/sec                  
- - - - - - - - - - - - - - - - - - - - - - - - -
[  6]   1.00-2.00   sec  74.4 MBytes   624 Mbits/sec                  
[  9]   1.00-2.00   sec  25.1 MBytes   211 Mbits/sec                  
[SUM]   1.00-2.00   sec  99.5 MBytes   835 Mbits/sec                  
- - - - - - - - - - - - - - - - - - - - - - - - -
[  6]   2.00-3.00   sec  63.1 MBytes   530 Mbits/sec                  
[  9]   2.00-3.00   sec  23.3 MBytes   196 Mbits/sec                  
[SUM]   2.00-3.00   sec  86.4 MBytes   725 Mbits/sec                  
- - - - - - - - - - - - - - - - - - - - - - - - -
[  6]   3.00-4.00   sec  67.9 MBytes   569 Mbits/sec                  
[  9]   3.00-4.00   sec  27.2 MBytes   228 Mbits/sec                  
[SUM]   3.00-4.00   sec  95.1 MBytes   798 Mbits/sec                  
- - - - - - - - - - - - - - - - - - - - - - - - -
[  6]   4.00-5.00   sec  74.6 MBytes   626 Mbits/sec                  
[  9]   4.00-5.00   sec  32.7 MBytes   275 Mbits/sec                  
[SUM]   4.00-5.00   sec   107 MBytes   901 Mbits/sec                  
- - - - - - - - - - - - - - - - - - - - - - - - -
[  6]   5.00-6.00   sec  67.4 MBytes   565 Mbits/sec                  
[  9]   5.00-6.00   sec  30.6 MBytes   257 Mbits/sec                  
[SUM]   5.00-6.00   sec  98.0 MBytes   822 Mbits/sec                  
- - - - - - - - - - - - - - - - - - - - - - - - -
[  6]   6.00-7.00   sec  69.1 MBytes   577 Mbits/sec                  
[  9]   6.00-7.00   sec  28.5 MBytes   238 Mbits/sec                  
[SUM]   6.00-7.00   sec  97.7 MBytes   816 Mbits/sec                  
- - - - - - - - - - - - - - - - - - - - - - - - -
[  6]   7.00-8.00   sec  72.8 MBytes   613 Mbits/sec                  
[  9]   7.00-8.00   sec  27.0 MBytes   227 Mbits/sec                  
[SUM]   7.00-8.00   sec  99.7 MBytes   841 Mbits/sec                  
- - - - - - - - - - - - - - - - - - - - - - - - -
[  6]   8.00-9.00   sec  76.4 MBytes   641 Mbits/sec                  
[  9]   8.00-9.00   sec  29.6 MBytes   248 Mbits/sec                  
[SUM]   8.00-9.00   sec   106 MBytes   889 Mbits/sec                  
- - - - - - - - - - - - - - - - - - - - - - - - -
[  6]   9.00-10.00  sec  67.9 MBytes   570 Mbits/sec                  
[  9]   9.00-10.00  sec  28.0 MBytes   235 Mbits/sec                  
[SUM]   9.00-10.00  sec  95.9 MBytes   804 Mbits/sec                  
- - - - - - - - - - - - - - - - - - - - - - - - -
[  6]  10.00-11.00  sec  78.2 MBytes   655 Mbits/sec                  
[  9]  10.00-11.00  sec  33.3 MBytes   279 Mbits/sec                  
[SUM]  10.00-11.00  sec   112 MBytes   934 Mbits/sec                  
- - - - - - - - - - - - - - - - - - - - - - - - -
[  6]  11.00-12.00  sec  69.8 MBytes   586 Mbits/sec                  
[  9]  11.00-12.00  sec  31.0 MBytes   261 Mbits/sec                  
[SUM]  11.00-12.00  sec   101 MBytes   846 Mbits/sec                  
- - - - - - - - - - - - - - - - - - - - - - - - -
[  6]  12.00-13.00  sec  68.0 MBytes   570 Mbits/sec                  
[  9]  12.00-13.00  sec  33.0 MBytes   277 Mbits/sec                  
[SUM]  12.00-13.00  sec   101 MBytes   847 Mbits/sec                  
- - - - - - - - - - - - - - - - - - - - - - - - -
[  6]  13.00-14.00  sec  60.8 MBytes   509 Mbits/sec                  
[  9]  13.00-14.00  sec  31.4 MBytes   263 Mbits/sec                  
[SUM]  13.00-14.00  sec  92.2 MBytes   772 Mbits/sec                  
- - - - - - - - - - - - - - - - - - - - - - - - -
[  6]  14.00-15.00  sec  63.5 MBytes   533 Mbits/sec                  
[  9]  14.00-15.00  sec  31.4 MBytes   263 Mbits/sec                  
[SUM]  14.00-15.00  sec  94.9 MBytes   796 Mbits/sec                  
- - - - - - - - - - - - - - - - - - - - - - - - -
[  6]  15.00-16.00  sec  76.2 MBytes   640 Mbits/sec                  
[  9]  15.00-16.00  sec  30.8 MBytes   259 Mbits/sec                  
[SUM]  15.00-16.00  sec   107 MBytes   899 Mbits/sec                  
- - - - - - - - - - - - - - - - - - - - - - - - -
[  6]  16.00-17.00  sec  71.1 MBytes   596 Mbits/sec                  
[  9]  16.00-17.00  sec  30.4 MBytes   255 Mbits/sec                  
[SUM]  16.00-17.00  sec   102 MBytes   852 Mbits/sec                  
- - - - - - - - - - - - - - - - - - - - - - - - -
[  6]  17.00-18.00  sec  74.2 MBytes   620 Mbits/sec                  
[  9]  17.00-18.00  sec  33.8 MBytes   282 Mbits/sec                  
[SUM]  17.00-18.00  sec   108 MBytes   902 Mbits/sec                  
- - - - - - - - - - - - - - - - - - - - - - - - -
[  6]  18.00-19.01  sec  63.9 MBytes   532 Mbits/sec                  
[  9]  18.00-19.01  sec  30.9 MBytes   257 Mbits/sec                  
[SUM]  18.00-19.01  sec  94.8 MBytes   789 Mbits/sec                  
- - - - - - - - - - - - - - - - - - - - - - - - -
[  6]  19.01-20.00  sec  68.5 MBytes   582 Mbits/sec                  
[  9]  19.01-20.00  sec  34.7 MBytes   294 Mbits/sec                  
[SUM]  19.01-20.00  sec   103 MBytes   876 Mbits/sec                  
- - - - - - - - - - - - - - - - - - - - - - - - -
[  6]  20.00-21.00  sec  72.5 MBytes   608 Mbits/sec                  
[  9]  20.00-21.00  sec  32.0 MBytes   268 Mbits/sec                  
[SUM]  20.00-21.00  sec   104 MBytes   876 Mbits/sec                  
- - - - - - - - - - - - - - - - - - - - - - - - -
[  6]  21.00-22.00  sec  74.6 MBytes   626 Mbits/sec                  
[  9]  21.00-22.00  sec  28.9 MBytes   243 Mbits/sec                  
[SUM]  21.00-22.00  sec   103 MBytes   868 Mbits/sec                  
- - - - - - - - - - - - - - - - - - - - - - - - -
[  6]  22.00-23.00  sec  73.1 MBytes   613 Mbits/sec                  
[  9]  22.00-23.00  sec  22.9 MBytes   192 Mbits/sec                  
[SUM]  22.00-23.00  sec  96.0 MBytes   805 Mbits/sec                  
- - - - - - - - - - - - - - - - - - - - - - - - -
[  6]  23.00-24.00  sec  75.8 MBytes   635 Mbits/sec                  
[  9]  23.00-24.00  sec  23.3 MBytes   195 Mbits/sec                  
[SUM]  23.00-24.00  sec  99.1 MBytes   830 Mbits/sec                  
- - - - - - - - - - - - - - - - - - - - - - - - -
[  6]  24.00-25.00  sec  75.1 MBytes   631 Mbits/sec                  
[  9]  24.00-25.00  sec  20.5 MBytes   172 Mbits/sec                  
[SUM]  24.00-25.00  sec  95.6 MBytes   803 Mbits/sec                  
- - - - - - - - - - - - - - - - - - - - - - - - -
[  6]  25.00-26.00  sec  77.7 MBytes   652 Mbits/sec                  
[  9]  25.00-26.00  sec  21.4 MBytes   179 Mbits/sec                  
[SUM]  25.00-26.00  sec  99.1 MBytes   831 Mbits/sec                  
- - - - - - - - - - - - - - - - - - - - - - - - -
[  6]  26.00-27.00  sec  88.5 MBytes   742 Mbits/sec                  
[  9]  26.00-27.00  sec  19.6 MBytes   164 Mbits/sec                  
[SUM]  26.00-27.00  sec   108 MBytes   906 Mbits/sec                  
- - - - - - - - - - - - - - - - - - - - - - - - -
[  6]  27.00-28.00  sec  85.9 MBytes   720 Mbits/sec                  
[  9]  27.00-28.00  sec  21.5 MBytes   180 Mbits/sec                  
[SUM]  27.00-28.00  sec   107 MBytes   901 Mbits/sec                  
- - - - - - - - - - - - - - - - - - - - - - - - -
[  6]  28.00-29.00  sec  78.8 MBytes   661 Mbits/sec                  
[  9]  28.00-29.00  sec  29.5 MBytes   247 Mbits/sec                  
[SUM]  28.00-29.00  sec   108 MBytes   908 Mbits/sec                  
- - - - - - - - - - - - - - - - - - - - - - - - -
[  6]  29.00-30.00  sec  77.5 MBytes   649 Mbits/sec                  
[  9]  29.00-30.00  sec  29.6 MBytes   248 Mbits/sec                  
[SUM]  29.00-30.00  sec   107 MBytes   896 Mbits/sec                  
- - - - - - - - - - - - - - - - - - - - - - - - -
[  6]  30.00-31.00  sec  79.6 MBytes   669 Mbits/sec                  
[  9]  30.00-31.00  sec  26.3 MBytes   221 Mbits/sec                  
[SUM]  30.00-31.00  sec   106 MBytes   889 Mbits/sec                  
- - - - - - - - - - - - - - - - - - - - - - - - -
[  6]  31.00-32.00  sec  80.3 MBytes   673 Mbits/sec                  
[  9]  31.00-32.00  sec  24.1 MBytes   202 Mbits/sec                  
[SUM]  31.00-32.00  sec   104 MBytes   875 Mbits/sec                  
- - - - - - - - - - - - - - - - - - - - - - - - -
[  6]  32.00-33.00  sec  71.1 MBytes   596 Mbits/sec                  
[  9]  32.00-33.00  sec  26.8 MBytes   225 Mbits/sec                  
[SUM]  32.00-33.00  sec  97.9 MBytes   821 Mbits/sec                  
- - - - - - - - - - - - - - - - - - - - - - - - -
[  6]  33.00-34.00  sec  71.7 MBytes   601 Mbits/sec                  
[  9]  33.00-34.00  sec  24.4 MBytes   204 Mbits/sec                  
[SUM]  33.00-34.00  sec  96.0 MBytes   805 Mbits/sec                  
- - - - - - - - - - - - - - - - - - - - - - - - -
[  6]  34.00-35.00  sec  71.9 MBytes   604 Mbits/sec                  
[  9]  34.00-35.00  sec  27.3 MBytes   229 Mbits/sec                  
[SUM]  34.00-35.00  sec  99.2 MBytes   833 Mbits/sec                  
- - - - - - - - - - - - - - - - - - - - - - - - -
[  6]  35.00-36.00  sec  78.4 MBytes   658 Mbits/sec                  
[  9]  35.00-36.00  sec  31.2 MBytes   262 Mbits/sec                  
[SUM]  35.00-36.00  sec   110 MBytes   920 Mbits/sec                  
- - - - - - - - - - - - - - - - - - - - - - - - -
[  6]  36.00-37.00  sec  75.1 MBytes   629 Mbits/sec                  
[  9]  36.00-37.00  sec  30.9 MBytes   259 Mbits/sec                  
[SUM]  36.00-37.00  sec   106 MBytes   887 Mbits/sec                  
- - - - - - - - - - - - - - - - - - - - - - - - -
[  6]  37.00-38.00  sec  73.8 MBytes   621 Mbits/sec                  
[  9]  37.00-38.00  sec  31.9 MBytes   268 Mbits/sec                  
[SUM]  37.00-38.00  sec   106 MBytes   889 Mbits/sec                  
- - - - - - - - - - - - - - - - - - - - - - - - -
[  6]  38.00-39.00  sec  73.9 MBytes   620 Mbits/sec                  
[  9]  38.00-39.00  sec  34.1 MBytes   286 Mbits/sec                  
[SUM]  38.00-39.00  sec   108 MBytes   906 Mbits/sec                  
- - - - - - - - - - - - - - - - - - - - - - - - -
[  6]  39.00-40.00  sec  63.0 MBytes   529 Mbits/sec                  
[  9]  39.00-40.00  sec  30.4 MBytes   255 Mbits/sec                  
[SUM]  39.00-40.00  sec  93.4 MBytes   783 Mbits/sec                  
- - - - - - - - - - - - - - - - - - - - - - - - -
[  6]  40.00-41.00  sec  69.7 MBytes   584 Mbits/sec                  
[  9]  40.00-41.00  sec  35.5 MBytes   298 Mbits/sec                  
[SUM]  40.00-41.00  sec   105 MBytes   882 Mbits/sec                  
- - - - - - - - - - - - - - - - - - - - - - - - -
[  6]  41.00-42.00  sec  67.4 MBytes   565 Mbits/sec                  
[  9]  41.00-42.00  sec  35.8 MBytes   300 Mbits/sec                  
[SUM]  41.00-42.00  sec   103 MBytes   865 Mbits/sec                  
- - - - - - - - - - - - - - - - - - - - - - - - -
[  6]  42.00-43.00  sec  66.1 MBytes   555 Mbits/sec                  
[  9]  42.00-43.00  sec  37.5 MBytes   314 Mbits/sec                  
[SUM]  42.00-43.00  sec   104 MBytes   869 Mbits/sec                  
- - - - - - - - - - - - - - - - - - - - - - - - -
[  6]  43.00-44.00  sec  60.2 MBytes   505 Mbits/sec                  
[  9]  43.00-44.00  sec  35.3 MBytes   296 Mbits/sec                  
[SUM]  43.00-44.00  sec  95.5 MBytes   801 Mbits/sec                  
- - - - - - - - - - - - - - - - - - - - - - - - -
[  6]  44.00-45.00  sec  61.2 MBytes   513 Mbits/sec                  
[  9]  44.00-45.00  sec  35.5 MBytes   298 Mbits/sec                  
[SUM]  44.00-45.00  sec  96.7 MBytes   811 Mbits/sec                  
- - - - - - - - - - - - - - - - - - - - - - - - -
[  6]  45.00-46.00  sec  70.3 MBytes   590 Mbits/sec                  
[  9]  45.00-46.00  sec  42.0 MBytes   353 Mbits/sec                  
[SUM]  45.00-46.00  sec   112 MBytes   943 Mbits/sec                  
- - - - - - - - - - - - - - - - - - - - - - - - -
[  6]  46.00-47.00  sec  64.0 MBytes   537 Mbits/sec                  
[  9]  46.00-47.00  sec  39.6 MBytes   332 Mbits/sec                  
[SUM]  46.00-47.00  sec   104 MBytes   870 Mbits/sec                  
- - - - - - - - - - - - - - - - - - - - - - - - -
[  6]  47.00-48.00  sec  59.2 MBytes   496 Mbits/sec                  
[  9]  47.00-48.00  sec  40.2 MBytes   336 Mbits/sec                  
[SUM]  47.00-48.00  sec  99.4 MBytes   832 Mbits/sec                  
- - - - - - - - - - - - - - - - - - - - - - - - -
[  6]  48.00-49.00  sec  66.2 MBytes   556 Mbits/sec                  
[  9]  48.00-49.00  sec  34.1 MBytes   286 Mbits/sec                  
[SUM]  48.00-49.00  sec   100 MBytes   843 Mbits/sec                  
- - - - - - - - - - - - - - - - - - - - - - - - -
[  6]  49.00-50.00  sec  71.3 MBytes   598 Mbits/sec                  
[  9]  49.00-50.00  sec  35.3 MBytes   296 Mbits/sec                  
[SUM]  49.00-50.00  sec   107 MBytes   894 Mbits/sec                  
- - - - - - - - - - - - - - - - - - - - - - - - -
[  6]  50.00-51.00  sec  67.2 MBytes   563 Mbits/sec                  
[  9]  50.00-51.00  sec  34.8 MBytes   291 Mbits/sec                  
[SUM]  50.00-51.00  sec   102 MBytes   855 Mbits/sec                  
- - - - - - - - - - - - - - - - - - - - - - - - -
[  6]  51.00-52.00  sec  68.7 MBytes   577 Mbits/sec                  
[  9]  51.00-52.00  sec  37.5 MBytes   316 Mbits/sec                  
[SUM]  51.00-52.00  sec   106 MBytes   893 Mbits/sec                  
- - - - - - - - - - - - - - - - - - - - - - - - -
[  6]  52.00-53.00  sec  63.8 MBytes   534 Mbits/sec                  
[  9]  52.00-53.00  sec  33.7 MBytes   282 Mbits/sec                  
[SUM]  52.00-53.00  sec  97.5 MBytes   816 Mbits/sec                  
- - - - - - - - - - - - - - - - - - - - - - - - -
[  6]  53.00-54.00  sec  66.4 MBytes   558 Mbits/sec                  
[  9]  53.00-54.00  sec  26.8 MBytes   226 Mbits/sec                  
[SUM]  53.00-54.00  sec  93.2 MBytes   783 Mbits/sec                  
- - - - - - - - - - - - - - - - - - - - - - - - -
[  6]  54.00-55.00  sec  80.0 MBytes   671 Mbits/sec                  
[  9]  54.00-55.00  sec  26.3 MBytes   221 Mbits/sec                  
[SUM]  54.00-55.00  sec   106 MBytes   891 Mbits/sec                  
- - - - - - - - - - - - - - - - - - - - - - - - -
[  6]  55.00-56.00  sec  72.0 MBytes   604 Mbits/sec                  
[  9]  55.00-56.00  sec  24.1 MBytes   203 Mbits/sec                  
[SUM]  55.00-56.00  sec  96.1 MBytes   806 Mbits/sec                  
- - - - - - - - - - - - - - - - - - - - - - - - -
[  6]  56.00-57.00  sec  88.1 MBytes   739 Mbits/sec                  
[  9]  56.00-57.00  sec  19.0 MBytes   160 Mbits/sec                  
[SUM]  56.00-57.00  sec   107 MBytes   898 Mbits/sec                  
- - - - - - - - - - - - - - - - - - - - - - - - -
[  6]  57.00-58.00  sec  91.5 MBytes   768 Mbits/sec                  
[  9]  57.00-58.00  sec  18.0 MBytes   151 Mbits/sec                  
[SUM]  57.00-58.00  sec   109 MBytes   918 Mbits/sec                  
- - - - - - - - - - - - - - - - - - - - - - - - -
[  6]  58.00-59.00  sec  91.4 MBytes   766 Mbits/sec                  
[  9]  58.00-59.00  sec  13.7 MBytes   115 Mbits/sec                  
[SUM]  58.00-59.00  sec   105 MBytes   881 Mbits/sec                  
- - - - - - - - - - - - - - - - - - - - - - - - -
[  6]  59.00-60.00  sec  93.0 MBytes   780 Mbits/sec                  
[  9]  59.00-60.00  sec  11.5 MBytes  96.5 Mbits/sec                  
[SUM]  59.00-60.00  sec   105 MBytes   876 Mbits/sec                  
- - - - - - - - - - - - - - - - - - - - - - - - -
[  6]  60.00-61.00  sec  97.3 MBytes   817 Mbits/sec                  
[  9]  60.00-61.00  sec  9.77 MBytes  82.1 Mbits/sec                  
[SUM]  60.00-61.00  sec   107 MBytes   899 Mbits/sec                  
- - - - - - - - - - - - - - - - - - - - - - - - -
[  6]  61.00-62.00  sec  95.5 MBytes   801 Mbits/sec                  
[  9]  61.00-62.00  sec  12.7 MBytes   107 Mbits/sec                  
[SUM]  61.00-62.00  sec   108 MBytes   908 Mbits/sec                  
- - - - - - - - - - - - - - - - - - - - - - - - -
[  6]  62.00-63.00  sec  84.9 MBytes   712 Mbits/sec                  
[  9]  62.00-63.00  sec  18.4 MBytes   154 Mbits/sec                  
[SUM]  62.00-63.00  sec   103 MBytes   866 Mbits/sec                  
- - - - - - - - - - - - - - - - - - - - - - - - -
[  6]  63.00-64.00  sec  84.5 MBytes   709 Mbits/sec                  
[  9]  63.00-64.00  sec  15.9 MBytes   133 Mbits/sec                  
[SUM]  63.00-64.00  sec   100 MBytes   842 Mbits/sec                  
- - - - - - - - - - - - - - - - - - - - - - - - -
[  6]  64.00-65.00  sec  82.0 MBytes   688 Mbits/sec                  
[  9]  64.00-65.00  sec  15.8 MBytes   133 Mbits/sec                  
[SUM]  64.00-65.00  sec  97.8 MBytes   821 Mbits/sec                  
- - - - - - - - - - - - - - - - - - - - - - - - -
[  6]  65.00-66.00  sec  80.0 MBytes   670 Mbits/sec                  
[  9]  65.00-66.00  sec  17.4 MBytes   146 Mbits/sec                  
[SUM]  65.00-66.00  sec  97.4 MBytes   816 Mbits/sec                  
- - - - - - - - - - - - - - - - - - - - - - - - -
[  6]  66.00-67.00  sec  74.8 MBytes   628 Mbits/sec                  
[  9]  66.00-67.00  sec  22.7 MBytes   190 Mbits/sec                  
[SUM]  66.00-67.00  sec  97.4 MBytes   818 Mbits/sec                  
- - - - - - - - - - - - - - - - - - - - - - - - -
[  6]  67.00-68.00  sec  83.1 MBytes   697 Mbits/sec                  
[  9]  67.00-68.00  sec  23.8 MBytes   199 Mbits/sec                  
[SUM]  67.00-68.00  sec   107 MBytes   896 Mbits/sec                  
- - - - - - - - - - - - - - - - - - - - - - - - -
[  6]  68.00-69.00  sec  86.7 MBytes   727 Mbits/sec                  
[  9]  68.00-69.00  sec  25.0 MBytes   209 Mbits/sec                  
[SUM]  68.00-69.00  sec   112 MBytes   936 Mbits/sec                  
- - - - - - - - - - - - - - - - - - - - - - - - -
[  6]  69.00-70.00  sec  80.8 MBytes   674 Mbits/sec                  
[  9]  69.00-70.00  sec  25.3 MBytes   211 Mbits/sec                  
[SUM]  69.00-70.00  sec   106 MBytes   886 Mbits/sec                  
- - - - - - - - - - - - - - - - - - - - - - - - -
[  6]  70.00-71.00  sec  76.0 MBytes   639 Mbits/sec                  
[  9]  70.00-71.00  sec  25.9 MBytes   218 Mbits/sec                  
[SUM]  70.00-71.00  sec   102 MBytes   857 Mbits/sec                  
- - - - - - - - - - - - - - - - - - - - - - - - -
[  6]  71.00-72.00  sec  73.9 MBytes   621 Mbits/sec                  
[  9]  71.00-72.00  sec  26.8 MBytes   225 Mbits/sec                  
[SUM]  71.00-72.00  sec   101 MBytes   845 Mbits/sec                  
- - - - - - - - - - - - - - - - - - - - - - - - -
[  6]  72.00-73.00  sec  67.2 MBytes   564 Mbits/sec                  
[  9]  72.00-73.00  sec  25.4 MBytes   213 Mbits/sec                  
[SUM]  72.00-73.00  sec  92.7 MBytes   777 Mbits/sec                  
- - - - - - - - - - - - - - - - - - - - - - - - -
[  6]  73.00-74.00  sec  58.8 MBytes   494 Mbits/sec                  
[  9]  73.00-74.00  sec  23.0 MBytes   192 Mbits/sec                  
[SUM]  73.00-74.00  sec  81.8 MBytes   686 Mbits/sec                  
- - - - - - - - - - - - - - - - - - - - - - - - -
[  6]  74.00-75.00  sec  66.0 MBytes   554 Mbits/sec                  
[  9]  74.00-75.00  sec  26.4 MBytes   221 Mbits/sec                  
[SUM]  74.00-75.00  sec  92.4 MBytes   775 Mbits/sec                  
- - - - - - - - - - - - - - - - - - - - - - - - -
[  6]  75.00-76.00  sec  69.6 MBytes   584 Mbits/sec                  
[  9]  75.00-76.00  sec  28.5 MBytes   239 Mbits/sec                  
[SUM]  75.00-76.00  sec  98.1 MBytes   823 Mbits/sec                  
- - - - - - - - - - - - - - - - - - - - - - - - -
[  6]  76.00-77.00  sec  86.0 MBytes   721 Mbits/sec                  
[  9]  76.00-77.00  sec  21.4 MBytes   180 Mbits/sec                  
[SUM]  76.00-77.00  sec   107 MBytes   901 Mbits/sec                  
- - - - - - - - - - - - - - - - - - - - - - - - -
[  6]  77.00-78.00  sec  85.9 MBytes   719 Mbits/sec                  
[  9]  77.00-78.00  sec  15.9 MBytes   133 Mbits/sec                  
[SUM]  77.00-78.00  sec   102 MBytes   852 Mbits/sec                  
- - - - - - - - - - - - - - - - - - - - - - - - -
[  6]  78.00-79.00  sec  93.0 MBytes   781 Mbits/sec                  
[  9]  78.00-79.00  sec  17.4 MBytes   147 Mbits/sec                  
[SUM]  78.00-79.00  sec   110 MBytes   928 Mbits/sec                  
- - - - - - - - - - - - - - - - - - - - - - - - -
[  6]  79.00-80.00  sec  94.8 MBytes   795 Mbits/sec                  
[  9]  79.00-80.00  sec  15.6 MBytes   130 Mbits/sec                  
[SUM]  79.00-80.00  sec   110 MBytes   925 Mbits/sec                  
- - - - - - - - - - - - - - - - - - - - - - - - -
[  6]  80.00-80.02  sec  1.06 MBytes   514 Mbits/sec                  
[  9]  80.00-80.02  sec   115 KBytes  54.5 Mbits/sec                  
[SUM]  80.00-80.02  sec  1.17 MBytes   568 Mbits/sec                  
- - - - - - - - - - - - - - - - - - - - - - - - -
[ ID] Interval           Transfer     Bitrate
[  6]   0.00-80.02  sec  5.82 GBytes   625 Mbits/sec                  receiver
[  9]   0.00-80.02  sec  2.12 GBytes   228 Mbits/sec                  receiver
[SUM]   0.00-80.02  sec  7.95 GBytes   853 Mbits/sec                  receiver
