-----------------------------------------------------------
Server listening on 5201
-----------------------------------------------------------
Accepted connection from 10.0.2.5, port 39508
[  6] local 10.0.4.30 port 5201 connected to 10.0.2.5 port 1488
[  9] local 10.0.4.30 port 5201 connected to 10.0.2.5 port 1489
[ ID] Interval           Transfer     Bitrate
[  6]   0.00-1.01   sec  61.8 MBytes   515 Mbits/sec                  
[  9]   0.00-1.01   sec  36.9 MBytes   308 Mbits/sec                  
[SUM]   0.00-1.01   sec  98.7 MBytes   823 Mbits/sec                  
- - - - - - - - - - - - - - - - - - - - - - - - -
[  6]   1.01-2.00   sec  69.7 MBytes   588 Mbits/sec                  
[  9]   1.01-2.00   sec  30.4 MBytes   256 Mbits/sec                  
[SUM]   1.01-2.00   sec   100 MBytes   844 Mbits/sec                  
- - - - - - - - - - - - - - - - - - - - - - - - -
[  6]   2.00-3.00   sec  59.0 MBytes   495 Mbits/sec                  
[  9]   2.00-3.00   sec  30.2 MBytes   253 Mbits/sec                  
[SUM]   2.00-3.00   sec  89.2 MBytes   748 Mbits/sec                  
- - - - - - - - - - - - - - - - - - - - - - - - -
[  6]   3.00-4.00   sec  63.3 MBytes   531 Mbits/sec                  
[  9]   3.00-4.00   sec  34.6 MBytes   290 Mbits/sec                  
[SUM]   3.00-4.00   sec  97.8 MBytes   821 Mbits/sec                  
- - - - - - - - - - - - - - - - - - - - - - - - -
[  6]   4.00-5.00   sec  54.4 MBytes   457 Mbits/sec                  
[  9]   4.00-5.00   sec  42.3 MBytes   354 Mbits/sec                  
[SUM]   4.00-5.00   sec  96.7 MBytes   811 Mbits/sec                  
- - - - - - - - - - - - - - - - - - - - - - - - -
[  6]   5.00-6.01   sec  54.7 MBytes   456 Mbits/sec                  
[  9]   5.00-6.01   sec  43.6 MBytes   364 Mbits/sec                  
[SUM]   5.00-6.01   sec  98.4 MBytes   820 Mbits/sec                  
- - - - - - - - - - - - - - - - - - - - - - - - -
[  6]   6.01-7.00   sec  53.6 MBytes   453 Mbits/sec                  
[  9]   6.01-7.00   sec  43.4 MBytes   366 Mbits/sec                  
[SUM]   6.01-7.00   sec  97.0 MBytes   819 Mbits/sec                  
- - - - - - - - - - - - - - - - - - - - - - - - -
[  6]   7.00-8.00   sec  54.6 MBytes   458 Mbits/sec                  
[  9]   7.00-8.00   sec  43.9 MBytes   368 Mbits/sec                  
[SUM]   7.00-8.00   sec  98.5 MBytes   826 Mbits/sec                  
- - - - - - - - - - - - - - - - - - - - - - - - -
[  6]   8.00-9.00   sec  60.4 MBytes   507 Mbits/sec                  
[  9]   8.00-9.00   sec  36.8 MBytes   309 Mbits/sec                  
[SUM]   8.00-9.00   sec  97.2 MBytes   816 Mbits/sec                  
- - - - - - - - - - - - - - - - - - - - - - - - -
[  6]   9.00-10.00  sec  71.6 MBytes   601 Mbits/sec                  
[  9]   9.00-10.00  sec  28.3 MBytes   238 Mbits/sec                  
[SUM]   9.00-10.00  sec   100 MBytes   839 Mbits/sec                  
- - - - - - - - - - - - - - - - - - - - - - - - -
[  6]  10.00-11.00  sec  76.6 MBytes   642 Mbits/sec                  
[  9]  10.00-11.00  sec  25.5 MBytes   214 Mbits/sec                  
[SUM]  10.00-11.00  sec   102 MBytes   856 Mbits/sec                  
- - - - - - - - - - - - - - - - - - - - - - - - -
[  6]  11.00-12.00  sec  69.3 MBytes   582 Mbits/sec                  
[  9]  11.00-12.00  sec  26.9 MBytes   226 Mbits/sec                  
[SUM]  11.00-12.00  sec  96.3 MBytes   807 Mbits/sec                  
- - - - - - - - - - - - - - - - - - - - - - - - -
[  6]  12.00-13.00  sec  50.1 MBytes   420 Mbits/sec                  
[  9]  12.00-13.00  sec  27.0 MBytes   227 Mbits/sec                  
[SUM]  12.00-13.00  sec  77.1 MBytes   647 Mbits/sec                  
- - - - - - - - - - - - - - - - - - - - - - - - -
[  6]  13.00-14.00  sec  39.7 MBytes   333 Mbits/sec                  
[  9]  13.00-14.00  sec  21.4 MBytes   179 Mbits/sec                  
[SUM]  13.00-14.00  sec  61.1 MBytes   513 Mbits/sec                  
- - - - - - - - - - - - - - - - - - - - - - - - -
[  6]  14.00-15.00  sec  44.0 MBytes   369 Mbits/sec                  
[  9]  14.00-15.00  sec  23.7 MBytes   199 Mbits/sec                  
[SUM]  14.00-15.00  sec  67.7 MBytes   568 Mbits/sec                  
- - - - - - - - - - - - - - - - - - - - - - - - -
[  6]  15.00-16.00  sec  44.3 MBytes   372 Mbits/sec                  
[  9]  15.00-16.00  sec  23.7 MBytes   199 Mbits/sec                  
[SUM]  15.00-16.00  sec  68.0 MBytes   571 Mbits/sec                  
- - - - - - - - - - - - - - - - - - - - - - - - -
[  6]  16.00-17.00  sec  49.8 MBytes   418 Mbits/sec                  
[  9]  16.00-17.00  sec  27.9 MBytes   234 Mbits/sec                  
[SUM]  16.00-17.00  sec  77.7 MBytes   652 Mbits/sec                  
- - - - - - - - - - - - - - - - - - - - - - - - -
[  6]  17.00-18.00  sec  58.1 MBytes   488 Mbits/sec                  
[  9]  17.00-18.00  sec  33.7 MBytes   283 Mbits/sec                  
[SUM]  17.00-18.00  sec  91.9 MBytes   771 Mbits/sec                  
- - - - - - - - - - - - - - - - - - - - - - - - -
[  6]  18.00-19.00  sec  59.7 MBytes   501 Mbits/sec                  
[  9]  18.00-19.00  sec  28.5 MBytes   239 Mbits/sec                  
[SUM]  18.00-19.00  sec  88.2 MBytes   740 Mbits/sec                  
- - - - - - - - - - - - - - - - - - - - - - - - -
[  6]  19.00-20.00  sec  68.4 MBytes   574 Mbits/sec                  
[  9]  19.00-20.00  sec  29.6 MBytes   248 Mbits/sec                  
[SUM]  19.00-20.00  sec  98.0 MBytes   822 Mbits/sec                  
- - - - - - - - - - - - - - - - - - - - - - - - -
[  6]  20.00-21.00  sec  77.4 MBytes   650 Mbits/sec                  
[  9]  20.00-21.00  sec  20.3 MBytes   170 Mbits/sec                  
[SUM]  20.00-21.00  sec  97.7 MBytes   820 Mbits/sec                  
- - - - - - - - - - - - - - - - - - - - - - - - -
[  6]  21.00-22.00  sec  74.8 MBytes   627 Mbits/sec                  
[  9]  21.00-22.00  sec  15.7 MBytes   132 Mbits/sec                  
[SUM]  21.00-22.00  sec  90.5 MBytes   758 Mbits/sec                  
- - - - - - - - - - - - - - - - - - - - - - - - -
[  6]  22.00-23.00  sec  70.2 MBytes   590 Mbits/sec                  
[  9]  22.00-23.00  sec  14.7 MBytes   123 Mbits/sec                  
[SUM]  22.00-23.00  sec  84.9 MBytes   713 Mbits/sec                  
- - - - - - - - - - - - - - - - - - - - - - - - -
[  6]  23.00-24.00  sec  73.5 MBytes   617 Mbits/sec                  
[  9]  23.00-24.00  sec  11.2 MBytes  94.2 Mbits/sec                  
[SUM]  23.00-24.00  sec  84.7 MBytes   711 Mbits/sec                  
- - - - - - - - - - - - - - - - - - - - - - - - -
[  6]  24.00-25.00  sec  83.6 MBytes   701 Mbits/sec                  
[  9]  24.00-25.00  sec  11.2 MBytes  93.6 Mbits/sec                  
[SUM]  24.00-25.00  sec  94.8 MBytes   794 Mbits/sec                  
- - - - - - - - - - - - - - - - - - - - - - - - -
[  6]  25.00-26.00  sec  88.3 MBytes   741 Mbits/sec                  
[  9]  25.00-26.00  sec  12.1 MBytes   102 Mbits/sec                  
[SUM]  25.00-26.00  sec   100 MBytes   843 Mbits/sec                  
- - - - - - - - - - - - - - - - - - - - - - - - -
[  6]  26.00-27.00  sec  89.2 MBytes   748 Mbits/sec                  
[  9]  26.00-27.00  sec  15.2 MBytes   128 Mbits/sec                  
[SUM]  26.00-27.00  sec   104 MBytes   876 Mbits/sec                  
- - - - - - - - - - - - - - - - - - - - - - - - -
[  6]  27.00-28.00  sec  80.1 MBytes   672 Mbits/sec                  
[  9]  27.00-28.00  sec  15.9 MBytes   134 Mbits/sec                  
[SUM]  27.00-28.00  sec  96.0 MBytes   805 Mbits/sec                  
- - - - - - - - - - - - - - - - - - - - - - - - -
[  6]  28.00-29.00  sec  66.4 MBytes   557 Mbits/sec                  
[  9]  28.00-29.00  sec  15.0 MBytes   126 Mbits/sec                  
[SUM]  28.00-29.00  sec  81.4 MBytes   683 Mbits/sec                  
- - - - - - - - - - - - - - - - - - - - - - - - -
[  6]  29.00-30.00  sec  76.3 MBytes   640 Mbits/sec                  
[  9]  29.00-30.00  sec  18.5 MBytes   155 Mbits/sec                  
[SUM]  29.00-30.00  sec  94.8 MBytes   794 Mbits/sec                  
- - - - - - - - - - - - - - - - - - - - - - - - -
[  6]  30.00-31.00  sec  66.0 MBytes   553 Mbits/sec                  
[  9]  30.00-31.00  sec  12.8 MBytes   107 Mbits/sec                  
[SUM]  30.00-31.00  sec  78.8 MBytes   660 Mbits/sec                  
- - - - - - - - - - - - - - - - - - - - - - - - -
[  6]  31.00-32.00  sec  84.7 MBytes   712 Mbits/sec                  
[  9]  31.00-32.00  sec  15.0 MBytes   126 Mbits/sec                  
[SUM]  31.00-32.00  sec  99.7 MBytes   838 Mbits/sec                  
- - - - - - - - - - - - - - - - - - - - - - - - -
[  6]  32.00-33.00  sec  88.2 MBytes   740 Mbits/sec                  
[  9]  32.00-33.00  sec  16.0 MBytes   134 Mbits/sec                  
[SUM]  32.00-33.00  sec   104 MBytes   874 Mbits/sec                  
- - - - - - - - - - - - - - - - - - - - - - - - -
[  6]  33.00-34.00  sec  80.0 MBytes   671 Mbits/sec                  
[  9]  33.00-34.00  sec  21.1 MBytes   177 Mbits/sec                  
[SUM]  33.00-34.00  sec   101 MBytes   848 Mbits/sec                  
- - - - - - - - - - - - - - - - - - - - - - - - -
[  6]  34.00-35.00  sec  71.8 MBytes   602 Mbits/sec                  
[  9]  34.00-35.00  sec  23.8 MBytes   200 Mbits/sec                  
[SUM]  34.00-35.00  sec  95.6 MBytes   801 Mbits/sec                  
- - - - - - - - - - - - - - - - - - - - - - - - -
[  6]  35.00-36.00  sec  77.7 MBytes   652 Mbits/sec                  
[  9]  35.00-36.00  sec  27.6 MBytes   232 Mbits/sec                  
[SUM]  35.00-36.00  sec   105 MBytes   884 Mbits/sec                  
- - - - - - - - - - - - - - - - - - - - - - - - -
[  6]  36.00-37.00  sec  59.9 MBytes   503 Mbits/sec                  
[  9]  36.00-37.00  sec  23.9 MBytes   200 Mbits/sec                  
[SUM]  36.00-37.00  sec  83.8 MBytes   703 Mbits/sec                  
- - - - - - - - - - - - - - - - - - - - - - - - -
[  6]  37.00-38.00  sec  67.1 MBytes   562 Mbits/sec                  
[  9]  37.00-38.00  sec  27.2 MBytes   228 Mbits/sec                  
[SUM]  37.00-38.00  sec  94.3 MBytes   790 Mbits/sec                  
- - - - - - - - - - - - - - - - - - - - - - - - -
[  6]  38.00-39.00  sec  65.8 MBytes   552 Mbits/sec                  
[  9]  38.00-39.00  sec  28.1 MBytes   236 Mbits/sec                  
[SUM]  38.00-39.00  sec  93.9 MBytes   788 Mbits/sec                  
- - - - - - - - - - - - - - - - - - - - - - - - -
[  6]  39.00-40.00  sec  70.0 MBytes   587 Mbits/sec                  
[  9]  39.00-40.00  sec  24.2 MBytes   203 Mbits/sec                  
[SUM]  39.00-40.00  sec  94.3 MBytes   791 Mbits/sec                  
- - - - - - - - - - - - - - - - - - - - - - - - -
[  6]  40.00-41.00  sec  50.0 MBytes   419 Mbits/sec                  
[  9]  40.00-41.00  sec  16.4 MBytes   138 Mbits/sec                  
[SUM]  40.00-41.00  sec  66.4 MBytes   557 Mbits/sec                  
- - - - - - - - - - - - - - - - - - - - - - - - -
[  6]  41.00-42.00  sec  56.2 MBytes   470 Mbits/sec                  
[  9]  41.00-42.00  sec  19.3 MBytes   162 Mbits/sec                  
[SUM]  41.00-42.00  sec  75.6 MBytes   632 Mbits/sec                  
- - - - - - - - - - - - - - - - - - - - - - - - -
[  6]  42.00-43.00  sec  60.5 MBytes   509 Mbits/sec                  
[  9]  42.00-43.00  sec  22.1 MBytes   186 Mbits/sec                  
[SUM]  42.00-43.00  sec  82.6 MBytes   695 Mbits/sec                  
- - - - - - - - - - - - - - - - - - - - - - - - -
[  6]  43.00-44.00  sec  63.1 MBytes   528 Mbits/sec                  
[  9]  43.00-44.00  sec  24.5 MBytes   205 Mbits/sec                  
[SUM]  43.00-44.00  sec  87.6 MBytes   734 Mbits/sec                  
- - - - - - - - - - - - - - - - - - - - - - - - -
[  6]  44.00-45.01  sec  46.6 MBytes   389 Mbits/sec                  
[  9]  44.00-45.01  sec  19.8 MBytes   165 Mbits/sec                  
[SUM]  44.00-45.01  sec  66.3 MBytes   554 Mbits/sec                  
- - - - - - - - - - - - - - - - - - - - - - - - -
[  6]  45.01-46.00  sec  54.2 MBytes   458 Mbits/sec                  
[  9]  45.01-46.00  sec  24.3 MBytes   205 Mbits/sec                  
[SUM]  45.01-46.00  sec  78.6 MBytes   663 Mbits/sec                  
- - - - - - - - - - - - - - - - - - - - - - - - -
[  6]  46.00-47.00  sec  54.6 MBytes   458 Mbits/sec                  
[  9]  46.00-47.00  sec  25.7 MBytes   215 Mbits/sec                  
[SUM]  46.00-47.00  sec  80.3 MBytes   673 Mbits/sec                  
- - - - - - - - - - - - - - - - - - - - - - - - -
[  6]  47.00-48.00  sec  52.8 MBytes   443 Mbits/sec                  
[  9]  47.00-48.00  sec  25.5 MBytes   214 Mbits/sec                  
[SUM]  47.00-48.00  sec  78.3 MBytes   657 Mbits/sec                  
- - - - - - - - - - - - - - - - - - - - - - - - -
[  6]  48.00-49.00  sec  50.6 MBytes   423 Mbits/sec                  
[  9]  48.00-49.00  sec  26.2 MBytes   219 Mbits/sec                  
[SUM]  48.00-49.00  sec  76.7 MBytes   641 Mbits/sec                  
- - - - - - - - - - - - - - - - - - - - - - - - -
[  6]  49.00-50.00  sec  51.8 MBytes   436 Mbits/sec                  
[  9]  49.00-50.00  sec  22.8 MBytes   192 Mbits/sec                  
[SUM]  49.00-50.00  sec  74.7 MBytes   629 Mbits/sec                  
- - - - - - - - - - - - - - - - - - - - - - - - -
[  6]  50.00-51.00  sec  56.0 MBytes   470 Mbits/sec                  
[  9]  50.00-51.00  sec  22.4 MBytes   188 Mbits/sec                  
[SUM]  50.00-51.00  sec  78.3 MBytes   657 Mbits/sec                  
- - - - - - - - - - - - - - - - - - - - - - - - -
[  6]  51.00-52.00  sec  66.1 MBytes   554 Mbits/sec                  
[  9]  51.00-52.00  sec  28.1 MBytes   236 Mbits/sec                  
[SUM]  51.00-52.00  sec  94.2 MBytes   790 Mbits/sec                  
- - - - - - - - - - - - - - - - - - - - - - - - -
[  6]  52.00-53.00  sec  67.6 MBytes   567 Mbits/sec                  
[  9]  52.00-53.00  sec  34.3 MBytes   288 Mbits/sec                  
[SUM]  52.00-53.00  sec   102 MBytes   855 Mbits/sec                  
- - - - - - - - - - - - - - - - - - - - - - - - -
[  6]  53.00-54.00  sec  61.2 MBytes   513 Mbits/sec                  
[  9]  53.00-54.00  sec  36.1 MBytes   303 Mbits/sec                  
[SUM]  53.00-54.00  sec  97.3 MBytes   816 Mbits/sec                  
- - - - - - - - - - - - - - - - - - - - - - - - -
[  6]  54.00-55.00  sec  60.5 MBytes   507 Mbits/sec                  
[  9]  54.00-55.00  sec  35.6 MBytes   299 Mbits/sec                  
[SUM]  54.00-55.00  sec  96.1 MBytes   806 Mbits/sec                  
- - - - - - - - - - - - - - - - - - - - - - - - -
[  6]  55.00-56.00  sec  53.3 MBytes   447 Mbits/sec                  
[  9]  55.00-56.00  sec  43.6 MBytes   366 Mbits/sec                  
[SUM]  55.00-56.00  sec  97.0 MBytes   813 Mbits/sec                  
- - - - - - - - - - - - - - - - - - - - - - - - -
[  6]  56.00-57.00  sec  52.3 MBytes   439 Mbits/sec                  
[  9]  56.00-57.00  sec  44.3 MBytes   372 Mbits/sec                  
[SUM]  56.00-57.00  sec  96.6 MBytes   811 Mbits/sec                  
- - - - - - - - - - - - - - - - - - - - - - - - -
[  6]  57.00-58.00  sec  58.5 MBytes   491 Mbits/sec                  
[  9]  57.00-58.00  sec  41.7 MBytes   350 Mbits/sec                  
[SUM]  57.00-58.00  sec   100 MBytes   840 Mbits/sec                  
- - - - - - - - - - - - - - - - - - - - - - - - -
[  6]  58.00-59.00  sec  55.7 MBytes   467 Mbits/sec                  
[  9]  58.00-59.00  sec  35.8 MBytes   300 Mbits/sec                  
[SUM]  58.00-59.00  sec  91.5 MBytes   767 Mbits/sec                  
- - - - - - - - - - - - - - - - - - - - - - - - -
[  6]  59.00-60.00  sec  43.4 MBytes   364 Mbits/sec                  
[  9]  59.00-60.00  sec  30.5 MBytes   255 Mbits/sec                  
[SUM]  59.00-60.00  sec  73.9 MBytes   620 Mbits/sec                  
- - - - - - - - - - - - - - - - - - - - - - - - -
[  6]  60.00-61.00  sec  45.9 MBytes   385 Mbits/sec                  
[  9]  60.00-61.00  sec  32.4 MBytes   271 Mbits/sec                  
[SUM]  60.00-61.00  sec  78.3 MBytes   656 Mbits/sec                  
- - - - - - - - - - - - - - - - - - - - - - - - -
[  6]  61.00-62.00  sec  43.7 MBytes   367 Mbits/sec                  
[  9]  61.00-62.00  sec  29.2 MBytes   245 Mbits/sec                  
[SUM]  61.00-62.00  sec  72.9 MBytes   612 Mbits/sec                  
- - - - - - - - - - - - - - - - - - - - - - - - -
[  6]  62.00-63.00  sec  51.3 MBytes   430 Mbits/sec                  
[  9]  62.00-63.00  sec  35.0 MBytes   294 Mbits/sec                  
[SUM]  62.00-63.00  sec  86.3 MBytes   723 Mbits/sec                  
- - - - - - - - - - - - - - - - - - - - - - - - -
[  6]  63.00-64.00  sec  57.7 MBytes   484 Mbits/sec                  
[  9]  63.00-64.00  sec  38.0 MBytes   318 Mbits/sec                  
[SUM]  63.00-64.00  sec  95.7 MBytes   802 Mbits/sec                  
- - - - - - - - - - - - - - - - - - - - - - - - -
[  6]  64.00-65.00  sec  54.5 MBytes   458 Mbits/sec                  
[  9]  64.00-65.00  sec  37.1 MBytes   311 Mbits/sec                  
[SUM]  64.00-65.00  sec  91.6 MBytes   769 Mbits/sec                  
- - - - - - - - - - - - - - - - - - - - - - - - -
[  6]  65.00-66.00  sec  60.7 MBytes   509 Mbits/sec                  
[  9]  65.00-66.00  sec  35.1 MBytes   294 Mbits/sec                  
[SUM]  65.00-66.00  sec  95.8 MBytes   802 Mbits/sec                  
- - - - - - - - - - - - - - - - - - - - - - - - -
[  6]  66.00-67.00  sec  67.5 MBytes   567 Mbits/sec                  
[  9]  66.00-67.00  sec  35.3 MBytes   297 Mbits/sec                  
[SUM]  66.00-67.00  sec   103 MBytes   864 Mbits/sec                  
- - - - - - - - - - - - - - - - - - - - - - - - -
[  6]  67.00-68.00  sec  61.2 MBytes   513 Mbits/sec                  
[  9]  67.00-68.00  sec  33.1 MBytes   277 Mbits/sec                  
[SUM]  67.00-68.00  sec  94.3 MBytes   791 Mbits/sec                  
- - - - - - - - - - - - - - - - - - - - - - - - -
[  6]  68.00-69.00  sec  69.3 MBytes   582 Mbits/sec                  
[  9]  68.00-69.00  sec  29.6 MBytes   248 Mbits/sec                  
[SUM]  68.00-69.00  sec  98.9 MBytes   830 Mbits/sec                  
- - - - - - - - - - - - - - - - - - - - - - - - -
[  6]  69.00-70.00  sec  74.8 MBytes   627 Mbits/sec                  
[  9]  69.00-70.00  sec  27.6 MBytes   232 Mbits/sec                  
[SUM]  69.00-70.00  sec   102 MBytes   859 Mbits/sec                  
- - - - - - - - - - - - - - - - - - - - - - - - -
[  6]  70.00-71.00  sec  61.0 MBytes   511 Mbits/sec                  
[  9]  70.00-71.00  sec  20.5 MBytes   172 Mbits/sec                  
[SUM]  70.00-71.00  sec  81.5 MBytes   684 Mbits/sec                  
- - - - - - - - - - - - - - - - - - - - - - - - -
[  6]  71.00-72.00  sec  50.6 MBytes   425 Mbits/sec                  
[  9]  71.00-72.00  sec  18.1 MBytes   152 Mbits/sec                  
[SUM]  71.00-72.00  sec  68.7 MBytes   576 Mbits/sec                  
- - - - - - - - - - - - - - - - - - - - - - - - -
[  6]  72.00-73.00  sec  59.6 MBytes   500 Mbits/sec                  
[  9]  72.00-73.00  sec  16.0 MBytes   134 Mbits/sec                  
[SUM]  72.00-73.00  sec  75.6 MBytes   635 Mbits/sec                  
- - - - - - - - - - - - - - - - - - - - - - - - -
[  6]  73.00-74.00  sec  73.8 MBytes   619 Mbits/sec                  
[  9]  73.00-74.00  sec  21.8 MBytes   183 Mbits/sec                  
[SUM]  73.00-74.00  sec  95.6 MBytes   802 Mbits/sec                  
- - - - - - - - - - - - - - - - - - - - - - - - -
[  6]  74.00-75.00  sec  67.1 MBytes   563 Mbits/sec                  
[  9]  74.00-75.00  sec  17.0 MBytes   142 Mbits/sec                  
[SUM]  74.00-75.00  sec  84.0 MBytes   705 Mbits/sec                  
- - - - - - - - - - - - - - - - - - - - - - - - -
[  6]  75.00-76.00  sec  68.4 MBytes   573 Mbits/sec                  
[  9]  75.00-76.00  sec  14.5 MBytes   122 Mbits/sec                  
[SUM]  75.00-76.00  sec  82.9 MBytes   695 Mbits/sec                  
- - - - - - - - - - - - - - - - - - - - - - - - -
[  6]  76.00-77.00  sec  87.6 MBytes   735 Mbits/sec                  
[  9]  76.00-77.00  sec  18.5 MBytes   155 Mbits/sec                  
[SUM]  76.00-77.00  sec   106 MBytes   890 Mbits/sec                  
- - - - - - - - - - - - - - - - - - - - - - - - -
[  6]  77.00-78.00  sec  84.0 MBytes   705 Mbits/sec                  
[  9]  77.00-78.00  sec  24.0 MBytes   202 Mbits/sec                  
[SUM]  77.00-78.00  sec   108 MBytes   907 Mbits/sec                  
- - - - - - - - - - - - - - - - - - - - - - - - -
[  6]  78.00-79.00  sec  82.2 MBytes   690 Mbits/sec                  
[  9]  78.00-79.00  sec  21.7 MBytes   182 Mbits/sec                  
[SUM]  78.00-79.00  sec   104 MBytes   872 Mbits/sec                  
- - - - - - - - - - - - - - - - - - - - - - - - -
[  6]  79.00-80.00  sec  84.7 MBytes   711 Mbits/sec                  
[  9]  79.00-80.00  sec  20.0 MBytes   168 Mbits/sec                  
[SUM]  79.00-80.00  sec   105 MBytes   878 Mbits/sec                  
- - - - - - - - - - - - - - - - - - - - - - - - -
[  6]  80.00-80.01  sec   855 KBytes   817 Mbits/sec                  
[  9]  80.00-80.01  sec   240 KBytes   230 Mbits/sec                  
[SUM]  80.00-80.01  sec  1.07 MBytes  1.05 Gbits/sec                  
- - - - - - - - - - - - - - - - - - - - - - - - -
[ ID] Interval           Transfer     Bitrate
[  6]   0.00-80.01  sec  4.98 GBytes   534 Mbits/sec                  receiver
[  9]   0.00-80.01  sec  2.06 GBytes   221 Mbits/sec                  receiver
[SUM]   0.00-80.01  sec  7.04 GBytes   756 Mbits/sec                  receiver
