-----------------------------------------------------------
Server listening on 5201
-----------------------------------------------------------
Accepted connection from 10.0.2.5, port 39740
[  6] local 10.0.4.30 port 5201 connected to 10.0.2.5 port 1488
[  9] local 10.0.4.30 port 5201 connected to 10.0.2.5 port 1489
[ ID] Interval           Transfer     Bitrate
[  6]   0.00-1.00   sec  54.9 MBytes   460 Mbits/sec                  
[  9]   0.00-1.00   sec  40.1 MBytes   336 Mbits/sec                  
[SUM]   0.00-1.00   sec  94.9 MBytes   796 Mbits/sec                  
- - - - - - - - - - - - - - - - - - - - - - - - -
[  6]   1.00-2.00   sec  57.0 MBytes   478 Mbits/sec                  
[  9]   1.00-2.00   sec  41.4 MBytes   348 Mbits/sec                  
[SUM]   1.00-2.00   sec  98.4 MBytes   826 Mbits/sec                  
- - - - - - - - - - - - - - - - - - - - - - - - -
[  6]   2.00-3.00   sec  56.7 MBytes   475 Mbits/sec                  
[  9]   2.00-3.00   sec  42.1 MBytes   352 Mbits/sec                  
[SUM]   2.00-3.00   sec  98.7 MBytes   827 Mbits/sec                  
- - - - - - - - - - - - - - - - - - - - - - - - -
[  6]   3.00-4.00   sec  58.2 MBytes   489 Mbits/sec                  
[  9]   3.00-4.00   sec  42.9 MBytes   360 Mbits/sec                  
[SUM]   3.00-4.00   sec   101 MBytes   849 Mbits/sec                  
- - - - - - - - - - - - - - - - - - - - - - - - -
[  6]   4.00-5.00   sec  61.1 MBytes   513 Mbits/sec                  
[  9]   4.00-5.00   sec  44.8 MBytes   376 Mbits/sec                  
[SUM]   4.00-5.00   sec   106 MBytes   889 Mbits/sec                  
- - - - - - - - - - - - - - - - - - - - - - - - -
[  6]   5.00-6.00   sec  60.2 MBytes   505 Mbits/sec                  
[  9]   5.00-6.00   sec  45.2 MBytes   379 Mbits/sec                  
[SUM]   5.00-6.00   sec   105 MBytes   884 Mbits/sec                  
- - - - - - - - - - - - - - - - - - - - - - - - -
[  6]   6.00-7.00   sec  68.9 MBytes   578 Mbits/sec                  
[  9]   6.00-7.00   sec  38.0 MBytes   318 Mbits/sec                  
[SUM]   6.00-7.00   sec   107 MBytes   896 Mbits/sec                  
- - - - - - - - - - - - - - - - - - - - - - - - -
[  6]   7.00-8.00   sec  66.6 MBytes   559 Mbits/sec                  
[  9]   7.00-8.00   sec  38.9 MBytes   326 Mbits/sec                  
[SUM]   7.00-8.00   sec   105 MBytes   885 Mbits/sec                  
- - - - - - - - - - - - - - - - - - - - - - - - -
[  6]   8.00-9.00   sec  76.4 MBytes   641 Mbits/sec                  
[  9]   8.00-9.00   sec  33.8 MBytes   284 Mbits/sec                  
[SUM]   8.00-9.00   sec   110 MBytes   925 Mbits/sec                  
- - - - - - - - - - - - - - - - - - - - - - - - -
[  6]   9.00-10.00  sec  77.2 MBytes   648 Mbits/sec                  
[  9]   9.00-10.00  sec  34.7 MBytes   291 Mbits/sec                  
[SUM]   9.00-10.00  sec   112 MBytes   939 Mbits/sec                  
- - - - - - - - - - - - - - - - - - - - - - - - -
[  6]  10.00-11.00  sec  76.9 MBytes   644 Mbits/sec                  
[  9]  10.00-11.00  sec  29.1 MBytes   244 Mbits/sec                  
[SUM]  10.00-11.00  sec   106 MBytes   888 Mbits/sec                  
- - - - - - - - - - - - - - - - - - - - - - - - -
[  6]  11.00-12.00  sec  79.6 MBytes   668 Mbits/sec                  
[  9]  11.00-12.00  sec  22.4 MBytes   188 Mbits/sec                  
[SUM]  11.00-12.00  sec   102 MBytes   856 Mbits/sec                  
- - - - - - - - - - - - - - - - - - - - - - - - -
[  6]  12.00-13.00  sec  77.3 MBytes   649 Mbits/sec                  
[  9]  12.00-13.00  sec  21.9 MBytes   184 Mbits/sec                  
[SUM]  12.00-13.00  sec  99.2 MBytes   832 Mbits/sec                  
- - - - - - - - - - - - - - - - - - - - - - - - -
[  6]  13.00-14.00  sec  78.9 MBytes   662 Mbits/sec                  
[  9]  13.00-14.00  sec  24.0 MBytes   201 Mbits/sec                  
[SUM]  13.00-14.00  sec   103 MBytes   863 Mbits/sec                  
- - - - - - - - - - - - - - - - - - - - - - - - -
[  6]  14.00-15.00  sec  86.7 MBytes   727 Mbits/sec                  
[  9]  14.00-15.00  sec  22.1 MBytes   185 Mbits/sec                  
[SUM]  14.00-15.00  sec   109 MBytes   912 Mbits/sec                  
- - - - - - - - - - - - - - - - - - - - - - - - -
[  6]  15.00-16.00  sec  94.6 MBytes   794 Mbits/sec                  
[  9]  15.00-16.00  sec  16.7 MBytes   140 Mbits/sec                  
[SUM]  15.00-16.00  sec   111 MBytes   934 Mbits/sec                  
- - - - - - - - - - - - - - - - - - - - - - - - -
[  6]  16.00-17.00  sec  96.7 MBytes   811 Mbits/sec                  
[  9]  16.00-17.00  sec  13.5 MBytes   114 Mbits/sec                  
[SUM]  16.00-17.00  sec   110 MBytes   925 Mbits/sec                  
- - - - - - - - - - - - - - - - - - - - - - - - -
[  6]  17.00-18.00  sec  92.7 MBytes   778 Mbits/sec                  
[  9]  17.00-18.00  sec  16.6 MBytes   140 Mbits/sec                  
[SUM]  17.00-18.00  sec   109 MBytes   917 Mbits/sec                  
- - - - - - - - - - - - - - - - - - - - - - - - -
[  6]  18.00-19.00  sec  94.2 MBytes   789 Mbits/sec                  
[  9]  18.00-19.00  sec  16.0 MBytes   134 Mbits/sec                  
[SUM]  18.00-19.00  sec   110 MBytes   924 Mbits/sec                  
- - - - - - - - - - - - - - - - - - - - - - - - -
[  6]  19.00-20.00  sec  89.8 MBytes   754 Mbits/sec                  
[  9]  19.00-20.00  sec  15.8 MBytes   133 Mbits/sec                  
[SUM]  19.00-20.00  sec   106 MBytes   887 Mbits/sec                  
- - - - - - - - - - - - - - - - - - - - - - - - -
[  6]  20.00-21.00  sec  85.0 MBytes   713 Mbits/sec                  
[  9]  20.00-21.00  sec  18.1 MBytes   152 Mbits/sec                  
[SUM]  20.00-21.00  sec   103 MBytes   864 Mbits/sec                  
- - - - - - - - - - - - - - - - - - - - - - - - -
[  6]  21.00-22.00  sec  79.6 MBytes   669 Mbits/sec                  
[  9]  21.00-22.00  sec  20.4 MBytes   171 Mbits/sec                  
[SUM]  21.00-22.00  sec   100 MBytes   840 Mbits/sec                  
- - - - - - - - - - - - - - - - - - - - - - - - -
[  6]  22.00-23.00  sec  78.1 MBytes   655 Mbits/sec                  
[  9]  22.00-23.00  sec  22.6 MBytes   189 Mbits/sec                  
[SUM]  22.00-23.00  sec   101 MBytes   845 Mbits/sec                  
- - - - - - - - - - - - - - - - - - - - - - - - -
[  6]  23.00-24.00  sec  74.5 MBytes   624 Mbits/sec                  
[  9]  23.00-24.00  sec  24.1 MBytes   202 Mbits/sec                  
[SUM]  23.00-24.00  sec  98.7 MBytes   827 Mbits/sec                  
- - - - - - - - - - - - - - - - - - - - - - - - -
[  6]  24.00-25.00  sec  80.5 MBytes   676 Mbits/sec                  
[  9]  24.00-25.00  sec  27.0 MBytes   227 Mbits/sec                  
[SUM]  24.00-25.00  sec   107 MBytes   902 Mbits/sec                  
- - - - - - - - - - - - - - - - - - - - - - - - -
[  6]  25.00-26.00  sec  79.4 MBytes   666 Mbits/sec                  
[  9]  25.00-26.00  sec  28.9 MBytes   243 Mbits/sec                  
[SUM]  25.00-26.00  sec   108 MBytes   909 Mbits/sec                  
- - - - - - - - - - - - - - - - - - - - - - - - -
[  6]  26.00-27.00  sec  78.2 MBytes   655 Mbits/sec                  
[  9]  26.00-27.00  sec  29.5 MBytes   247 Mbits/sec                  
[SUM]  26.00-27.00  sec   108 MBytes   902 Mbits/sec                  
- - - - - - - - - - - - - - - - - - - - - - - - -
[  6]  27.00-28.00  sec  79.8 MBytes   670 Mbits/sec                  
[  9]  27.00-28.00  sec  31.5 MBytes   264 Mbits/sec                  
[SUM]  27.00-28.00  sec   111 MBytes   934 Mbits/sec                  
- - - - - - - - - - - - - - - - - - - - - - - - -
[  6]  28.00-29.00  sec  68.2 MBytes   572 Mbits/sec                  
[  9]  28.00-29.00  sec  39.4 MBytes   330 Mbits/sec                  
[SUM]  28.00-29.00  sec   108 MBytes   902 Mbits/sec                  
- - - - - - - - - - - - - - - - - - - - - - - - -
[  6]  29.00-30.00  sec  68.5 MBytes   575 Mbits/sec                  
[  9]  29.00-30.00  sec  37.0 MBytes   310 Mbits/sec                  
[SUM]  29.00-30.00  sec   105 MBytes   885 Mbits/sec                  
- - - - - - - - - - - - - - - - - - - - - - - - -
[  6]  30.00-31.00  sec  71.9 MBytes   603 Mbits/sec                  
[  9]  30.00-31.00  sec  32.7 MBytes   274 Mbits/sec                  
[SUM]  30.00-31.00  sec   105 MBytes   877 Mbits/sec                  
- - - - - - - - - - - - - - - - - - - - - - - - -
[  6]  31.00-32.00  sec  68.9 MBytes   577 Mbits/sec                  
[  9]  31.00-32.00  sec  32.9 MBytes   276 Mbits/sec                  
[SUM]  31.00-32.00  sec   102 MBytes   854 Mbits/sec                  
- - - - - - - - - - - - - - - - - - - - - - - - -
[  6]  32.00-33.00  sec  71.0 MBytes   596 Mbits/sec                  
[  9]  32.00-33.00  sec  33.0 MBytes   277 Mbits/sec                  
[SUM]  32.00-33.00  sec   104 MBytes   873 Mbits/sec                  
- - - - - - - - - - - - - - - - - - - - - - - - -
[  6]  33.00-34.00  sec  71.2 MBytes   597 Mbits/sec                  
[  9]  33.00-34.00  sec  26.3 MBytes   221 Mbits/sec                  
[SUM]  33.00-34.00  sec  97.5 MBytes   818 Mbits/sec                  
- - - - - - - - - - - - - - - - - - - - - - - - -
[  6]  34.00-35.00  sec  79.6 MBytes   668 Mbits/sec                  
[  9]  34.00-35.00  sec  31.0 MBytes   260 Mbits/sec                  
[SUM]  34.00-35.00  sec   111 MBytes   928 Mbits/sec                  
- - - - - - - - - - - - - - - - - - - - - - - - -
[  6]  35.00-36.00  sec  86.5 MBytes   725 Mbits/sec                  
[  9]  35.00-36.00  sec  24.8 MBytes   208 Mbits/sec                  
[SUM]  35.00-36.00  sec   111 MBytes   932 Mbits/sec                  
- - - - - - - - - - - - - - - - - - - - - - - - -
[  6]  36.00-37.00  sec  94.5 MBytes   793 Mbits/sec                  
[  9]  36.00-37.00  sec  17.9 MBytes   151 Mbits/sec                  
[SUM]  36.00-37.00  sec   112 MBytes   944 Mbits/sec                  
- - - - - - - - - - - - - - - - - - - - - - - - -
[  6]  37.00-38.00  sec  92.2 MBytes   773 Mbits/sec                  
[  9]  37.00-38.00  sec  17.9 MBytes   151 Mbits/sec                  
[SUM]  37.00-38.00  sec   110 MBytes   924 Mbits/sec                  
- - - - - - - - - - - - - - - - - - - - - - - - -
[  6]  38.00-39.00  sec  89.5 MBytes   751 Mbits/sec                  
[  9]  38.00-39.00  sec  19.7 MBytes   166 Mbits/sec                  
[SUM]  38.00-39.00  sec   109 MBytes   917 Mbits/sec                  
- - - - - - - - - - - - - - - - - - - - - - - - -
[  6]  39.00-40.00  sec  89.7 MBytes   751 Mbits/sec                  
[  9]  39.00-40.00  sec  22.1 MBytes   185 Mbits/sec                  
[SUM]  39.00-40.00  sec   112 MBytes   936 Mbits/sec                  
- - - - - - - - - - - - - - - - - - - - - - - - -
[  6]  40.00-41.00  sec  86.0 MBytes   724 Mbits/sec                  
[  9]  40.00-41.00  sec  21.7 MBytes   183 Mbits/sec                  
[SUM]  40.00-41.00  sec   108 MBytes   906 Mbits/sec                  
- - - - - - - - - - - - - - - - - - - - - - - - -
[  6]  41.00-42.00  sec  87.0 MBytes   730 Mbits/sec                  
[  9]  41.00-42.00  sec  19.0 MBytes   159 Mbits/sec                  
[SUM]  41.00-42.00  sec   106 MBytes   889 Mbits/sec                  
- - - - - - - - - - - - - - - - - - - - - - - - -
[  6]  42.00-43.00  sec  83.5 MBytes   701 Mbits/sec                  
[  9]  42.00-43.00  sec  20.5 MBytes   172 Mbits/sec                  
[SUM]  42.00-43.00  sec   104 MBytes   872 Mbits/sec                  
- - - - - - - - - - - - - - - - - - - - - - - - -
[  6]  43.00-44.00  sec  80.2 MBytes   672 Mbits/sec                  
[  9]  43.00-44.00  sec  22.1 MBytes   186 Mbits/sec                  
[SUM]  43.00-44.00  sec   102 MBytes   858 Mbits/sec                  
- - - - - - - - - - - - - - - - - - - - - - - - -
[  6]  44.00-45.00  sec  76.6 MBytes   643 Mbits/sec                  
[  9]  44.00-45.00  sec  28.1 MBytes   236 Mbits/sec                  
[SUM]  44.00-45.00  sec   105 MBytes   879 Mbits/sec                  
- - - - - - - - - - - - - - - - - - - - - - - - -
[  6]  45.00-46.00  sec  72.6 MBytes   609 Mbits/sec                  
[  9]  45.00-46.00  sec  32.4 MBytes   272 Mbits/sec                  
[SUM]  45.00-46.00  sec   105 MBytes   881 Mbits/sec                  
- - - - - - - - - - - - - - - - - - - - - - - - -
[  6]  46.00-47.00  sec  71.7 MBytes   602 Mbits/sec                  
[  9]  46.00-47.00  sec  28.2 MBytes   237 Mbits/sec                  
[SUM]  46.00-47.00  sec  99.9 MBytes   838 Mbits/sec                  
- - - - - - - - - - - - - - - - - - - - - - - - -
[  6]  47.00-48.00  sec  76.1 MBytes   639 Mbits/sec                  
[  9]  47.00-48.00  sec  27.9 MBytes   234 Mbits/sec                  
[SUM]  47.00-48.00  sec   104 MBytes   872 Mbits/sec                  
- - - - - - - - - - - - - - - - - - - - - - - - -
[  6]  48.00-49.00  sec  72.5 MBytes   608 Mbits/sec                  
[  9]  48.00-49.00  sec  28.8 MBytes   241 Mbits/sec                  
[SUM]  48.00-49.00  sec   101 MBytes   849 Mbits/sec                  
- - - - - - - - - - - - - - - - - - - - - - - - -
[  6]  49.00-50.00  sec  70.8 MBytes   594 Mbits/sec                  
[  9]  49.00-50.00  sec  30.7 MBytes   258 Mbits/sec                  
[SUM]  49.00-50.00  sec   102 MBytes   852 Mbits/sec                  
- - - - - - - - - - - - - - - - - - - - - - - - -
[  6]  50.00-51.00  sec  74.2 MBytes   620 Mbits/sec                  
[  9]  50.00-51.00  sec  34.9 MBytes   292 Mbits/sec                  
[SUM]  50.00-51.00  sec   109 MBytes   912 Mbits/sec                  
- - - - - - - - - - - - - - - - - - - - - - - - -
[  6]  51.00-52.00  sec  66.2 MBytes   556 Mbits/sec                  
[  9]  51.00-52.00  sec  32.8 MBytes   276 Mbits/sec                  
[SUM]  51.00-52.00  sec  99.0 MBytes   833 Mbits/sec                  
- - - - - - - - - - - - - - - - - - - - - - - - -
[  6]  52.00-53.00  sec  67.2 MBytes   564 Mbits/sec                  
[  9]  52.00-53.00  sec  35.3 MBytes   296 Mbits/sec                  
[SUM]  52.00-53.00  sec   102 MBytes   860 Mbits/sec                  
- - - - - - - - - - - - - - - - - - - - - - - - -
[  6]  53.00-54.00  sec  55.7 MBytes   467 Mbits/sec                  
[  9]  53.00-54.00  sec  39.8 MBytes   334 Mbits/sec                  
[SUM]  53.00-54.00  sec  95.4 MBytes   801 Mbits/sec                  
- - - - - - - - - - - - - - - - - - - - - - - - -
[  6]  54.00-55.00  sec  61.4 MBytes   515 Mbits/sec                  
[  9]  54.00-55.00  sec  42.9 MBytes   360 Mbits/sec                  
[SUM]  54.00-55.00  sec   104 MBytes   875 Mbits/sec                  
- - - - - - - - - - - - - - - - - - - - - - - - -
[  6]  55.00-56.00  sec  64.9 MBytes   544 Mbits/sec                  
[  9]  55.00-56.00  sec  46.0 MBytes   386 Mbits/sec                  
[SUM]  55.00-56.00  sec   111 MBytes   930 Mbits/sec                  
- - - - - - - - - - - - - - - - - - - - - - - - -
[  6]  56.00-57.00  sec  64.9 MBytes   544 Mbits/sec                  
[  9]  56.00-57.00  sec  43.4 MBytes   364 Mbits/sec                  
[SUM]  56.00-57.00  sec   108 MBytes   908 Mbits/sec                  
- - - - - - - - - - - - - - - - - - - - - - - - -
[  6]  57.00-58.00  sec  69.9 MBytes   587 Mbits/sec                  
[  9]  57.00-58.00  sec  37.9 MBytes   318 Mbits/sec                  
[SUM]  57.00-58.00  sec   108 MBytes   905 Mbits/sec                  
- - - - - - - - - - - - - - - - - - - - - - - - -
[  6]  58.00-59.00  sec  73.7 MBytes   618 Mbits/sec                  
[  9]  58.00-59.00  sec  32.9 MBytes   276 Mbits/sec                  
[SUM]  58.00-59.00  sec   107 MBytes   894 Mbits/sec                  
- - - - - - - - - - - - - - - - - - - - - - - - -
[  6]  59.00-60.00  sec  81.2 MBytes   681 Mbits/sec                  
[  9]  59.00-60.00  sec  27.2 MBytes   228 Mbits/sec                  
[SUM]  59.00-60.00  sec   108 MBytes   909 Mbits/sec                  
- - - - - - - - - - - - - - - - - - - - - - - - -
[  6]  60.00-61.00  sec  84.4 MBytes   708 Mbits/sec                  
[  9]  60.00-61.00  sec  19.6 MBytes   164 Mbits/sec                  
[SUM]  60.00-61.00  sec   104 MBytes   872 Mbits/sec                  
- - - - - - - - - - - - - - - - - - - - - - - - -
[  6]  61.00-62.00  sec  83.1 MBytes   697 Mbits/sec                  
[  9]  61.00-62.00  sec  16.5 MBytes   139 Mbits/sec                  
[SUM]  61.00-62.00  sec  99.7 MBytes   836 Mbits/sec                  
- - - - - - - - - - - - - - - - - - - - - - - - -
[  6]  62.00-63.00  sec  81.4 MBytes   683 Mbits/sec                  
[  9]  62.00-63.00  sec  19.8 MBytes   166 Mbits/sec                  
[SUM]  62.00-63.00  sec   101 MBytes   849 Mbits/sec                  
- - - - - - - - - - - - - - - - - - - - - - - - -
[  6]  63.00-64.00  sec  80.3 MBytes   674 Mbits/sec                  
[  9]  63.00-64.00  sec  22.3 MBytes   187 Mbits/sec                  
[SUM]  63.00-64.00  sec   103 MBytes   861 Mbits/sec                  
- - - - - - - - - - - - - - - - - - - - - - - - -
[  6]  64.00-65.00  sec  85.2 MBytes   714 Mbits/sec                  
[  9]  64.00-65.00  sec  26.3 MBytes   221 Mbits/sec                  
[SUM]  64.00-65.00  sec   112 MBytes   935 Mbits/sec                  
- - - - - - - - - - - - - - - - - - - - - - - - -
[  6]  65.00-66.00  sec  81.8 MBytes   687 Mbits/sec                  
[  9]  65.00-66.00  sec  28.1 MBytes   236 Mbits/sec                  
[SUM]  65.00-66.00  sec   110 MBytes   922 Mbits/sec                  
- - - - - - - - - - - - - - - - - - - - - - - - -
[  6]  66.00-67.00  sec  80.8 MBytes   678 Mbits/sec                  
[  9]  66.00-67.00  sec  29.9 MBytes   251 Mbits/sec                  
[SUM]  66.00-67.00  sec   111 MBytes   929 Mbits/sec                  
- - - - - - - - - - - - - - - - - - - - - - - - -
[  6]  67.00-68.00  sec  87.1 MBytes   731 Mbits/sec                  
[  9]  67.00-68.00  sec  26.3 MBytes   220 Mbits/sec                  
[SUM]  67.00-68.00  sec   113 MBytes   951 Mbits/sec                  
- - - - - - - - - - - - - - - - - - - - - - - - -
[  6]  68.00-69.00  sec  83.3 MBytes   699 Mbits/sec                  
[  9]  68.00-69.00  sec  25.3 MBytes   212 Mbits/sec                  
[SUM]  68.00-69.00  sec   109 MBytes   911 Mbits/sec                  
- - - - - - - - - - - - - - - - - - - - - - - - -
[  6]  69.00-70.00  sec  79.6 MBytes   668 Mbits/sec                  
[  9]  69.00-70.00  sec  26.0 MBytes   218 Mbits/sec                  
[SUM]  69.00-70.00  sec   106 MBytes   886 Mbits/sec                  
- - - - - - - - - - - - - - - - - - - - - - - - -
[  6]  70.00-71.00  sec  83.4 MBytes   700 Mbits/sec                  
[  9]  70.00-71.00  sec  28.5 MBytes   239 Mbits/sec                  
[SUM]  70.00-71.00  sec   112 MBytes   939 Mbits/sec                  
- - - - - - - - - - - - - - - - - - - - - - - - -
[  6]  71.00-72.00  sec  71.6 MBytes   600 Mbits/sec                  
[  9]  71.00-72.00  sec  26.5 MBytes   223 Mbits/sec                  
[SUM]  71.00-72.00  sec  98.1 MBytes   823 Mbits/sec                  
- - - - - - - - - - - - - - - - - - - - - - - - -
[  6]  72.00-73.00  sec  72.8 MBytes   611 Mbits/sec                  
[  9]  72.00-73.00  sec  28.4 MBytes   238 Mbits/sec                  
[SUM]  72.00-73.00  sec   101 MBytes   849 Mbits/sec                  
- - - - - - - - - - - - - - - - - - - - - - - - -
[  6]  73.00-74.00  sec  71.1 MBytes   596 Mbits/sec                  
[  9]  73.00-74.00  sec  29.7 MBytes   249 Mbits/sec                  
[SUM]  73.00-74.00  sec   101 MBytes   845 Mbits/sec                  
- - - - - - - - - - - - - - - - - - - - - - - - -
[  6]  74.00-75.00  sec  78.0 MBytes   654 Mbits/sec                  
[  9]  74.00-75.00  sec  27.0 MBytes   226 Mbits/sec                  
[SUM]  74.00-75.00  sec   105 MBytes   880 Mbits/sec                  
- - - - - - - - - - - - - - - - - - - - - - - - -
[  6]  75.00-76.00  sec  89.0 MBytes   747 Mbits/sec                  
[  9]  75.00-76.00  sec  21.9 MBytes   183 Mbits/sec                  
[SUM]  75.00-76.00  sec   111 MBytes   930 Mbits/sec                  
- - - - - - - - - - - - - - - - - - - - - - - - -
[  6]  76.00-77.00  sec  92.0 MBytes   772 Mbits/sec                  
[  9]  76.00-77.00  sec  18.5 MBytes   155 Mbits/sec                  
[SUM]  76.00-77.00  sec   111 MBytes   927 Mbits/sec                  
- - - - - - - - - - - - - - - - - - - - - - - - -
[  6]  77.00-78.00  sec  93.8 MBytes   787 Mbits/sec                  
[  9]  77.00-78.00  sec  17.1 MBytes   143 Mbits/sec                  
[SUM]  77.00-78.00  sec   111 MBytes   930 Mbits/sec                  
- - - - - - - - - - - - - - - - - - - - - - - - -
[  6]  78.00-79.00  sec  94.3 MBytes   789 Mbits/sec                  
[  9]  78.00-79.00  sec  17.9 MBytes   150 Mbits/sec                  
[SUM]  78.00-79.00  sec   112 MBytes   939 Mbits/sec                  
- - - - - - - - - - - - - - - - - - - - - - - - -
[  6]  79.00-80.00  sec  89.0 MBytes   749 Mbits/sec                  
[  9]  79.00-80.00  sec  18.5 MBytes   156 Mbits/sec                  
[SUM]  79.00-80.00  sec   108 MBytes   905 Mbits/sec                  
- - - - - - - - - - - - - - - - - - - - - - - - -
[  6]  80.00-80.02  sec   455 KBytes   228 Mbits/sec                  
[  9]  80.00-80.02  sec   147 KBytes  73.6 Mbits/sec                  
[SUM]  80.00-80.02  sec   602 KBytes   302 Mbits/sec                  
- - - - - - - - - - - - - - - - - - - - - - - - -
[ ID] Interval           Transfer     Bitrate
[  6]   0.00-80.02  sec  6.06 GBytes   651 Mbits/sec                  receiver
[  9]   0.00-80.02  sec  2.19 GBytes   235 Mbits/sec                  receiver
[SUM]   0.00-80.02  sec  8.26 GBytes   886 Mbits/sec                  receiver
