-----------------------------------------------------------
Server listening on 5201
-----------------------------------------------------------
Accepted connection from 10.0.2.5, port 35186
[  6] local 10.0.4.30 port 5201 connected to 10.0.2.5 port 35188
[  9] local 10.0.4.30 port 5201 connected to 10.0.2.5 port 35190
[ ID] Interval           Transfer     Bitrate
[  6]   0.00-1.00   sec  67.9 MBytes   570 Mbits/sec                  
[  9]   0.00-1.00   sec  63.7 MBytes   534 Mbits/sec                  
[SUM]   0.00-1.00   sec   132 MBytes  1.10 Gbits/sec                  
- - - - - - - - - - - - - - - - - - - - - - - - -
[  6]   1.00-2.00   sec  69.3 MBytes   581 Mbits/sec                  
[  9]   1.00-2.00   sec  64.6 MBytes   542 Mbits/sec                  
[SUM]   1.00-2.00   sec   134 MBytes  1.12 Gbits/sec                  
- - - - - - - - - - - - - - - - - - - - - - - - -
[  6]   2.00-3.00   sec  72.4 MBytes   607 Mbits/sec                  
[  9]   2.00-3.00   sec  68.2 MBytes   572 Mbits/sec                  
[SUM]   2.00-3.00   sec   141 MBytes  1.18 Gbits/sec                  
- - - - - - - - - - - - - - - - - - - - - - - - -
[  6]   3.00-4.00   sec  62.8 MBytes   527 Mbits/sec                  
[  9]   3.00-4.00   sec  70.1 MBytes   588 Mbits/sec                  
[SUM]   3.00-4.00   sec   133 MBytes  1.12 Gbits/sec                  
- - - - - - - - - - - - - - - - - - - - - - - - -
[  6]   4.00-5.00   sec  57.8 MBytes   485 Mbits/sec                  
[  9]   4.00-5.00   sec  76.5 MBytes   642 Mbits/sec                  
[SUM]   4.00-5.00   sec   134 MBytes  1.13 Gbits/sec                  
- - - - - - - - - - - - - - - - - - - - - - - - -
[  6]   5.00-6.00   sec  59.4 MBytes   498 Mbits/sec                  
[  9]   5.00-6.00   sec  77.3 MBytes   648 Mbits/sec                  
[SUM]   5.00-6.00   sec   137 MBytes  1.15 Gbits/sec                  
- - - - - - - - - - - - - - - - - - - - - - - - -
[  6]   6.00-7.00   sec  49.3 MBytes   413 Mbits/sec                  
[  9]   6.00-7.00   sec  89.0 MBytes   746 Mbits/sec                  
[SUM]   6.00-7.00   sec   138 MBytes  1.16 Gbits/sec                  
- - - - - - - - - - - - - - - - - - - - - - - - -
[  6]   7.00-8.00   sec  53.4 MBytes   448 Mbits/sec                  
[  9]   7.00-8.00   sec  86.7 MBytes   727 Mbits/sec                  
[SUM]   7.00-8.00   sec   140 MBytes  1.17 Gbits/sec                  
- - - - - - - - - - - - - - - - - - - - - - - - -
[  6]   8.00-9.00   sec  66.1 MBytes   554 Mbits/sec                  
[  9]   8.00-9.00   sec  78.1 MBytes   655 Mbits/sec                  
[SUM]   8.00-9.00   sec   144 MBytes  1.21 Gbits/sec                  
- - - - - - - - - - - - - - - - - - - - - - - - -
[  6]   9.00-10.00  sec  63.5 MBytes   532 Mbits/sec                  
[  9]   9.00-10.00  sec  77.8 MBytes   652 Mbits/sec                  
[SUM]   9.00-10.00  sec   141 MBytes  1.18 Gbits/sec                  
- - - - - - - - - - - - - - - - - - - - - - - - -
[  6]  10.00-11.00  sec  81.6 MBytes   685 Mbits/sec                  
[  9]  10.00-11.00  sec  66.3 MBytes   557 Mbits/sec                  
[SUM]  10.00-11.00  sec   148 MBytes  1.24 Gbits/sec                  
- - - - - - - - - - - - - - - - - - - - - - - - -
[  6]  11.00-12.00  sec  86.5 MBytes   725 Mbits/sec                  
[  9]  11.00-12.00  sec  50.6 MBytes   424 Mbits/sec                  
[SUM]  11.00-12.00  sec   137 MBytes  1.15 Gbits/sec                  
- - - - - - - - - - - - - - - - - - - - - - - - -
[  6]  12.00-13.00  sec  86.6 MBytes   726 Mbits/sec                  
[  9]  12.00-13.00  sec  52.9 MBytes   444 Mbits/sec                  
[SUM]  12.00-13.00  sec   139 MBytes  1.17 Gbits/sec                  
- - - - - - - - - - - - - - - - - - - - - - - - -
[  6]  13.00-14.00  sec  84.5 MBytes   709 Mbits/sec                  
[  9]  13.00-14.00  sec  51.6 MBytes   433 Mbits/sec                  
[SUM]  13.00-14.00  sec   136 MBytes  1.14 Gbits/sec                  
- - - - - - - - - - - - - - - - - - - - - - - - -
[  6]  14.00-15.00  sec  73.9 MBytes   620 Mbits/sec                  
[  9]  14.00-15.00  sec  35.0 MBytes   294 Mbits/sec                  
[SUM]  14.00-15.00  sec   109 MBytes   914 Mbits/sec                  
- - - - - - - - - - - - - - - - - - - - - - - - -
[  6]  15.00-16.00  sec  96.5 MBytes   810 Mbits/sec                  
[  9]  15.00-16.00  sec  34.4 MBytes   288 Mbits/sec                  
[SUM]  15.00-16.00  sec   131 MBytes  1.10 Gbits/sec                  
- - - - - - - - - - - - - - - - - - - - - - - - -
[  6]  16.00-17.00  sec   102 MBytes   854 Mbits/sec                  
[  9]  16.00-17.00  sec  39.4 MBytes   330 Mbits/sec                  
[SUM]  16.00-17.00  sec   141 MBytes  1.18 Gbits/sec                  
- - - - - - - - - - - - - - - - - - - - - - - - -
[  6]  17.00-18.00  sec  96.9 MBytes   813 Mbits/sec                  
[  9]  17.00-18.00  sec  51.5 MBytes   432 Mbits/sec                  
[SUM]  17.00-18.00  sec   148 MBytes  1.24 Gbits/sec                  
- - - - - - - - - - - - - - - - - - - - - - - - -
[  6]  18.00-19.00  sec  94.6 MBytes   793 Mbits/sec                  
[  9]  18.00-19.00  sec  55.4 MBytes   465 Mbits/sec                  
[SUM]  18.00-19.00  sec   150 MBytes  1.26 Gbits/sec                  
- - - - - - - - - - - - - - - - - - - - - - - - -
[  6]  19.00-20.00  sec   104 MBytes   869 Mbits/sec                  
[  9]  19.00-20.00  sec  47.7 MBytes   400 Mbits/sec                  
[SUM]  19.00-20.00  sec   151 MBytes  1.27 Gbits/sec                  
- - - - - - - - - - - - - - - - - - - - - - - - -
[  6]  20.00-21.00  sec   104 MBytes   872 Mbits/sec                  
[  9]  20.00-21.00  sec  46.9 MBytes   393 Mbits/sec                  
[SUM]  20.00-21.00  sec   151 MBytes  1.27 Gbits/sec                  
- - - - - - - - - - - - - - - - - - - - - - - - -
[  6]  21.00-22.00  sec   102 MBytes   855 Mbits/sec                  
[  9]  21.00-22.00  sec  48.3 MBytes   405 Mbits/sec                  
[SUM]  21.00-22.00  sec   150 MBytes  1.26 Gbits/sec                  
- - - - - - - - - - - - - - - - - - - - - - - - -
[  6]  22.00-23.00  sec   102 MBytes   852 Mbits/sec                  
[  9]  22.00-23.00  sec  52.4 MBytes   440 Mbits/sec                  
[SUM]  22.00-23.00  sec   154 MBytes  1.29 Gbits/sec                  
- - - - - - - - - - - - - - - - - - - - - - - - -
[  6]  23.00-24.00  sec  96.4 MBytes   809 Mbits/sec                  
[  9]  23.00-24.00  sec  53.1 MBytes   445 Mbits/sec                  
[SUM]  23.00-24.00  sec   150 MBytes  1.25 Gbits/sec                  
- - - - - - - - - - - - - - - - - - - - - - - - -
[  6]  24.00-25.00  sec  96.3 MBytes   808 Mbits/sec                  
[  9]  24.00-25.00  sec  54.4 MBytes   457 Mbits/sec                  
[SUM]  24.00-25.00  sec   151 MBytes  1.26 Gbits/sec                  
- - - - - - - - - - - - - - - - - - - - - - - - -
[  6]  25.00-26.00  sec   107 MBytes   894 Mbits/sec                  
[  9]  25.00-26.00  sec  44.8 MBytes   376 Mbits/sec                  
[SUM]  25.00-26.00  sec   151 MBytes  1.27 Gbits/sec                  
- - - - - - - - - - - - - - - - - - - - - - - - -
[  6]  26.00-27.00  sec  94.3 MBytes   791 Mbits/sec                  
[  9]  26.00-27.00  sec  59.1 MBytes   496 Mbits/sec                  
[SUM]  26.00-27.00  sec   153 MBytes  1.29 Gbits/sec                  
- - - - - - - - - - - - - - - - - - - - - - - - -
[  6]  27.00-28.00  sec  93.0 MBytes   780 Mbits/sec                  
[  9]  27.00-28.00  sec  58.8 MBytes   493 Mbits/sec                  
[SUM]  27.00-28.00  sec   152 MBytes  1.27 Gbits/sec                  
- - - - - - - - - - - - - - - - - - - - - - - - -
[  6]  28.00-29.00  sec  99.0 MBytes   831 Mbits/sec                  
[  9]  28.00-29.00  sec  52.8 MBytes   443 Mbits/sec                  
[SUM]  28.00-29.00  sec   152 MBytes  1.27 Gbits/sec                  
- - - - - - - - - - - - - - - - - - - - - - - - -
[  6]  29.00-30.00  sec   103 MBytes   863 Mbits/sec                  
[  9]  29.00-30.00  sec  50.2 MBytes   421 Mbits/sec                  
[SUM]  29.00-30.00  sec   153 MBytes  1.28 Gbits/sec                  
- - - - - - - - - - - - - - - - - - - - - - - - -
[  6]  30.00-31.00  sec   112 MBytes   942 Mbits/sec                  
[  9]  30.00-31.00  sec  42.7 MBytes   358 Mbits/sec                  
[SUM]  30.00-31.00  sec   155 MBytes  1.30 Gbits/sec                  
- - - - - - - - - - - - - - - - - - - - - - - - -
[  6]  31.00-32.00  sec   109 MBytes   915 Mbits/sec                  
[  9]  31.00-32.00  sec  42.4 MBytes   356 Mbits/sec                  
[SUM]  31.00-32.00  sec   152 MBytes  1.27 Gbits/sec                  
- - - - - - - - - - - - - - - - - - - - - - - - -
[  6]  32.00-33.00  sec   120 MBytes  1.01 Gbits/sec                  
[  9]  32.00-33.00  sec  34.4 MBytes   288 Mbits/sec                  
[SUM]  32.00-33.00  sec   154 MBytes  1.29 Gbits/sec                  
- - - - - - - - - - - - - - - - - - - - - - - - -
[  6]  33.00-34.00  sec   124 MBytes  1.04 Gbits/sec                  
[  9]  33.00-34.00  sec  28.6 MBytes   240 Mbits/sec                  
[SUM]  33.00-34.00  sec   152 MBytes  1.28 Gbits/sec                  
- - - - - - - - - - - - - - - - - - - - - - - - -
[  6]  34.00-35.00  sec   129 MBytes  1.08 Gbits/sec                  
[  9]  34.00-35.00  sec  24.7 MBytes   207 Mbits/sec                  
[SUM]  34.00-35.00  sec   154 MBytes  1.29 Gbits/sec                  
- - - - - - - - - - - - - - - - - - - - - - - - -
[  6]  35.00-36.00  sec   130 MBytes  1.09 Gbits/sec                  
[  9]  35.00-36.00  sec  24.6 MBytes   207 Mbits/sec                  
[SUM]  35.00-36.00  sec   155 MBytes  1.30 Gbits/sec                  
- - - - - - - - - - - - - - - - - - - - - - - - -
[  6]  36.00-37.00  sec   121 MBytes  1.02 Gbits/sec                  
[  9]  36.00-37.00  sec  31.9 MBytes   268 Mbits/sec                  
[SUM]  36.00-37.00  sec   153 MBytes  1.28 Gbits/sec                  
- - - - - - - - - - - - - - - - - - - - - - - - -
[  6]  37.00-38.00  sec   118 MBytes   993 Mbits/sec                  
[  9]  37.00-38.00  sec  34.6 MBytes   290 Mbits/sec                  
[SUM]  37.00-38.00  sec   153 MBytes  1.28 Gbits/sec                  
- - - - - - - - - - - - - - - - - - - - - - - - -
[  6]  38.00-39.00  sec   122 MBytes  1.02 Gbits/sec                  
[  9]  38.00-39.00  sec  29.8 MBytes   250 Mbits/sec                  
[SUM]  38.00-39.00  sec   152 MBytes  1.27 Gbits/sec                  
- - - - - - - - - - - - - - - - - - - - - - - - -
[  6]  39.00-40.00  sec   130 MBytes  1.09 Gbits/sec                  
[  9]  39.00-40.00  sec  24.0 MBytes   201 Mbits/sec                  
[SUM]  39.00-40.00  sec   154 MBytes  1.29 Gbits/sec                  
- - - - - - - - - - - - - - - - - - - - - - - - -
[  6]  40.00-41.00  sec   131 MBytes  1.10 Gbits/sec                  
[  9]  40.00-41.00  sec  22.3 MBytes   187 Mbits/sec                  
[SUM]  40.00-41.00  sec   154 MBytes  1.29 Gbits/sec                  
- - - - - - - - - - - - - - - - - - - - - - - - -
[  6]  41.00-42.00  sec   135 MBytes  1.13 Gbits/sec                  
[  9]  41.00-42.00  sec  21.2 MBytes   177 Mbits/sec                  
[SUM]  41.00-42.00  sec   156 MBytes  1.31 Gbits/sec                  
- - - - - - - - - - - - - - - - - - - - - - - - -
[  6]  42.00-43.00  sec   139 MBytes  1.17 Gbits/sec                  
[  9]  42.00-43.00  sec  19.6 MBytes   164 Mbits/sec                  
[SUM]  42.00-43.00  sec   159 MBytes  1.33 Gbits/sec                  
- - - - - - - - - - - - - - - - - - - - - - - - -
[  6]  43.00-44.00  sec   137 MBytes  1.15 Gbits/sec                  
[  9]  43.00-44.00  sec  20.8 MBytes   175 Mbits/sec                  
[SUM]  43.00-44.00  sec   158 MBytes  1.32 Gbits/sec                  
- - - - - - - - - - - - - - - - - - - - - - - - -
[  6]  44.00-45.00  sec   132 MBytes  1.11 Gbits/sec                  
[  9]  44.00-45.00  sec  25.4 MBytes   213 Mbits/sec                  
[SUM]  44.00-45.00  sec   158 MBytes  1.32 Gbits/sec                  
- - - - - - - - - - - - - - - - - - - - - - - - -
[  6]  45.00-46.00  sec   123 MBytes  1.03 Gbits/sec                  
[  9]  45.00-46.00  sec  27.8 MBytes   233 Mbits/sec                  
[SUM]  45.00-46.00  sec   151 MBytes  1.26 Gbits/sec                  
- - - - - - - - - - - - - - - - - - - - - - - - -
[  6]  46.00-47.00  sec   127 MBytes  1.07 Gbits/sec                  
[  9]  46.00-47.00  sec  24.9 MBytes   209 Mbits/sec                  
[SUM]  46.00-47.00  sec   152 MBytes  1.28 Gbits/sec                  
- - - - - - - - - - - - - - - - - - - - - - - - -
[  6]  47.00-48.00  sec   135 MBytes  1.13 Gbits/sec                  
[  9]  47.00-48.00  sec  19.9 MBytes   167 Mbits/sec                  
[SUM]  47.00-48.00  sec   155 MBytes  1.30 Gbits/sec                  
- - - - - - - - - - - - - - - - - - - - - - - - -
[  6]  48.00-49.00  sec   136 MBytes  1.14 Gbits/sec                  
[  9]  48.00-49.00  sec  18.3 MBytes   153 Mbits/sec                  
[SUM]  48.00-49.00  sec   155 MBytes  1.30 Gbits/sec                  
- - - - - - - - - - - - - - - - - - - - - - - - -
[  6]  49.00-50.00  sec   143 MBytes  1.20 Gbits/sec                  
[  9]  49.00-50.00  sec  15.9 MBytes   133 Mbits/sec                  
[SUM]  49.00-50.00  sec   159 MBytes  1.34 Gbits/sec                  
- - - - - - - - - - - - - - - - - - - - - - - - -
[  6]  50.00-51.00  sec   143 MBytes  1.20 Gbits/sec                  
[  9]  50.00-51.00  sec  13.9 MBytes   117 Mbits/sec                  
[SUM]  50.00-51.00  sec   157 MBytes  1.32 Gbits/sec                  
- - - - - - - - - - - - - - - - - - - - - - - - -
[  6]  51.00-52.00  sec   140 MBytes  1.18 Gbits/sec                  
[  9]  51.00-52.00  sec  18.4 MBytes   154 Mbits/sec                  
[SUM]  51.00-52.00  sec   158 MBytes  1.33 Gbits/sec                  
- - - - - - - - - - - - - - - - - - - - - - - - -
[  6]  52.00-53.00  sec   133 MBytes  1.11 Gbits/sec                  
[  9]  52.00-53.00  sec  22.4 MBytes   188 Mbits/sec                  
[SUM]  52.00-53.00  sec   155 MBytes  1.30 Gbits/sec                  
- - - - - - - - - - - - - - - - - - - - - - - - -
[  6]  53.00-54.00  sec   132 MBytes  1.11 Gbits/sec                  
[  9]  53.00-54.00  sec  23.4 MBytes   197 Mbits/sec                  
[SUM]  53.00-54.00  sec   155 MBytes  1.30 Gbits/sec                  
- - - - - - - - - - - - - - - - - - - - - - - - -
[  6]  54.00-55.00  sec   141 MBytes  1.18 Gbits/sec                  
[  9]  54.00-55.00  sec  19.8 MBytes   166 Mbits/sec                  
[SUM]  54.00-55.00  sec   161 MBytes  1.35 Gbits/sec                  
- - - - - - - - - - - - - - - - - - - - - - - - -
[  6]  55.00-56.00  sec   135 MBytes  1.13 Gbits/sec                  
[  9]  55.00-56.00  sec  21.6 MBytes   181 Mbits/sec                  
[SUM]  55.00-56.00  sec   157 MBytes  1.31 Gbits/sec                  
- - - - - - - - - - - - - - - - - - - - - - - - -
[  6]  56.00-57.00  sec   130 MBytes  1.09 Gbits/sec                  
[  9]  56.00-57.00  sec  27.1 MBytes   227 Mbits/sec                  
[SUM]  56.00-57.00  sec   157 MBytes  1.32 Gbits/sec                  
- - - - - - - - - - - - - - - - - - - - - - - - -
[  6]  57.00-58.00  sec   122 MBytes  1.02 Gbits/sec                  
[  9]  57.00-58.00  sec  30.4 MBytes   255 Mbits/sec                  
[SUM]  57.00-58.00  sec   152 MBytes  1.28 Gbits/sec                  
- - - - - - - - - - - - - - - - - - - - - - - - -
[  6]  58.00-59.00  sec   122 MBytes  1.03 Gbits/sec                  
[  9]  58.00-59.00  sec  32.3 MBytes   271 Mbits/sec                  
[SUM]  58.00-59.00  sec   155 MBytes  1.30 Gbits/sec                  
- - - - - - - - - - - - - - - - - - - - - - - - -
[  6]  59.00-60.00  sec   124 MBytes  1.04 Gbits/sec                  
[  9]  59.00-60.00  sec  27.7 MBytes   233 Mbits/sec                  
[SUM]  59.00-60.00  sec   152 MBytes  1.28 Gbits/sec                  
- - - - - - - - - - - - - - - - - - - - - - - - -
[  6]  60.00-61.00  sec   122 MBytes  1.02 Gbits/sec                  
[  9]  60.00-61.00  sec  30.9 MBytes   260 Mbits/sec                  
[SUM]  60.00-61.00  sec   153 MBytes  1.28 Gbits/sec                  
- - - - - - - - - - - - - - - - - - - - - - - - -
[  6]  61.00-62.00  sec   118 MBytes   994 Mbits/sec                  
[  9]  61.00-62.00  sec  34.7 MBytes   291 Mbits/sec                  
[SUM]  61.00-62.00  sec   153 MBytes  1.28 Gbits/sec                  
- - - - - - - - - - - - - - - - - - - - - - - - -
[  6]  62.00-63.00  sec   113 MBytes   950 Mbits/sec                  
[  9]  62.00-63.00  sec  36.7 MBytes   308 Mbits/sec                  
[SUM]  62.00-63.00  sec   150 MBytes  1.26 Gbits/sec                  
- - - - - - - - - - - - - - - - - - - - - - - - -
[  6]  63.00-64.00  sec   101 MBytes   847 Mbits/sec                  
[  9]  63.00-64.00  sec  50.2 MBytes   421 Mbits/sec                  
[SUM]  63.00-64.00  sec   151 MBytes  1.27 Gbits/sec                  
- - - - - - - - - - - - - - - - - - - - - - - - -
[  6]  64.00-65.00  sec  98.6 MBytes   827 Mbits/sec                  
[  9]  64.00-65.00  sec  52.1 MBytes   437 Mbits/sec                  
[SUM]  64.00-65.00  sec   151 MBytes  1.26 Gbits/sec                  
- - - - - - - - - - - - - - - - - - - - - - - - -
[  6]  65.00-66.00  sec  99.6 MBytes   835 Mbits/sec                  
[  9]  65.00-66.00  sec  53.6 MBytes   450 Mbits/sec                  
[SUM]  65.00-66.00  sec   153 MBytes  1.28 Gbits/sec                  
- - - - - - - - - - - - - - - - - - - - - - - - -
[  6]  66.00-67.00  sec   105 MBytes   878 Mbits/sec                  
[  9]  66.00-67.00  sec  42.9 MBytes   360 Mbits/sec                  
[SUM]  66.00-67.00  sec   148 MBytes  1.24 Gbits/sec                  
- - - - - - - - - - - - - - - - - - - - - - - - -
[  6]  67.00-68.00  sec   104 MBytes   875 Mbits/sec                  
[  9]  67.00-68.00  sec  44.9 MBytes   377 Mbits/sec                  
[SUM]  67.00-68.00  sec   149 MBytes  1.25 Gbits/sec                  
- - - - - - - - - - - - - - - - - - - - - - - - -
[  6]  68.00-69.00  sec   103 MBytes   866 Mbits/sec                  
[  9]  68.00-69.00  sec  47.5 MBytes   398 Mbits/sec                  
[SUM]  68.00-69.00  sec   151 MBytes  1.26 Gbits/sec                  
- - - - - - - - - - - - - - - - - - - - - - - - -
[  6]  69.00-70.00  sec   101 MBytes   845 Mbits/sec                  
[  9]  69.00-70.00  sec  49.5 MBytes   415 Mbits/sec                  
[SUM]  69.00-70.00  sec   150 MBytes  1.26 Gbits/sec                  
- - - - - - - - - - - - - - - - - - - - - - - - -
[  6]  70.00-71.00  sec   100 MBytes   839 Mbits/sec                  
[  9]  70.00-71.00  sec  47.8 MBytes   401 Mbits/sec                  
[SUM]  70.00-71.00  sec   148 MBytes  1.24 Gbits/sec                  
- - - - - - - - - - - - - - - - - - - - - - - - -
[  6]  71.00-72.00  sec   112 MBytes   936 Mbits/sec                  
[  9]  71.00-72.00  sec  44.2 MBytes   371 Mbits/sec                  
[SUM]  71.00-72.00  sec   156 MBytes  1.31 Gbits/sec                  
- - - - - - - - - - - - - - - - - - - - - - - - -
[  6]  72.00-73.00  sec   115 MBytes   962 Mbits/sec                  
[  9]  72.00-73.00  sec  40.0 MBytes   335 Mbits/sec                  
[SUM]  72.00-73.00  sec   155 MBytes  1.30 Gbits/sec                  
- - - - - - - - - - - - - - - - - - - - - - - - -
[  6]  73.00-74.00  sec   115 MBytes   967 Mbits/sec                  
[  9]  73.00-74.00  sec  35.2 MBytes   295 Mbits/sec                  
[SUM]  73.00-74.00  sec   150 MBytes  1.26 Gbits/sec                  
- - - - - - - - - - - - - - - - - - - - - - - - -
[  6]  74.00-75.00  sec   122 MBytes  1.02 Gbits/sec                  
[  9]  74.00-75.00  sec  29.2 MBytes   245 Mbits/sec                  
[SUM]  74.00-75.00  sec   151 MBytes  1.27 Gbits/sec                  
- - - - - - - - - - - - - - - - - - - - - - - - -
[  6]  75.00-76.00  sec   130 MBytes  1.09 Gbits/sec                  
[  9]  75.00-76.00  sec  23.2 MBytes   195 Mbits/sec                  
[SUM]  75.00-76.00  sec   153 MBytes  1.29 Gbits/sec                  
- - - - - - - - - - - - - - - - - - - - - - - - -
[  6]  76.00-77.00  sec   135 MBytes  1.14 Gbits/sec                  
[  9]  76.00-77.00  sec  21.0 MBytes   176 Mbits/sec                  
[SUM]  76.00-77.00  sec   156 MBytes  1.31 Gbits/sec                  
- - - - - - - - - - - - - - - - - - - - - - - - -
[  6]  77.00-78.00  sec   131 MBytes  1.10 Gbits/sec                  
[  9]  77.00-78.00  sec  23.9 MBytes   201 Mbits/sec                  
[SUM]  77.00-78.00  sec   155 MBytes  1.30 Gbits/sec                  
- - - - - - - - - - - - - - - - - - - - - - - - -
[  6]  78.00-79.00  sec   124 MBytes  1.04 Gbits/sec                  
[  9]  78.00-79.00  sec  30.6 MBytes   256 Mbits/sec                  
[SUM]  78.00-79.00  sec   155 MBytes  1.30 Gbits/sec                  
- - - - - - - - - - - - - - - - - - - - - - - - -
[  6]  79.00-80.00  sec   121 MBytes  1.02 Gbits/sec                  
[  9]  79.00-80.00  sec  33.3 MBytes   279 Mbits/sec                  
[SUM]  79.00-80.00  sec   155 MBytes  1.30 Gbits/sec                  
- - - - - - - - - - - - - - - - - - - - - - - - -
[  6]  80.00-80.04  sec  4.54 MBytes   954 Mbits/sec                  
[  9]  80.00-80.04  sec  1.27 MBytes   267 Mbits/sec                  
[SUM]  80.00-80.04  sec  5.80 MBytes  1.22 Gbits/sec                  
- - - - - - - - - - - - - - - - - - - - - - - - -
[ ID] Interval           Transfer     Bitrate
[  6]   0.00-80.04  sec  8.48 GBytes   910 Mbits/sec                  receiver
[  9]   0.00-80.04  sec  3.22 GBytes   346 Mbits/sec                  receiver
[SUM]   0.00-80.04  sec  11.7 GBytes  1.26 Gbits/sec                  receiver
-----------------------------------------------------------
Server listening on 5201
-----------------------------------------------------------
iperf3: interrupt - the server has terminated
